{"numTotalTestSuites":262,"numPassedTestSuites":262,"numFailedTestSuites":0,"numPendingTestSuites":0,"numTotalTests":588,"numPassedTests":588,"numFailedTests":0,"numPendingTests":0,"numTodoTests":0,"startTime":1762577176683,"success":true,"testResults":[{"assertionResults":[{"ancestorTitles":["","DashboardLayout"],"fullName":" DashboardLayout signs out and navigates to login when the header button is clicked","status":"passed","title":"signs out and navigates to login when the header button is clicked","duration":177,"failureMessages":[]}],"startTime":1762577249887,"endTime":1762577250064,"status":"passed","message":"","name":"D:/Code/Casual-Academic-Time-Allocation-Management-System/frontend/src/components/DashboardLayout.test.tsx"},{"assertionResults":[{"ancestorTitles":["","LoginPage Component Tests","Rendering and Initial State"],"fullName":" LoginPage Component Tests Rendering and Initial State renders login form with all required elements","status":"passed","title":"renders login form with all required elements","duration":138,"failureMessages":[]},{"ancestorTitles":["","LoginPage Component Tests","Rendering and Initial State"],"fullName":" LoginPage Component Tests Rendering and Initial State submit button is initially disabled when form is empty","status":"passed","title":"submit button is initially disabled when form is empty","duration":17,"failureMessages":[]},{"ancestorTitles":["","LoginPage Component Tests","Form Validation"],"fullName":" LoginPage Component Tests Form Validation validates email format in real-time using HTML5 validation","status":"passed","title":"validates email format in real-time using HTML5 validation","duration":288,"failureMessages":[]},{"ancestorTitles":["","LoginPage Component Tests","Form Validation"],"fullName":" LoginPage Component Tests Form Validation accepts valid email format","status":"passed","title":"accepts valid email format","duration":279,"failureMessages":[]},{"ancestorTitles":["","LoginPage Component Tests","Form Validation"],"fullName":" LoginPage Component Tests Form Validation submit button remains disabled until both email and password are provided","status":"passed","title":"submit button remains disabled until both email and password are provided","duration":959,"failureMessages":[]},{"ancestorTitles":["","LoginPage Component Tests","Form Validation"],"fullName":" LoginPage Component Tests Form Validation clears error message when user starts typing","status":"passed","title":"clears error message when user starts typing","duration":756,"failureMessages":[]},{"ancestorTitles":["","LoginPage Component Tests","Loading State"],"fullName":" LoginPage Component Tests Loading State shows loading state when form is submitted","status":"passed","title":"shows loading state when form is submitted","duration":687,"failureMessages":[]},{"ancestorTitles":["","LoginPage Component Tests","Successful Login"],"fullName":" LoginPage Component Tests Successful Login handles successful API response correctly","status":"passed","title":"handles successful API response correctly","duration":753,"failureMessages":[]},{"ancestorTitles":["","LoginPage Component Tests","Successful Login"],"fullName":" LoginPage Component Tests Successful Login form is cleared after successful login","status":"passed","title":"form is cleared after successful login","duration":629,"failureMessages":[]},{"ancestorTitles":["","LoginPage Component Tests","Failed Login"],"fullName":" LoginPage Component Tests Failed Login handles API error response gracefully with specific error message","status":"passed","title":"handles API error response gracefully with specific error message","duration":657,"failureMessages":[]},{"ancestorTitles":["","LoginPage Component Tests","Failed Login"],"fullName":" LoginPage Component Tests Failed Login handles API error without specific message","status":"passed","title":"handles API error without specific message","duration":512,"failureMessages":[]},{"ancestorTitles":["","LoginPage Component Tests","Failed Login"],"fullName":" LoginPage Component Tests Failed Login handles non-axios errors gracefully","status":"passed","title":"handles non-axios errors gracefully","duration":563,"failureMessages":[]},{"ancestorTitles":["","LoginPage Component Tests","Authentication State Integration"],"fullName":" LoginPage Component Tests Authentication State Integration renders login form when no authentication data is present","status":"passed","title":"renders login form when no authentication data is present","duration":22,"failureMessages":[]},{"ancestorTitles":["","LoginPage Component Tests","Authentication State Integration"],"fullName":" LoginPage Component Tests Authentication State Integration respects \"from\" location for redirect after login","status":"passed","title":"respects \"from\" location for redirect after login","duration":648,"failureMessages":[]},{"ancestorTitles":["","LoginPage Component Tests","Accessibility"],"fullName":" LoginPage Component Tests Accessibility form has proper labels and accessibility attributes","status":"passed","title":"form has proper labels and accessibility attributes","duration":9,"failureMessages":[]},{"ancestorTitles":["","LoginPage Component Tests","Accessibility"],"fullName":" LoginPage Component Tests Accessibility error messages are properly associated with the form","status":"passed","title":"error messages are properly associated with the form","duration":511,"failureMessages":[]}],"startTime":1762577189414,"endTime":1762577196843,"status":"passed","message":"","name":"D:/Code/Casual-Academic-Time-Allocation-Management-System/frontend/src/components/LoginPage.test.tsx"},{"assertionResults":[{"ancestorTitles":["","Unified Configuration System","Configuration Loading"],"fullName":" Unified Configuration System Configuration Loading should load default configuration successfully","status":"passed","title":"should load default configuration successfully","duration":3,"failureMessages":[]},{"ancestorTitles":["","Unified Configuration System","Configuration Loading"],"fullName":" Unified Configuration System Configuration Loading should return same instance on multiple calls (singleton)","status":"passed","title":"should return same instance on multiple calls (singleton)","duration":1,"failureMessages":[]},{"ancestorTitles":["","Unified Configuration System","Configuration Loading"],"fullName":" Unified Configuration System Configuration Loading should reset configuration when resetConfig is called","status":"passed","title":"should reset configuration when resetConfig is called","duration":2,"failureMessages":[]},{"ancestorTitles":["","Unified Configuration System","API Configuration"],"fullName":" Unified Configuration System API Configuration should have valid API base URL","status":"passed","title":"should have valid API base URL","duration":1,"failureMessages":[]},{"ancestorTitles":["","Unified Configuration System","API Configuration"],"fullName":" Unified Configuration System API Configuration should have appropriate timeout values","status":"passed","title":"should have appropriate timeout values","duration":0,"failureMessages":[]},{"ancestorTitles":["","Unified Configuration System","API Configuration"],"fullName":" Unified Configuration System API Configuration should have all required endpoints defined","status":"passed","title":"should have all required endpoints defined","duration":1,"failureMessages":[]},{"ancestorTitles":["","Unified Configuration System","API Configuration"],"fullName":" Unified Configuration System API Configuration should use E2E URL in E2E environment","status":"passed","title":"should use E2E URL in E2E environment","duration":0,"failureMessages":[]},{"ancestorTitles":["","Unified Configuration System","API Configuration"],"fullName":" Unified Configuration System API Configuration should use test URL in test environment","status":"passed","title":"should use test URL in test environment","duration":1,"failureMessages":[]},{"ancestorTitles":["","Unified Configuration System","Security Configuration"],"fullName":" Unified Configuration System Security Configuration should have valid security settings","status":"passed","title":"should have valid security settings","duration":0,"failureMessages":[]},{"ancestorTitles":["","Unified Configuration System","Security Configuration"],"fullName":" Unified Configuration System Security Configuration should have sensitive data patterns defined","status":"passed","title":"should have sensitive data patterns defined","duration":1,"failureMessages":[]},{"ancestorTitles":["","Unified Configuration System","Security Configuration"],"fullName":" Unified Configuration System Security Configuration should adjust session timeout for production","status":"passed","title":"should adjust session timeout for production","duration":0,"failureMessages":[]},{"ancestorTitles":["","Unified Configuration System","Performance Configuration"],"fullName":" Unified Configuration System Performance Configuration should have performance settings defined","status":"passed","title":"should have performance settings defined","duration":0,"failureMessages":[]},{"ancestorTitles":["","Unified Configuration System","Performance Configuration"],"fullName":" Unified Configuration System Performance Configuration should enable caching in production","status":"passed","title":"should enable caching in production","duration":0,"failureMessages":[]},{"ancestorTitles":["","Unified Configuration System","Feature Flags"],"fullName":" Unified Configuration System Feature Flags should have feature flags defined","status":"passed","title":"should have feature flags defined","duration":0,"failureMessages":[]},{"ancestorTitles":["","Unified Configuration System","Feature Flags"],"fullName":" Unified Configuration System Feature Flags should enable all features in development","status":"passed","title":"should enable all features in development","duration":1,"failureMessages":[]},{"ancestorTitles":["","Unified Configuration System","Feature Flags"],"fullName":" Unified Configuration System Feature Flags should have conservative features in E2E environment","status":"passed","title":"should have conservative features in E2E environment","duration":0,"failureMessages":[]},{"ancestorTitles":["","Unified Configuration System","Helper Functions"],"fullName":" Unified Configuration System Helper Functions should check if feature is enabled correctly","status":"passed","title":"should check if feature is enabled correctly","duration":0,"failureMessages":[]},{"ancestorTitles":["","Unified Configuration System","Helper Functions"],"fullName":" Unified Configuration System Helper Functions should generate API endpoint URLs correctly","status":"passed","title":"should generate API endpoint URLs correctly","duration":1,"failureMessages":[]},{"ancestorTitles":["","Unified Configuration System","Helper Functions"],"fullName":" Unified Configuration System Helper Functions should get nested endpoints correctly","status":"passed","title":"should get nested endpoints correctly","duration":0,"failureMessages":[]},{"ancestorTitles":["","Unified Configuration System","Helper Functions"],"fullName":" Unified Configuration System Helper Functions should throw error for invalid endpoint paths","status":"passed","title":"should throw error for invalid endpoint paths","duration":1,"failureMessages":[]},{"ancestorTitles":["","Unified Configuration System","Configuration Validation"],"fullName":" Unified Configuration System Configuration Validation should validate configuration successfully","status":"passed","title":"should validate configuration successfully","duration":0,"failureMessages":[]},{"ancestorTitles":["","Unified Configuration System","Configuration Validation"],"fullName":" Unified Configuration System Configuration Validation should fail validation with invalid API base URL","status":"passed","title":"should fail validation with invalid API base URL","duration":0,"failureMessages":[]},{"ancestorTitles":["","Unified Configuration System","App Configuration"],"fullName":" Unified Configuration System App Configuration should have app metadata defined","status":"passed","title":"should have app metadata defined","duration":1,"failureMessages":[]},{"ancestorTitles":["","Unified Configuration System","App Configuration"],"fullName":" Unified Configuration System App Configuration should have valid email format for support email","status":"passed","title":"should have valid email format for support email","duration":0,"failureMessages":[]}],"startTime":1762577216524,"endTime":1762577216540,"status":"passed","message":"","name":"D:/Code/Casual-Academic-Time-Allocation-Management-System/frontend/src/config/unified-config.test.ts"},{"assertionResults":[{"ancestorTitles":["","TimesheetService CRUD Operations","getTimesheets"],"fullName":" TimesheetService CRUD Operations getTimesheets should fetch timesheets with default parameters","status":"passed","title":"should fetch timesheets with default parameters","duration":5,"failureMessages":[]},{"ancestorTitles":["","TimesheetService CRUD Operations","getTimesheets"],"fullName":" TimesheetService CRUD Operations getTimesheets should fetch timesheets with custom query parameters","status":"passed","title":"should fetch timesheets with custom query parameters","duration":1,"failureMessages":[]},{"ancestorTitles":["","TimesheetService CRUD Operations","getTimesheets"],"fullName":" TimesheetService CRUD Operations getTimesheets should handle missing pageInfo","status":"passed","title":"should handle missing pageInfo","duration":0,"failureMessages":[]},{"ancestorTitles":["","TimesheetService CRUD Operations","getPendingTimesheets"],"fullName":" TimesheetService CRUD Operations getPendingTimesheets should fetch pending timesheets for lecturer approval","status":"passed","title":"should fetch pending timesheets for lecturer approval","duration":1,"failureMessages":[]},{"ancestorTitles":["","TimesheetService CRUD Operations","getTimesheetsByTutor"],"fullName":" TimesheetService CRUD Operations getTimesheetsByTutor should fetch timesheets by tutor ID","status":"passed","title":"should fetch timesheets by tutor ID","duration":1,"failureMessages":[]},{"ancestorTitles":["","TimesheetService CRUD Operations","getTimesheet"],"fullName":" TimesheetService CRUD Operations getTimesheet should fetch single timesheet by ID","status":"passed","title":"should fetch single timesheet by ID","duration":0,"failureMessages":[]},{"ancestorTitles":["","TimesheetService CRUD Operations","quoteTimesheet"],"fullName":" TimesheetService CRUD Operations quoteTimesheet should fetch quote with provided payload","status":"passed","title":"should fetch quote with provided payload","duration":19,"failureMessages":[]},{"ancestorTitles":["","TimesheetService CRUD Operations","quoteTimesheet"],"fullName":" TimesheetService CRUD Operations quoteTimesheet should forward abort signal to API client","status":"passed","title":"should forward abort signal to API client","duration":1,"failureMessages":[]},{"ancestorTitles":["","TimesheetService CRUD Operations","createTimesheet"],"fullName":" TimesheetService CRUD Operations createTimesheet should create new timesheet","status":"passed","title":"should create new timesheet","duration":0,"failureMessages":[]},{"ancestorTitles":["","TimesheetService CRUD Operations","updateTimesheet"],"fullName":" TimesheetService CRUD Operations updateTimesheet should update existing timesheet","status":"passed","title":"should update existing timesheet","duration":1,"failureMessages":[]},{"ancestorTitles":["","TimesheetService CRUD Operations","deleteTimesheet"],"fullName":" TimesheetService CRUD Operations deleteTimesheet should delete timesheet","status":"passed","title":"should delete timesheet","duration":0,"failureMessages":[]},{"ancestorTitles":["","TimesheetService Approval Operations","approveTimesheet"],"fullName":" TimesheetService Approval Operations approveTimesheet should approve timesheet with comments","status":"passed","title":"should approve timesheet with comments","duration":1,"failureMessages":[]},{"ancestorTitles":["","TimesheetService Approval Operations","approveTimesheet"],"fullName":" TimesheetService Approval Operations approveTimesheet should reject timesheet with reason","status":"passed","title":"should reject timesheet with reason","duration":0,"failureMessages":[]},{"ancestorTitles":["","TimesheetService Approval Operations","batchApproveTimesheets"],"fullName":" TimesheetService Approval Operations batchApproveTimesheets should batch approve multiple timesheets","status":"passed","title":"should batch approve multiple timesheets","duration":1,"failureMessages":[]},{"ancestorTitles":["","TimesheetService Approval Operations","batchApproveTimesheets"],"fullName":" TimesheetService Approval Operations batchApproveTimesheets should handle partial failures in batch approval","status":"passed","title":"should handle partial failures in batch approval","duration":2,"failureMessages":[]},{"ancestorTitles":["","TimesheetService EA-compliant endpoints"],"fullName":" TimesheetService EA-compliant endpoints getMyTimesheets should call /api/timesheets/me and normalize array","status":"passed","title":"getMyTimesheets should call /api/timesheets/me and normalize array","duration":0,"failureMessages":[]},{"ancestorTitles":["","TimesheetService EA-compliant endpoints"],"fullName":" TimesheetService EA-compliant endpoints getMyPendingTimesheets should use /pending-final-approval for LECTURER role","status":"passed","title":"getMyPendingTimesheets should use /pending-final-approval for LECTURER role","duration":1,"failureMessages":[]},{"ancestorTitles":["","TimesheetService EA-compliant endpoints"],"fullName":" TimesheetService EA-compliant endpoints getMyPendingTimesheets should use /pending-approval for TUTOR role","status":"passed","title":"getMyPendingTimesheets should use /pending-approval for TUTOR role","duration":0,"failureMessages":[]},{"ancestorTitles":["","TimesheetService EA-compliant endpoints"],"fullName":" TimesheetService EA-compliant endpoints getMyPendingTimesheets should use /pending-approval for ADMIN role","status":"passed","title":"getMyPendingTimesheets should use /pending-approval for ADMIN role","duration":1,"failureMessages":[]},{"ancestorTitles":["","TimesheetService EA-compliant endpoints"],"fullName":" TimesheetService EA-compliant endpoints getMyPendingTimesheets should default to /pending-approval when no token","status":"passed","title":"getMyPendingTimesheets should default to /pending-approval when no token","duration":0,"failureMessages":[]},{"ancestorTitles":["","TimesheetService EA-compliant endpoints"],"fullName":" TimesheetService EA-compliant endpoints confirmTimesheet should PUT to /api/timesheets/{id}/confirm","status":"passed","title":"confirmTimesheet should PUT to /api/timesheets/{id}/confirm","duration":1,"failureMessages":[]},{"ancestorTitles":["","TimesheetService EA-compliant endpoints"],"fullName":" TimesheetService EA-compliant endpoints getApprovalHistory should call /api/approvals/history/{id}","status":"passed","title":"getApprovalHistory should call /api/approvals/history/{id}","duration":0,"failureMessages":[]},{"ancestorTitles":["","TimesheetService EA-compliant endpoints"],"fullName":" TimesheetService EA-compliant endpoints getPendingApprovals should call /api/approvals/pending and normalize payload","status":"passed","title":"getPendingApprovals should call /api/approvals/pending and normalize payload","duration":0,"failureMessages":[]},{"ancestorTitles":["","TimesheetService EA-compliant endpoints"],"fullName":" TimesheetService EA-compliant endpoints getPendingApprovals should treat 403 as empty queue (admin scope)","status":"passed","title":"getPendingApprovals should treat 403 as empty queue (admin scope)","duration":1,"failureMessages":[]},{"ancestorTitles":["","TimesheetService Dashboard Operations","getDashboardSummary"],"fullName":" TimesheetService Dashboard Operations getDashboardSummary should fetch user dashboard summary","status":"passed","title":"should fetch user dashboard summary","duration":0,"failureMessages":[]},{"ancestorTitles":["","TimesheetService Dashboard Operations","getAdminDashboardSummary"],"fullName":" TimesheetService Dashboard Operations getAdminDashboardSummary should fetch admin dashboard summary","status":"passed","title":"should fetch admin dashboard summary","duration":0,"failureMessages":[]},{"ancestorTitles":["","TimesheetService Utility Methods","calculateTotalHours"],"fullName":" TimesheetService Utility Methods calculateTotalHours should calculate total hours correctly","status":"passed","title":"should calculate total hours correctly","duration":0,"failureMessages":[]},{"ancestorTitles":["","TimesheetService Utility Methods","calculateTotalHours"],"fullName":" TimesheetService Utility Methods calculateTotalHours should handle empty array","status":"passed","title":"should handle empty array","duration":0,"failureMessages":[]},{"ancestorTitles":["","TimesheetService Utility Methods","calculateTotalPay"],"fullName":" TimesheetService Utility Methods calculateTotalPay should calculate total pay correctly","status":"passed","title":"should calculate total pay correctly","duration":1,"failureMessages":[]},{"ancestorTitles":["","TimesheetService Utility Methods","calculateTotalPay"],"fullName":" TimesheetService Utility Methods calculateTotalPay should handle empty array","status":"passed","title":"should handle empty array","duration":0,"failureMessages":[]},{"ancestorTitles":["","TimesheetService Utility Methods","groupByStatus"],"fullName":" TimesheetService Utility Methods groupByStatus should group timesheets by status","status":"passed","title":"should group timesheets by status","duration":0,"failureMessages":[]},{"ancestorTitles":["","TimesheetService Utility Methods","groupByStatus"],"fullName":" TimesheetService Utility Methods groupByStatus should handle empty array","status":"passed","title":"should handle empty array","duration":1,"failureMessages":[]},{"ancestorTitles":["","TimesheetService Utility Methods","filterByDateRange"],"fullName":" TimesheetService Utility Methods filterByDateRange should filter timesheets by date range","status":"passed","title":"should filter timesheets by date range","duration":0,"failureMessages":[]},{"ancestorTitles":["","TimesheetService Utility Methods","filterByDateRange"],"fullName":" TimesheetService Utility Methods filterByDateRange should handle inclusive date range","status":"passed","title":"should handle inclusive date range","duration":0,"failureMessages":[]},{"ancestorTitles":["","TimesheetService Utility Methods","getActionableTimesheets"],"fullName":" TimesheetService Utility Methods getActionableTimesheets should return actionable timesheets for LECTURER","status":"passed","title":"should return actionable timesheets for LECTURER","duration":1,"failureMessages":[]},{"ancestorTitles":["","TimesheetService Utility Methods","getActionableTimesheets"],"fullName":" TimesheetService Utility Methods getActionableTimesheets should return actionable timesheets for ADMIN","status":"passed","title":"should return actionable timesheets for ADMIN","duration":0,"failureMessages":[]},{"ancestorTitles":["","TimesheetService Utility Methods","getActionableTimesheets"],"fullName":" TimesheetService Utility Methods getActionableTimesheets should return actionable timesheets for TUTOR","status":"passed","title":"should return actionable timesheets for TUTOR","duration":0,"failureMessages":[]},{"ancestorTitles":["","TimesheetService Utility Methods","getActionableTimesheets"],"fullName":" TimesheetService Utility Methods getActionableTimesheets should return empty array for unknown role","status":"passed","title":"should return empty array for unknown role","duration":0,"failureMessages":[]},{"ancestorTitles":["","TimesheetService Validation","validateTimesheet"],"fullName":" TimesheetService Validation validateTimesheet should pass validation for valid timesheet","status":"passed","title":"should pass validation for valid timesheet","duration":0,"failureMessages":[]},{"ancestorTitles":["","TimesheetService Validation","validateTimesheet"],"fullName":" TimesheetService Validation validateTimesheet should validate tutorId","status":"passed","title":"should validate tutorId","duration":1,"failureMessages":[]},{"ancestorTitles":["","TimesheetService Validation","validateTimesheet"],"fullName":" TimesheetService Validation validateTimesheet should validate courseId","status":"passed","title":"should validate courseId","duration":0,"failureMessages":[]},{"ancestorTitles":["","TimesheetService Validation","validateTimesheet"],"fullName":" TimesheetService Validation validateTimesheet should validate weekStartDate","status":"passed","title":"should validate weekStartDate","duration":0,"failureMessages":[]},{"ancestorTitles":["","TimesheetService Validation","validateTimesheet"],"fullName":" TimesheetService Validation validateTimesheet should validate sessionDate","status":"passed","title":"should validate sessionDate","duration":0,"failureMessages":[]},{"ancestorTitles":["","TimesheetService Validation","validateTimesheet"],"fullName":" TimesheetService Validation validateTimesheet should validate delivery hours range","status":"passed","title":"should validate delivery hours range","duration":0,"failureMessages":[]},{"ancestorTitles":["","TimesheetService Validation","validateTimesheet"],"fullName":" TimesheetService Validation validateTimesheet should validate task type","status":"passed","title":"should validate task type","duration":0,"failureMessages":[]},{"ancestorTitles":["","TimesheetService Validation","validateTimesheet"],"fullName":" TimesheetService Validation validateTimesheet should validate qualification","status":"passed","title":"should validate qualification","duration":0,"failureMessages":[]},{"ancestorTitles":["","TimesheetService Validation","validateTimesheet"],"fullName":" TimesheetService Validation validateTimesheet should validate description","status":"passed","title":"should validate description","duration":0,"failureMessages":[]},{"ancestorTitles":["","TimesheetService Validation","validateTimesheet"],"fullName":" TimesheetService Validation validateTimesheet should return multiple validation errors","status":"passed","title":"should return multiple validation errors","duration":1,"failureMessages":[]},{"ancestorTitles":["","TimesheetService Error Handling"],"fullName":" TimesheetService Error Handling should propagate API errors","status":"passed","title":"should propagate API errors","duration":0,"failureMessages":[]},{"ancestorTitles":["","TimesheetService Error Handling"],"fullName":" TimesheetService Error Handling should handle malformed API responses","status":"passed","title":"should handle malformed API responses","duration":1,"failureMessages":[]},{"ancestorTitles":["","TimesheetService Error Handling"],"fullName":" TimesheetService Error Handling should handle undefined responses gracefully","status":"passed","title":"should handle undefined responses gracefully","duration":0,"failureMessages":[]},{"ancestorTitles":["","TimesheetService Integration"],"fullName":" TimesheetService Integration should handle real-world workflow","status":"passed","title":"should handle real-world workflow","duration":2,"failureMessages":[]}],"startTime":1762577178041,"endTime":1762577178088,"status":"passed","message":"","name":"D:/Code/Casual-Academic-Time-Allocation-Management-System/frontend/src/services/timesheets.test.ts"},{"assertionResults":[{"ancestorTitles":["","Cleanup System Validation","Core Cleanup Registry"],"fullName":" Cleanup System Validation Core Cleanup Registry should register and execute cleanup functions in LIFO order","status":"passed","title":"should register and execute cleanup functions in LIFO order","duration":2,"failureMessages":[]},{"ancestorTitles":["","Cleanup System Validation","Core Cleanup Registry"],"fullName":" Cleanup System Validation Core Cleanup Registry should handle async cleanup functions correctly","status":"passed","title":"should handle async cleanup functions correctly","duration":19,"failureMessages":[]},{"ancestorTitles":["","Cleanup System Validation","Core Cleanup Registry"],"fullName":" Cleanup System Validation Core Cleanup Registry should collect errors but continue cleanup execution","status":"passed","title":"should collect errors but continue cleanup execution","duration":11,"failureMessages":[]},{"ancestorTitles":["","Cleanup System Validation","Resource-Specific Cleanup Helpers"],"fullName":" Cleanup System Validation Resource-Specific Cleanup Helpers should register HTTP server cleanup correctly","status":"passed","title":"should register HTTP server cleanup correctly","duration":2,"failureMessages":[]},{"ancestorTitles":["","Cleanup System Validation","Resource-Specific Cleanup Helpers"],"fullName":" Cleanup System Validation Resource-Specific Cleanup Helpers should register database cleanup for multiple DB types","status":"passed","title":"should register database cleanup for multiple DB types","duration":1,"failureMessages":[]},{"ancestorTitles":["","Cleanup System Validation","Resource-Specific Cleanup Helpers"],"fullName":" Cleanup System Validation Resource-Specific Cleanup Helpers should register cache cleanup (Redis/etc)","status":"passed","title":"should register cache cleanup (Redis/etc)","duration":0,"failureMessages":[]},{"ancestorTitles":["","Cleanup System Validation","Resource-Specific Cleanup Helpers"],"fullName":" Cleanup System Validation Resource-Specific Cleanup Helpers should register queue cleanup (BullMQ/AMQP)","status":"passed","title":"should register queue cleanup (BullMQ/AMQP)","duration":1,"failureMessages":[]},{"ancestorTitles":["","Cleanup System Validation","Resource-Specific Cleanup Helpers"],"fullName":" Cleanup System Validation Resource-Specific Cleanup Helpers should register browser automation cleanup","status":"passed","title":"should register browser automation cleanup","duration":1,"failureMessages":[]},{"ancestorTitles":["","Cleanup System Validation","Resource-Specific Cleanup Helpers"],"fullName":" Cleanup System Validation Resource-Specific Cleanup Helpers should register worker threads cleanup","status":"passed","title":"should register worker threads cleanup","duration":0,"failureMessages":[]},{"ancestorTitles":["","Cleanup System Validation","Resource-Specific Cleanup Helpers"],"fullName":" Cleanup System Validation Resource-Specific Cleanup Helpers should register timer cleanup","status":"passed","title":"should register timer cleanup","duration":1,"failureMessages":[]},{"ancestorTitles":["","Cleanup System Validation","Resource-Specific Cleanup Helpers"],"fullName":" Cleanup System Validation Resource-Specific Cleanup Helpers should register AbortController cleanup","status":"passed","title":"should register AbortController cleanup","duration":1,"failureMessages":[]},{"ancestorTitles":["","Cleanup System Validation","Resource-Specific Cleanup Helpers"],"fullName":" Cleanup System Validation Resource-Specific Cleanup Helpers should register file watcher cleanup","status":"passed","title":"should register file watcher cleanup","duration":1,"failureMessages":[]},{"ancestorTitles":["","Cleanup System Validation","Process Management"],"fullName":" Cleanup System Validation Process Management should create managed processes with cleanup registration","status":"passed","title":"should create managed processes with cleanup registration","duration":1391,"failureMessages":[]},{"ancestorTitles":["","Cleanup System Validation","Process Management"],"fullName":" Cleanup System Validation Process Management should have port cleanup functionality","status":"passed","title":"should have port cleanup functionality","duration":1,"failureMessages":[]},{"ancestorTitles":["","Cleanup System Validation","Process Management"],"fullName":" Cleanup System Validation Process Management should have Claude Code preflight cleanup","status":"passed","title":"should have Claude Code preflight cleanup","duration":1178,"failureMessages":[]},{"ancestorTitles":["","Cleanup System Validation","Handle Monitoring Integration"],"fullName":" Cleanup System Validation Handle Monitoring Integration should create handle monitors with proper configuration","status":"passed","title":"should create handle monitors with proper configuration","duration":1005,"failureMessages":[]},{"ancestorTitles":["","Cleanup System Validation","Handle Monitoring Integration"],"fullName":" Cleanup System Validation Handle Monitoring Integration should detect and report handle leaks appropriately","status":"passed","title":"should detect and report handle leaks appropriately","duration":111,"failureMessages":[]},{"ancestorTitles":["","Cleanup System Validation","Configuration Compliance"],"fullName":" Cleanup System Validation Configuration Compliance should have proper vitest configuration for single fork execution","status":"passed","title":"should have proper vitest configuration for single fork execution","duration":0,"failureMessages":[]},{"ancestorTitles":["","Cleanup System Validation","Configuration Compliance"],"fullName":" Cleanup System Validation Configuration Compliance should support debug mode through environment variables","status":"passed","title":"should support debug mode through environment variables","duration":1,"failureMessages":[]},{"ancestorTitles":["","Cleanup System Validation","Configuration Compliance"],"fullName":" Cleanup System Validation Configuration Compliance should support CI mode for strict error handling","status":"passed","title":"should support CI mode for strict error handling","duration":0,"failureMessages":[]},{"ancestorTitles":["","Cleanup System Validation","Requirement Compliance Validation"],"fullName":" Cleanup System Validation Requirement Compliance Validation should implement two-layer defense: internal + session cleanup","status":"passed","title":"should implement two-layer defense: internal + session cleanup","duration":0,"failureMessages":[]},{"ancestorTitles":["","Cleanup System Validation","Requirement Compliance Validation"],"fullName":" Cleanup System Validation Requirement Compliance Validation should handle all specified resource types","status":"passed","title":"should handle all specified resource types","duration":0,"failureMessages":[]},{"ancestorTitles":["","Cleanup System Validation","Requirement Compliance Validation"],"fullName":" Cleanup System Validation Requirement Compliance Validation should prevent resource accumulation in Claude Code sessions","status":"passed","title":"should prevent resource accumulation in Claude Code sessions","duration":1,"failureMessages":[]},{"ancestorTitles":["","Cleanup System Validation","Requirement Compliance Validation"],"fullName":" Cleanup System Validation Requirement Compliance Validation should support CI failure on resource leaks","status":"passed","title":"should support CI failure on resource leaks","duration":0,"failureMessages":[]}],"startTime":1762577210232,"endTime":1762577213960,"status":"passed","message":"","name":"D:/Code/Casual-Academic-Time-Allocation-Management-System/frontend/src/test-utils/cleanup-system.test.ts"},{"assertionResults":[{"ancestorTitles":["","Real-World Cleanup Scenarios","HTTP Server Testing Patterns"],"fullName":" Real-World Cleanup Scenarios HTTP Server Testing Patterns should handle supertest pattern (no app.listen)","status":"passed","title":"should handle supertest pattern (no app.listen)","duration":1,"failureMessages":[]},{"ancestorTitles":["","Real-World Cleanup Scenarios","HTTP Server Testing Patterns"],"fullName":" Real-World Cleanup Scenarios HTTP Server Testing Patterns should handle server.listen pattern with proper cleanup","status":"passed","title":"should handle server.listen pattern with proper cleanup","duration":23,"failureMessages":[]},{"ancestorTitles":["","Real-World Cleanup Scenarios","HTTP Server Testing Patterns"],"fullName":" Real-World Cleanup Scenarios HTTP Server Testing Patterns should handle random port assignment to avoid conflicts","status":"passed","title":"should handle random port assignment to avoid conflicts","duration":2,"failureMessages":[]},{"ancestorTitles":["","Real-World Cleanup Scenarios","Timer and Interval Patterns"],"fullName":" Real-World Cleanup Scenarios Timer and Interval Patterns should clean up setInterval timers that cause hanging","status":"passed","title":"should clean up setInterval timers that cause hanging","duration":1,"failureMessages":[]},{"ancestorTitles":["","Real-World Cleanup Scenarios","Timer and Interval Patterns"],"fullName":" Real-World Cleanup Scenarios Timer and Interval Patterns should handle setTimeout cleanup","status":"passed","title":"should handle setTimeout cleanup","duration":0,"failureMessages":[]},{"ancestorTitles":["","Real-World Cleanup Scenarios","Timer and Interval Patterns"],"fullName":" Real-World Cleanup Scenarios Timer and Interval Patterns should handle fake timers (jest/sinon style)","status":"passed","title":"should handle fake timers (jest/sinon style)","duration":2,"failureMessages":[]},{"ancestorTitles":["","Real-World Cleanup Scenarios","AbortController and Long-Running Operations"],"fullName":" Real-World Cleanup Scenarios AbortController and Long-Running Operations should handle AbortController cleanup for fetch requests","status":"passed","title":"should handle AbortController cleanup for fetch requests","duration":2,"failureMessages":[]},{"ancestorTitles":["","Real-World Cleanup Scenarios","AbortController and Long-Running Operations"],"fullName":" Real-World Cleanup Scenarios AbortController and Long-Running Operations should handle timeout-based AbortController","status":"passed","title":"should handle timeout-based AbortController","duration":0,"failureMessages":[]},{"ancestorTitles":["","Real-World Cleanup Scenarios","Process and Child Process Patterns"],"fullName":" Real-World Cleanup Scenarios Process and Child Process Patterns should handle child_process spawning pattern","status":"passed","title":"should handle child_process spawning pattern","duration":1012,"failureMessages":[]},{"ancestorTitles":["","Real-World Cleanup Scenarios","Process and Child Process Patterns"],"fullName":" Real-World Cleanup Scenarios Process and Child Process Patterns should handle worker_threads cleanup","status":"passed","title":"should handle worker_threads cleanup","duration":1,"failureMessages":[]},{"ancestorTitles":["","Real-World Cleanup Scenarios","File System Watcher Patterns"],"fullName":" Real-World Cleanup Scenarios File System Watcher Patterns should handle fs.watch cleanup","status":"passed","title":"should handle fs.watch cleanup","duration":0,"failureMessages":[]},{"ancestorTitles":["","Real-World Cleanup Scenarios","File System Watcher Patterns"],"fullName":" Real-World Cleanup Scenarios File System Watcher Patterns should handle chokidar watcher cleanup","status":"passed","title":"should handle chokidar watcher cleanup","duration":1,"failureMessages":[]},{"ancestorTitles":["","Real-World Cleanup Scenarios","Database Connection Patterns"],"fullName":" Real-World Cleanup Scenarios Database Connection Patterns should handle Prisma cleanup","status":"passed","title":"should handle Prisma cleanup","duration":0,"failureMessages":[]},{"ancestorTitles":["","Real-World Cleanup Scenarios","Database Connection Patterns"],"fullName":" Real-World Cleanup Scenarios Database Connection Patterns should handle TypeORM DataSource cleanup","status":"passed","title":"should handle TypeORM DataSource cleanup","duration":1,"failureMessages":[]},{"ancestorTitles":["","Real-World Cleanup Scenarios","Database Connection Patterns"],"fullName":" Real-World Cleanup Scenarios Database Connection Patterns should handle connection pool cleanup","status":"passed","title":"should handle connection pool cleanup","duration":0,"failureMessages":[]},{"ancestorTitles":["","Real-World Cleanup Scenarios","Message Queue and Caching Patterns"],"fullName":" Real-World Cleanup Scenarios Message Queue and Caching Patterns should handle Redis cleanup","status":"passed","title":"should handle Redis cleanup","duration":0,"failureMessages":[]},{"ancestorTitles":["","Real-World Cleanup Scenarios","Message Queue and Caching Patterns"],"fullName":" Real-World Cleanup Scenarios Message Queue and Caching Patterns should handle BullMQ cleanup","status":"passed","title":"should handle BullMQ cleanup","duration":0,"failureMessages":[]},{"ancestorTitles":["","Real-World Cleanup Scenarios","Message Queue and Caching Patterns"],"fullName":" Real-World Cleanup Scenarios Message Queue and Caching Patterns should handle AMQP connection cleanup","status":"passed","title":"should handle AMQP connection cleanup","duration":0,"failureMessages":[]},{"ancestorTitles":["","Real-World Cleanup Scenarios","Browser Automation Cleanup"],"fullName":" Real-World Cleanup Scenarios Browser Automation Cleanup should handle Playwright cleanup","status":"passed","title":"should handle Playwright cleanup","duration":1,"failureMessages":[]},{"ancestorTitles":["","Real-World Cleanup Scenarios","Browser Automation Cleanup"],"fullName":" Real-World Cleanup Scenarios Browser Automation Cleanup should handle Puppeteer cleanup","status":"passed","title":"should handle Puppeteer cleanup","duration":0,"failureMessages":[]},{"ancestorTitles":["","Real-World Cleanup Scenarios","Claude Code Session Simulation"],"fullName":" Real-World Cleanup Scenarios Claude Code Session Simulation should prevent resource accumulation across multiple operations","status":"passed","title":"should prevent resource accumulation across multiple operations","duration":1,"failureMessages":[]},{"ancestorTitles":["","Real-World Cleanup Scenarios","Claude Code Session Simulation"],"fullName":" Real-World Cleanup Scenarios Claude Code Session Simulation should handle mixed resource types in single operation","status":"passed","title":"should handle mixed resource types in single operation","duration":1,"failureMessages":[]}],"startTime":1762577199642,"endTime":1762577200692,"status":"passed","message":"","name":"D:/Code/Casual-Academic-Time-Allocation-Management-System/frontend/src/test-utils/real-world-scenarios.test.ts"},{"assertionResults":[{"ancestorTitles":["","storage-keys utilities","STORAGE_KEYS constants"],"fullName":" storage-keys utilities STORAGE_KEYS constants should define TOKEN key correctly","status":"passed","title":"should define TOKEN key correctly","duration":2,"failureMessages":[]},{"ancestorTitles":["","storage-keys utilities","STORAGE_KEYS constants"],"fullName":" storage-keys utilities STORAGE_KEYS constants should define USER key correctly","status":"passed","title":"should define USER key correctly","duration":0,"failureMessages":[]},{"ancestorTitles":["","storage-keys utilities","STORAGE_KEYS constants"],"fullName":" storage-keys utilities STORAGE_KEYS constants should define REFRESH_TOKEN key correctly","status":"passed","title":"should define REFRESH_TOKEN key correctly","duration":1,"failureMessages":[]},{"ancestorTitles":["","storage-keys utilities","STORAGE_KEYS constants"],"fullName":" storage-keys utilities STORAGE_KEYS constants should define TOKEN_EXPIRY key correctly","status":"passed","title":"should define TOKEN_EXPIRY key correctly","duration":0,"failureMessages":[]},{"ancestorTitles":["","storage-keys utilities","STORAGE_KEYS constants"],"fullName":" storage-keys utilities STORAGE_KEYS constants should have immutable structure with as const","status":"passed","title":"should have immutable structure with as const","duration":2,"failureMessages":[]},{"ancestorTitles":["","storage-keys utilities","STORAGE_KEYS constants"],"fullName":" storage-keys utilities STORAGE_KEYS constants should contain exactly 4 keys","status":"passed","title":"should contain exactly 4 keys","duration":2,"failureMessages":[]},{"ancestorTitles":["","storage-keys utilities","STORAGE_KEYS constants"],"fullName":" storage-keys utilities STORAGE_KEYS constants should have consistent values across access patterns","status":"passed","title":"should have consistent values across access patterns","duration":0,"failureMessages":[]},{"ancestorTitles":["","storage-keys utilities","StorageKey type"],"fullName":" storage-keys utilities StorageKey type should accept valid storage key values","status":"passed","title":"should accept valid storage key values","duration":0,"failureMessages":[]},{"ancestorTitles":["","storage-keys utilities","StorageKey type"],"fullName":" storage-keys utilities StorageKey type should match STORAGE_KEYS values","status":"passed","title":"should match STORAGE_KEYS values","duration":1,"failureMessages":[]},{"ancestorTitles":["","storage-keys utilities","Integration scenarios"],"fullName":" storage-keys utilities Integration scenarios should be usable in localStorage operations","status":"passed","title":"should be usable in localStorage operations","duration":4,"failureMessages":[]},{"ancestorTitles":["","storage-keys utilities","Integration scenarios"],"fullName":" storage-keys utilities Integration scenarios should prevent key duplication across different contexts","status":"passed","title":"should prevent key duplication across different contexts","duration":0,"failureMessages":[]},{"ancestorTitles":["","storage-keys utilities","Integration scenarios"],"fullName":" storage-keys utilities Integration scenarios should maintain consistency for production/test usage","status":"passed","title":"should maintain consistency for production/test usage","duration":1,"failureMessages":[]},{"ancestorTitles":["","storage-keys utilities","Error prevention"],"fullName":" storage-keys utilities Error prevention should not have empty or undefined keys","status":"passed","title":"should not have empty or undefined keys","duration":0,"failureMessages":[]},{"ancestorTitles":["","storage-keys utilities","Error prevention"],"fullName":" storage-keys utilities Error prevention should not have whitespace-only keys","status":"passed","title":"should not have whitespace-only keys","duration":1,"failureMessages":[]},{"ancestorTitles":["","storage-keys utilities","Error prevention"],"fullName":" storage-keys utilities Error prevention should use reasonable key lengths","status":"passed","title":"should use reasonable key lengths","duration":0,"failureMessages":[]}],"startTime":1762577240128,"endTime":1762577240143,"status":"passed","message":"","name":"D:/Code/Casual-Academic-Time-Allocation-Management-System/frontend/src/utils/storage-keys.test.ts"},{"assertionResults":[{"ancestorTitles":["","validation utilities","validateEmail"],"fullName":" validation utilities validateEmail should validate correct emails","status":"passed","title":"should validate correct emails","duration":3,"failureMessages":[]},{"ancestorTitles":["","validation utilities","validateEmail"],"fullName":" validation utilities validateEmail should reject empty email","status":"passed","title":"should reject empty email","duration":1,"failureMessages":[]},{"ancestorTitles":["","validation utilities","validateEmail"],"fullName":" validation utilities validateEmail should reject invalid email formats","status":"passed","title":"should reject invalid email formats","duration":0,"failureMessages":[]},{"ancestorTitles":["","validation utilities","validateEmail"],"fullName":" validation utilities validateEmail should reject emails that are too long","status":"passed","title":"should reject emails that are too long","duration":0,"failureMessages":[]},{"ancestorTitles":["","validation utilities","validatePassword"],"fullName":" validation utilities validatePassword should validate strong passwords","status":"passed","title":"should validate strong passwords","duration":0,"failureMessages":[]},{"ancestorTitles":["","validation utilities","validatePassword"],"fullName":" validation utilities validatePassword should reject empty password","status":"passed","title":"should reject empty password","duration":1,"failureMessages":[]},{"ancestorTitles":["","validation utilities","validatePassword"],"fullName":" validation utilities validatePassword should reject short passwords","status":"passed","title":"should reject short passwords","duration":0,"failureMessages":[]},{"ancestorTitles":["","validation utilities","validatePassword"],"fullName":" validation utilities validatePassword should reject passwords without uppercase","status":"passed","title":"should reject passwords without uppercase","duration":0,"failureMessages":[]},{"ancestorTitles":["","validation utilities","validatePassword"],"fullName":" validation utilities validatePassword should reject passwords without lowercase","status":"passed","title":"should reject passwords without lowercase","duration":0,"failureMessages":[]},{"ancestorTitles":["","validation utilities","validatePassword"],"fullName":" validation utilities validatePassword should reject passwords without numbers","status":"passed","title":"should reject passwords without numbers","duration":0,"failureMessages":[]},{"ancestorTitles":["","validation utilities","validatePassword"],"fullName":" validation utilities validatePassword should reject passwords that are too long","status":"passed","title":"should reject passwords that are too long","duration":1,"failureMessages":[]},{"ancestorTitles":["","validation utilities","validateHours"],"fullName":" validation utilities validateHours should validate correct hours","status":"passed","title":"should validate correct hours","duration":0,"failureMessages":[]},{"ancestorTitles":["","validation utilities","validateHours"],"fullName":" validation utilities validateHours should reject NaN values","status":"passed","title":"should reject NaN values","duration":0,"failureMessages":[]},{"ancestorTitles":["","validation utilities","validateHours"],"fullName":" validation utilities validateHours should reject hours below minimum","status":"passed","title":"should reject hours below minimum","duration":1,"failureMessages":[]},{"ancestorTitles":["","validation utilities","validateHours"],"fullName":" validation utilities validateHours should reject hours above maximum","status":"passed","title":"should reject hours above maximum","duration":0,"failureMessages":[]},{"ancestorTitles":["","validation utilities","validateHourlyRate"],"fullName":" validation utilities validateHourlyRate should validate correct rates","status":"passed","title":"should validate correct rates","duration":0,"failureMessages":[]},{"ancestorTitles":["","validation utilities","validateHourlyRate"],"fullName":" validation utilities validateHourlyRate should reject NaN values","status":"passed","title":"should reject NaN values","duration":1,"failureMessages":[]},{"ancestorTitles":["","validation utilities","validateHourlyRate"],"fullName":" validation utilities validateHourlyRate should reject zero or negative rates","status":"passed","title":"should reject zero or negative rates","duration":0,"failureMessages":[]},{"ancestorTitles":["","validation utilities","validateHourlyRate"],"fullName":" validation utilities validateHourlyRate should reject rates above maximum","status":"passed","title":"should reject rates above maximum","duration":0,"failureMessages":[]},{"ancestorTitles":["","validation utilities","validateDescription"],"fullName":" validation utilities validateDescription should validate correct descriptions","status":"passed","title":"should validate correct descriptions","duration":1,"failureMessages":[]},{"ancestorTitles":["","validation utilities","validateDescription"],"fullName":" validation utilities validateDescription should reject empty description","status":"passed","title":"should reject empty description","duration":0,"failureMessages":[]},{"ancestorTitles":["","validation utilities","validateDescription"],"fullName":" validation utilities validateDescription should reject whitespace-only description","status":"passed","title":"should reject whitespace-only description","duration":0,"failureMessages":[]},{"ancestorTitles":["","validation utilities","validateDescription"],"fullName":" validation utilities validateDescription should reject descriptions that are too long","status":"passed","title":"should reject descriptions that are too long","duration":0,"failureMessages":[]},{"ancestorTitles":["","validation utilities","validateDate"],"fullName":" validation utilities validateDate should validate correct dates","status":"passed","title":"should validate correct dates","duration":1,"failureMessages":[]},{"ancestorTitles":["","validation utilities","validateDate"],"fullName":" validation utilities validateDate should reject empty date","status":"passed","title":"should reject empty date","duration":0,"failureMessages":[]},{"ancestorTitles":["","validation utilities","validateDate"],"fullName":" validation utilities validateDate should reject invalid date formats","status":"passed","title":"should reject invalid date formats","duration":0,"failureMessages":[]},{"ancestorTitles":["","validation utilities","validateDate"],"fullName":" validation utilities validateDate should reject dates too far in the past","status":"passed","title":"should reject dates too far in the past","duration":1,"failureMessages":[]},{"ancestorTitles":["","validation utilities","validateDate"],"fullName":" validation utilities validateDate should reject dates too far in the future","status":"passed","title":"should reject dates too far in the future","duration":0,"failureMessages":[]},{"ancestorTitles":["","validation utilities","validateWeekStartDate"],"fullName":" validation utilities validateWeekStartDate should validate Monday dates","status":"passed","title":"should validate Monday dates","duration":0,"failureMessages":[]},{"ancestorTitles":["","validation utilities","validateWeekStartDate"],"fullName":" validation utilities validateWeekStartDate should reject non-Monday dates","status":"passed","title":"should reject non-Monday dates","duration":0,"failureMessages":[]},{"ancestorTitles":["","validation utilities","validateWeekStartDate"],"fullName":" validation utilities validateWeekStartDate should reject invalid dates","status":"passed","title":"should reject invalid dates","duration":1,"failureMessages":[]},{"ancestorTitles":["","validation utilities","validateRequired"],"fullName":" validation utilities validateRequired should validate non-empty values","status":"passed","title":"should validate non-empty values","duration":0,"failureMessages":[]},{"ancestorTitles":["","validation utilities","validateRequired"],"fullName":" validation utilities validateRequired should reject null and undefined","status":"passed","title":"should reject null and undefined","duration":0,"failureMessages":[]},{"ancestorTitles":["","validation utilities","validateRequired"],"fullName":" validation utilities validateRequired should reject empty strings","status":"passed","title":"should reject empty strings","duration":0,"failureMessages":[]},{"ancestorTitles":["","validation utilities","validateRequired"],"fullName":" validation utilities validateRequired should reject whitespace-only strings","status":"passed","title":"should reject whitespace-only strings","duration":0,"failureMessages":[]}],"startTime":1762577217768,"endTime":1762577217781,"status":"passed","message":"","name":"D:/Code/Casual-Academic-Time-Allocation-Management-System/frontend/src/utils/validation.test.ts"},{"assertionResults":[{"ancestorTitles":["","AdminUsersPage – edit tutor assignments"],"fullName":" AdminUsersPage – edit tutor assignments opens Edit User modal and persists course assignments via admin endpoint","status":"passed","title":"opens Edit User modal and persists course assignments via admin endpoint","duration":413,"failureMessages":[]}],"startTime":1762577251454,"endTime":1762577251867,"status":"passed","message":"","name":"D:/Code/Casual-Academic-Time-Allocation-Management-System/frontend/src/features/admin-users/AdminUsersPage.edit-assignments.test.tsx"},{"assertionResults":[{"ancestorTitles":["","AdminUsersPage – edit lecturer assignments"],"fullName":" AdminUsersPage – edit lecturer assignments persists lecturer course assignments via admin endpoint","status":"passed","title":"persists lecturer course assignments via admin endpoint","duration":369,"failureMessages":[]}],"startTime":1762577256052,"endTime":1762577256421,"status":"passed","message":"","name":"D:/Code/Casual-Academic-Time-Allocation-Management-System/frontend/src/features/admin-users/AdminUsersPage.edit-lecturer-assignments.test.tsx"},{"assertionResults":[{"ancestorTitles":["","AdminUsersPage"],"fullName":" AdminUsersPage renders secure password field in create modal","status":"passed","title":"renders secure password field in create modal","duration":323,"failureMessages":[]},{"ancestorTitles":["","AdminUsersPage"],"fullName":" AdminUsersPage shows user status and action buttons","status":"passed","title":"shows user status and action buttons","duration":37,"failureMessages":[]},{"ancestorTitles":["","AdminUsersPage"],"fullName":" AdminUsersPage sends deactivate request with correct payload","status":"passed","title":"sends deactivate request with correct payload","duration":118,"failureMessages":[]}],"startTime":1762577241127,"endTime":1762577241605,"status":"passed","message":"","name":"D:/Code/Casual-Academic-Time-Allocation-Management-System/frontend/src/features/admin-users/AdminUsersPage.test.tsx"},{"assertionResults":[{"ancestorTitles":["","MyTimesheets"],"fullName":" MyTimesheets uses server-side pagination when page info is available","status":"passed","title":"uses server-side pagination when page info is available","duration":440,"failureMessages":[]},{"ancestorTitles":["","MyTimesheets"],"fullName":" MyTimesheets falls back to client-side pagination when page info is missing","status":"passed","title":"falls back to client-side pagination when page info is missing","duration":515,"failureMessages":[]}],"startTime":1762577244865,"endTime":1762577245820,"status":"passed","message":"","name":"D:/Code/Casual-Academic-Time-Allocation-Management-System/frontend/src/features/timesheets/MyTimesheets.test.tsx"},{"assertionResults":[{"ancestorTitles":["","useAdminPendingApprovals"],"fullName":" useAdminPendingApprovals calls getPendingApprovals on mount","status":"passed","title":"calls getPendingApprovals on mount","duration":94,"failureMessages":[]}],"startTime":1762577262070,"endTime":1762577262164,"status":"passed","message":"","name":"D:/Code/Casual-Academic-Time-Allocation-Management-System/frontend/src/hooks/timesheets/useAdminPendingApprovals.test.tsx"},{"assertionResults":[{"ancestorTitles":["","usePendingTimesheets"],"fullName":" usePendingTimesheets fetches pending timesheets on mount","status":"passed","title":"fetches pending timesheets on mount","duration":108,"failureMessages":[]},{"ancestorTitles":["","usePendingTimesheets"],"fullName":" usePendingTimesheets provides a refetch helper","status":"passed","title":"provides a refetch helper","duration":75,"failureMessages":[]},{"ancestorTitles":["","usePendingTimesheets"],"fullName":" usePendingTimesheets handles unauthenticated users without issuing requests","status":"passed","title":"handles unauthenticated users without issuing requests","duration":46,"failureMessages":[]},{"ancestorTitles":["","usePendingTimesheets"],"fullName":" usePendingTimesheets fetches lecturer pending timesheets using correct endpoint","status":"passed","title":"fetches lecturer pending timesheets using correct endpoint","duration":79,"failureMessages":[]}],"startTime":1762577238470,"endTime":1762577238778,"status":"passed","message":"","name":"D:/Code/Casual-Academic-Time-Allocation-Management-System/frontend/src/hooks/timesheets/usePendingTimesheets.test.tsx"},{"assertionResults":[{"ancestorTitles":["","useTimesheetApproval"],"fullName":" useTimesheetApproval initializes with idle state","status":"passed","title":"initializes with idle state","duration":25,"failureMessages":[]},{"ancestorTitles":["","useTimesheetApproval"],"fullName":" useTimesheetApproval approves a single timesheet","status":"passed","title":"approves a single timesheet","duration":6,"failureMessages":[]},{"ancestorTitles":["","useTimesheetApproval"],"fullName":" useTimesheetApproval surfaces approval failures","status":"passed","title":"surfaces approval failures","duration":14,"failureMessages":[]},{"ancestorTitles":["","useTimesheetApproval"],"fullName":" useTimesheetApproval batch approves multiple requests","status":"passed","title":"batch approves multiple requests","duration":5,"failureMessages":[]},{"ancestorTitles":["","useTimesheetApproval"],"fullName":" useTimesheetApproval handles batch approval failures","status":"passed","title":"handles batch approval failures","duration":10,"failureMessages":[]}],"startTime":1762577243250,"endTime":1762577243310,"status":"passed","message":"","name":"D:/Code/Casual-Academic-Time-Allocation-Management-System/frontend/src/hooks/timesheets/useTimesheetApproval.test.tsx"},{"assertionResults":[{"ancestorTitles":["","useTimesheetCreate error mapping"],"fullName":" useTimesheetCreate error mapping maps 403/ AUTHORIZATION_FAILED to assignment guidance message","status":"passed","title":"maps 403/ AUTHORIZATION_FAILED to assignment guidance message","duration":30,"failureMessages":[]},{"ancestorTitles":["","useTimesheetCreate error mapping"],"fullName":" useTimesheetCreate error mapping maps 400 VALIDATION_FAILED to payload message when present","status":"passed","title":"maps 400 VALIDATION_FAILED to payload message when present","duration":13,"failureMessages":[]}],"startTime":1762577253242,"endTime":1762577253285,"status":"passed","message":"","name":"D:/Code/Casual-Academic-Time-Allocation-Management-System/frontend/src/hooks/timesheets/useTimesheetCreate.mapping.test.tsx"},{"assertionResults":[{"ancestorTitles":["","useTimesheetCreate"],"fullName":" useTimesheetCreate creates a timesheet when validation passes","status":"passed","title":"creates a timesheet when validation passes","duration":26,"failureMessages":[]},{"ancestorTitles":["","useTimesheetCreate"],"fullName":" useTimesheetCreate raises validation errors","status":"passed","title":"raises validation errors","duration":13,"failureMessages":[]},{"ancestorTitles":["","useTimesheetCreate"],"fullName":" useTimesheetCreate handles API failures","status":"passed","title":"handles API failures","duration":16,"failureMessages":[]},{"ancestorTitles":["","useTimesheetCreate"],"fullName":" useTimesheetCreate maps 409 RESOURCE_CONFLICT to friendly message","status":"passed","title":"maps 409 RESOURCE_CONFLICT to friendly message","duration":15,"failureMessages":[]},{"ancestorTitles":["","useTimesheetCreate"],"fullName":" useTimesheetCreate can reset mutation state","status":"passed","title":"can reset mutation state","duration":32,"failureMessages":[]}],"startTime":1762577239490,"endTime":1762577239593,"status":"passed","message":"","name":"D:/Code/Casual-Academic-Time-Allocation-Management-System/frontend/src/hooks/timesheets/useTimesheetCreate.test.tsx"},{"assertionResults":[{"ancestorTitles":["","useTimesheetDashboardSummary"],"fullName":" useTimesheetDashboardSummary fetches on mount and allows manual refetch","status":"passed","title":"fetches on mount and allows manual refetch","duration":117,"failureMessages":[]}],"startTime":1762577257821,"endTime":1762577257938,"status":"passed","message":"","name":"D:/Code/Casual-Academic-Time-Allocation-Management-System/frontend/src/hooks/timesheets/useTimesheetDashboardSummary.test.tsx"},{"assertionResults":[{"ancestorTitles":["","useTimesheetFilters"],"fullName":" useTimesheetFilters returns actionable timesheets for the supplied role","status":"passed","title":"returns actionable timesheets for the supplied role","duration":24,"failureMessages":[]},{"ancestorTitles":["","useTimesheetFilters"],"fullName":" useTimesheetFilters returns an empty list when no role is provided","status":"passed","title":"returns an empty list when no role is provided","duration":1,"failureMessages":[]},{"ancestorTitles":["","useTimesheetFilters"],"fullName":" useTimesheetFilters exposes the legacy actionable hook","status":"passed","title":"exposes the legacy actionable hook","duration":2,"failureMessages":[]},{"ancestorTitles":["","useTimesheetFilters"],"fullName":" useTimesheetFilters memoizes results when dependencies remain stable","status":"passed","title":"memoizes results when dependencies remain stable","duration":2,"failureMessages":[]}],"startTime":1762577254648,"endTime":1762577254678,"status":"passed","message":"","name":"D:/Code/Casual-Academic-Time-Allocation-Management-System/frontend/src/hooks/timesheets/useTimesheetFilters.test.tsx"},{"assertionResults":[{"ancestorTitles":["","useTimesheetQuery"],"fullName":" useTimesheetQuery fetches timesheets on mount when authenticated","status":"passed","title":"fetches timesheets on mount when authenticated","duration":26,"failureMessages":[]},{"ancestorTitles":["","useTimesheetQuery"],"fullName":" useTimesheetQuery derives pagination metadata from responses","status":"passed","title":"derives pagination metadata from responses","duration":70,"failureMessages":[]},{"ancestorTitles":["","useTimesheetQuery"],"fullName":" useTimesheetQuery does not fetch when user is not authenticated","status":"passed","title":"does not fetch when user is not authenticated","duration":124,"failureMessages":[]},{"ancestorTitles":["","useTimesheetQuery"],"fullName":" useTimesheetQuery surfaces fetch errors","status":"passed","title":"surfaces fetch errors","duration":79,"failureMessages":[]},{"ancestorTitles":["","useTimesheetQuery"],"fullName":" useTimesheetQuery updates query and refetches data","status":"passed","title":"updates query and refetches data","duration":93,"failureMessages":[]},{"ancestorTitles":["","useTimesheetQuery"],"fullName":" useTimesheetQuery serves cached results for identical queries","status":"passed","title":"serves cached results for identical queries","duration":140,"failureMessages":[]},{"ancestorTitles":["","useTimesheetQuery"],"fullName":" useTimesheetQuery refresh clears cache and triggers a new request","status":"passed","title":"refresh clears cache and triggers a new request","duration":91,"failureMessages":[]},{"ancestorTitles":["","useTimesheetQuery"],"fullName":" useTimesheetQuery clears cached data when refetching","status":"passed","title":"clears cached data when refetching","duration":94,"failureMessages":[]},{"ancestorTitles":["","useTimesheetQuery"],"fullName":" useTimesheetQuery handles authentication changes gracefully","status":"passed","title":"handles authentication changes gracefully","duration":91,"failureMessages":[]},{"ancestorTitles":["","useTimesheetQuery"],"fullName":" useTimesheetQuery ignores aborted requests","status":"passed","title":"ignores aborted requests","duration":63,"failureMessages":[]},{"ancestorTitles":["","useTimesheetQuery"],"fullName":" useTimesheetQuery ignores axios canceled requests (ERR_CANCELED)","status":"passed","title":"ignores axios canceled requests (ERR_CANCELED)","duration":63,"failureMessages":[]},{"ancestorTitles":["","useTimesheetQuery"],"fullName":" useTimesheetQuery uses generic getTimesheets for all roles including TUTOR","status":"passed","title":"uses generic getTimesheets for all roles including TUTOR","duration":15,"failureMessages":[]}],"startTime":1762577226092,"endTime":1762577227041,"status":"passed","message":"","name":"D:/Code/Casual-Academic-Time-Allocation-Management-System/frontend/src/hooks/timesheets/useTimesheetQuery.test.ts"},{"assertionResults":[{"ancestorTitles":["","useTimesheetStats"],"fullName":" useTimesheetStats derives statistics from the provided timesheets","status":"passed","title":"derives statistics from the provided timesheets","duration":21,"failureMessages":[]},{"ancestorTitles":["","useTimesheetStats"],"fullName":" useTimesheetStats returns zeroed stats for empty collections","status":"passed","title":"returns zeroed stats for empty collections","duration":2,"failureMessages":[]}],"startTime":1762577260694,"endTime":1762577260717,"status":"passed","message":"","name":"D:/Code/Casual-Academic-Time-Allocation-Management-System/frontend/src/hooks/timesheets/useTimesheetStats.test.tsx"},{"assertionResults":[{"ancestorTitles":["","useTimesheetUpdate"],"fullName":" useTimesheetUpdate updates a timesheet","status":"passed","title":"updates a timesheet","duration":27,"failureMessages":[]},{"ancestorTitles":["","useTimesheetUpdate"],"fullName":" useTimesheetUpdate handles update failures","status":"passed","title":"handles update failures","duration":12,"failureMessages":[]},{"ancestorTitles":["","useTimesheetUpdate"],"fullName":" useTimesheetUpdate resets mutation state","status":"passed","title":"resets mutation state","duration":47,"failureMessages":[]}],"startTime":1762577248364,"endTime":1762577248450,"status":"passed","message":"","name":"D:/Code/Casual-Academic-Time-Allocation-Management-System/frontend/src/hooks/timesheets/useTimesheetUpdate.test.tsx"},{"assertionResults":[{"ancestorTitles":["","server-config"],"fullName":" server-config returns validated overrides when payload matches schema","status":"passed","title":"returns validated overrides when payload matches schema","duration":144,"failureMessages":[]},{"ancestorTitles":["","server-config"],"fullName":" server-config returns null for payloads that violate schema","status":"passed","title":"returns null for payloads that violate schema","duration":30,"failureMessages":[]},{"ancestorTitles":["","server-config"],"fullName":" server-config falls back to secondary endpoint when primary fails","status":"passed","title":"falls back to secondary endpoint when primary fails","duration":35,"failureMessages":[]}],"startTime":1762577246721,"endTime":1762577246930,"status":"passed","message":"","name":"D:/Code/Casual-Academic-Time-Allocation-Management-System/frontend/src/lib/config/server-config.test.ts"},{"assertionResults":[{"ancestorTitles":["","ui-config"],"fullName":" ui-config falls back to defaults when schema loading fails","status":"passed","title":"falls back to defaults when schema loading fails","duration":40,"failureMessages":[]},{"ancestorTitles":["","ui-config"],"fullName":" ui-config returns memoized constraints sourced from schema","status":"passed","title":"returns memoized constraints sourced from schema","duration":25,"failureMessages":[]},{"ancestorTitles":["","ui-config"],"fullName":" ui-config applies server overrides when available","status":"passed","title":"applies server overrides when available","duration":59,"failureMessages":[]}],"startTime":1762577242933,"endTime":1762577243057,"status":"passed","message":"","name":"D:/Code/Casual-Academic-Time-Allocation-Management-System/frontend/src/lib/config/ui-config.test.tsx"},{"assertionResults":[{"ancestorTitles":["","notificationRouter - auto submit related events"],"fullName":" notificationRouter - auto submit related events returns payload for TIMESHEET_SUBMIT_SUCCESS","status":"passed","title":"returns payload for TIMESHEET_SUBMIT_SUCCESS","duration":4,"failureMessages":[]},{"ancestorTitles":["","notificationRouter - auto submit related events"],"fullName":" notificationRouter - auto submit related events returns payload for DRAFTS_PENDING","status":"passed","title":"returns payload for DRAFTS_PENDING","duration":0,"failureMessages":[]}],"startTime":1762577270025,"endTime":1762577270029,"status":"passed","message":"","name":"D:/Code/Casual-Academic-Time-Allocation-Management-System/frontend/src/lib/routing/notificationRouter.auto-submit-events.test.ts"},{"assertionResults":[{"ancestorTitles":["","validateTimesheet UI overrides"],"fullName":" validateTimesheet UI overrides fails validation when hours exceed server maximum","status":"passed","title":"fails validation when hours exceed server maximum","duration":74,"failureMessages":[]},{"ancestorTitles":["","validateTimesheet UI overrides"],"fullName":" validateTimesheet UI overrides fails validation when week start is not Monday under override","status":"passed","title":"fails validation when week start is not Monday under override","duration":0,"failureMessages":[]},{"ancestorTitles":["","validateTimesheet UI overrides"],"fullName":" validateTimesheet UI overrides passes validation when payload matches overrides","status":"passed","title":"passes validation when payload matches overrides","duration":1,"failureMessages":[]}],"startTime":1762577259274,"endTime":1762577259349,"status":"passed","message":"","name":"D:/Code/Casual-Academic-Time-Allocation-Management-System/frontend/src/lib/validation/ajv.test.ts"},{"assertionResults":[{"ancestorTitles":["","SecureApiClient"],"fullName":" SecureApiClient adds Authorization header when token is set (request interceptor)","status":"passed","title":"adds Authorization header when token is set (request interceptor)","duration":3,"failureMessages":[]},{"ancestorTitles":["","SecureApiClient"],"fullName":" SecureApiClient transforms 401 into error envelope and clears stored token","status":"passed","title":"transforms 401 into error envelope and clears stored token","duration":3,"failureMessages":[]},{"ancestorTitles":["","SecureApiClient"],"fullName":" SecureApiClient createQueryString encodes arrays and values correctly","status":"passed","title":"createQueryString encodes arrays and values correctly","duration":1,"failureMessages":[]}],"startTime":1762577231299,"endTime":1762577231306,"status":"passed","message":"","name":"D:/Code/Casual-Academic-Time-Allocation-Management-System/frontend/src/services/__tests__/api-secure.test.ts"},{"assertionResults":[{"ancestorTitles":["","users service (error paths)"],"fullName":" users service (error paths) createUser propagates API error","status":"passed","title":"createUser propagates API error","duration":3,"failureMessages":[]}],"startTime":1762577271179,"endTime":1762577271182,"status":"passed","message":"","name":"D:/Code/Casual-Academic-Time-Allocation-Management-System/frontend/src/services/__tests__/users.error.test.ts"},{"assertionResults":[{"ancestorTitles":["","users service - getTutorDefaults"],"fullName":" users service - getTutorDefaults returns { defaultQualification: null } when backend errors","status":"passed","title":"returns { defaultQualification: null } when backend errors","duration":93,"failureMessages":[]},{"ancestorTitles":["","users service - getTutorDefaults"],"fullName":" users service - getTutorDefaults passes through backend value when successful","status":"passed","title":"passes through backend value when successful","duration":1,"failureMessages":[]}],"startTime":1762577266861,"endTime":1762577266955,"status":"passed","message":"","name":"D:/Code/Casual-Academic-Time-Allocation-Management-System/frontend/src/services/__tests__/users.test.ts"},{"assertionResults":[{"ancestorTitles":["","SecureApiClient authentication integration"],"fullName":" SecureApiClient authentication integration registers secure API client with auth manager for token sync","status":"passed","title":"registers secure API client with auth manager for token sync","duration":103,"failureMessages":[]}],"startTime":1762577251385,"endTime":1762577251488,"status":"passed","message":"","name":"D:/Code/Casual-Academic-Time-Allocation-Management-System/frontend/src/test/services/api-secure-auth-integration.test.ts"},{"assertionResults":[{"ancestorTitles":["","AuthManager","Singleton Pattern"],"fullName":" AuthManager Singleton Pattern should return the same instance on multiple calls","status":"passed","title":"should return the same instance on multiple calls","duration":2,"failureMessages":[]},{"ancestorTitles":["","AuthManager","Singleton Pattern"],"fullName":" AuthManager Singleton Pattern should maintain state across getInstance calls","status":"passed","title":"should maintain state across getInstance calls","duration":2,"failureMessages":[]},{"ancestorTitles":["","AuthManager","Authentication State Management"],"fullName":" AuthManager Authentication State Management should initialize with empty state when no stored data","status":"passed","title":"should initialize with empty state when no stored data","duration":1,"failureMessages":[]},{"ancestorTitles":["","AuthManager","Authentication State Management"],"fullName":" AuthManager Authentication State Management should initialize from localStorage when valid data exists","status":"passed","title":"should initialize from localStorage when valid data exists","duration":0,"failureMessages":[]},{"ancestorTitles":["","AuthManager","Authentication State Management"],"fullName":" AuthManager Authentication State Management should handle corrupted localStorage data gracefully","status":"passed","title":"should handle corrupted localStorage data gracefully","duration":4,"failureMessages":[]},{"ancestorTitles":["","AuthManager","setAuth"],"fullName":" AuthManager setAuth should update internal state correctly","status":"passed","title":"should update internal state correctly","duration":1,"failureMessages":[]},{"ancestorTitles":["","AuthManager","setAuth"],"fullName":" AuthManager setAuth should persist to localStorage using STORAGE_KEYS","status":"passed","title":"should persist to localStorage using STORAGE_KEYS","duration":0,"failureMessages":[]},{"ancestorTitles":["","AuthManager","setAuth"],"fullName":" AuthManager setAuth should persist refresh token metadata when provided","status":"passed","title":"should persist refresh token metadata when provided","duration":1,"failureMessages":[]},{"ancestorTitles":["","AuthManager","setAuth"],"fullName":" AuthManager setAuth should sync with API client","status":"passed","title":"should sync with API client","duration":0,"failureMessages":[]},{"ancestorTitles":["","AuthManager","setAuth"],"fullName":" AuthManager setAuth should notify all listeners","status":"passed","title":"should notify all listeners","duration":1,"failureMessages":[]},{"ancestorTitles":["","AuthManager","clearAuth"],"fullName":" AuthManager clearAuth should clear internal state","status":"passed","title":"should clear internal state","duration":1,"failureMessages":[]},{"ancestorTitles":["","AuthManager","clearAuth"],"fullName":" AuthManager clearAuth should clear localStorage","status":"passed","title":"should clear localStorage","duration":0,"failureMessages":[]},{"ancestorTitles":["","AuthManager","clearAuth"],"fullName":" AuthManager clearAuth should sync with API client","status":"passed","title":"should sync with API client","duration":1,"failureMessages":[]},{"ancestorTitles":["","AuthManager","clearAuth"],"fullName":" AuthManager clearAuth should notify all listeners","status":"passed","title":"should notify all listeners","duration":0,"failureMessages":[]},{"ancestorTitles":["","AuthManager","Subscription Management"],"fullName":" AuthManager Subscription Management should allow subscribing to state changes","status":"passed","title":"should allow subscribing to state changes","duration":0,"failureMessages":[]},{"ancestorTitles":["","AuthManager","Subscription Management"],"fullName":" AuthManager Subscription Management should allow unsubscribing from state changes","status":"passed","title":"should allow unsubscribing from state changes","duration":1,"failureMessages":[]},{"ancestorTitles":["","AuthManager","Subscription Management"],"fullName":" AuthManager Subscription Management should handle listener errors gracefully","status":"passed","title":"should handle listener errors gracefully","duration":0,"failureMessages":[]},{"ancestorTitles":["","AuthManager","Subscription Management"],"fullName":" AuthManager Subscription Management should support multiple listeners","status":"passed","title":"should support multiple listeners","duration":1,"failu
[...]
ed past Monday after course changes and rerenders (lecturer-create)","duration":597,"failureMessages":[]},{"ancestorTitles":["","TimesheetForm"],"fullName":" TimesheetForm updates Selected label and hidden input when navigating months and choosing a Monday","status":"passed","title":"updates Selected label and hidden input when navigating months and choosing a Monday","duration":122,"failureMessages":[]}],"startTime":1762577206473,"endTime":1762577208783,"status":"passed","message":"","name":"D:/Code/Casual-Academic-Time-Allocation-Management-System/frontend/src/components/dashboards/TutorDashboard/components/TimesheetForm.test.tsx"},{"assertionResults":[{"ancestorTitles":["","TimesheetForm validation and quoting"],"fullName":" TimesheetForm validation and quoting shows error and disables submit when hours have >1 decimal place","status":"passed","title":"shows error and disables submit when hours have >1 decimal place","duration":236,"failureMessages":[]},{"ancestorTitles":["","TimesheetForm validation and quoting"],"fullName":" TimesheetForm validation and quoting shows error and disables submit when hours are below minimum","status":"passed","title":"shows error and disables submit when hours are below minimum","duration":64,"failureMessages":[]},{"ancestorTitles":["","TimesheetForm validation and quoting"],"fullName":" TimesheetForm validation and quoting accepts minimum hours (0.25) and enables submit when other fields valid (non-Tutorial)","status":"passed","title":"accepts minimum hours (0.25) and enables submit when other fields valid (non-Tutorial)","duration":639,"failureMessages":[]},{"ancestorTitles":["","TimesheetForm validation and quoting"],"fullName":" TimesheetForm validation and quoting accepts maximum hours (60) and enables submit when other fields valid","status":"passed","title":"accepts maximum hours (60) and enables submit when other fields valid","duration":617,"failureMessages":[]},{"ancestorTitles":["","TimesheetForm validation and quoting"],"fullName":" TimesheetForm validation and quoting loads quote and enables submit for valid inputs","status":"passed","title":"loads quote and enables submit for valid inputs","duration":586,"failureMessages":[]},{"ancestorTitles":["","TimesheetForm validation and quoting"],"fullName":" TimesheetForm validation and quoting requires Tutorial delivery hours to be exactly 1.0","status":"passed","title":"requires Tutorial delivery hours to be exactly 1.0","duration":84,"failureMessages":[]},{"ancestorTitles":["","TimesheetForm validation and quoting"],"fullName":" TimesheetForm validation and quoting allows fractional hours for ORAA task type","status":"passed","title":"allows fractional hours for ORAA task type","duration":79,"failureMessages":[]},{"ancestorTitles":["","TimesheetForm validation and quoting"],"fullName":" TimesheetForm validation and quoting repeat tutorial shows repeat note when payable < associated","status":"passed","title":"repeat tutorial shows repeat note when payable < associated","duration":84,"failureMessages":[]}],"startTime":1762577222360,"endTime":1762577224749,"status":"passed","message":"","name":"D:/Code/Casual-Academic-Time-Allocation-Management-System/frontend/src/components/dashboards/TutorDashboard/components/TimesheetForm.validation.test.tsx"},{"assertionResults":[{"ancestorTitles":["","UpcomingDeadlines"],"fullName":" UpcomingDeadlines renders loading state when summary is fetching","status":"passed","title":"renders loading state when summary is fetching","duration":91,"failureMessages":[]},{"ancestorTitles":["","UpcomingDeadlines"],"fullName":" UpcomingDeadlines renders empty state when no deadlines exist","status":"passed","title":"renders empty state when no deadlines exist","duration":5,"failureMessages":[]},{"ancestorTitles":["","UpcomingDeadlines"],"fullName":" UpcomingDeadlines renders provided error message","status":"passed","title":"renders provided error message","duration":12,"failureMessages":[]}],"startTime":1762577267324,"endTime":1762577267432,"status":"passed","message":"","name":"D:/Code/Casual-Academic-Time-Allocation-Management-System/frontend/src/components/dashboards/TutorDashboard/components/UpcomingDeadlines.test.tsx"},{"assertionResults":[{"ancestorTitles":["","GlobalErrorBanner"],"fullName":" GlobalErrorBanner renders with default title and message","status":"passed","title":"renders with default title and message","duration":78,"failureMessages":[]},{"ancestorTitles":["","GlobalErrorBanner"],"fullName":" GlobalErrorBanner supports custom title and warning severity","status":"passed","title":"supports custom title and warning severity","duration":5,"failureMessages":[]},{"ancestorTitles":["","GlobalErrorBanner"],"fullName":" GlobalErrorBanner renders action button and handles clicks","status":"passed","title":"renders action button and handles clicks","duration":92,"failureMessages":[]},{"ancestorTitles":["","GlobalErrorBanner"],"fullName":" GlobalErrorBanner renders dismiss button when provided","status":"passed","title":"renders dismiss button when provided","duration":77,"failureMessages":[]}],"startTime":1762577257901,"endTime":1762577258153,"status":"passed","message":"","name":"D:/Code/Casual-Academic-Time-Allocation-Management-System/frontend/src/components/shared/feedback/__tests__/GlobalErrorBanner.test.tsx"},{"assertionResults":[{"ancestorTitles":["","PageLoadingIndicator"],"fullName":" PageLoadingIndicator renders default message and icon","status":"passed","title":"renders default message and icon","duration":91,"failureMessages":[]},{"ancestorTitles":["","PageLoadingIndicator"],"fullName":" PageLoadingIndicator supports custom message and sub-message","status":"passed","title":"supports custom message and sub-message","duration":6,"failureMessages":[]},{"ancestorTitles":["","PageLoadingIndicator"],"fullName":" PageLoadingIndicator allows overriding aria-label and test id","status":"passed","title":"allows overriding aria-label and test id","duration":11,"failureMessages":[]}],"startTime":1762577264394,"endTime":1762577264502,"status":"passed","message":"","name":"D:/Code/Casual-Academic-Time-Allocation-Management-System/frontend/src/components/shared/feedback/__tests__/PageLoadingIndicator.test.tsx"}]}
[34m % [39m[2mCoverage report from [22m[33mv8[39m
-------------------|---------|----------|---------|---------|-------------------
File               | % Stmts | % Branch | % Funcs | % Lines | Uncovered Line #s 
-------------------|---------|----------|---------|---------|-------------------
All files          |   70.36 |    73.63 |   62.21 |   70.36 |                   
 src               |       0 |        0 |       0 |       0 |                   
  App.tsx          |       0 |        0 |       0 |       0 | 1-130             
  config.ts        |       0 |        0 |       0 |       0 | 1-8               
 src/auth          |   15.92 |        0 |       0 |   15.92 |                   
  ...nProvider.tsx |   11.02 |      100 |       0 |   11.02 | ...47-254,258-263 
  ...eProvider.tsx |   22.04 |      100 |       0 |   22.04 | ...30-118,122-127 
  ...ss-control.ts |       0 |        0 |       0 |       0 | 1-27              
  api.ts           |   33.33 |      100 |       0 |   33.33 | 6-12,15-20,23-29  
  index.ts         |       0 |        0 |       0 |       0 | 1-5               
  storage.ts       |   28.78 |      100 |       0 |   28.78 | 15-33,36-57,60-65 
  useRole.ts       |       0 |        0 |       0 |       0 | 1-22              
 src/components    |   57.19 |    68.51 |   54.54 |   57.19 |                   
  ...Layout.ct.tsx |       0 |        0 |       0 |       0 | 1-60              
  ...ardLayout.tsx |    89.9 |    36.84 |   85.71 |    89.9 | ...,81,88,180-191 
  ...rBoundary.tsx |   47.54 |       75 |   33.33 |   47.54 | ...57-169,176-181 
  ...rFallback.tsx |   10.38 |      100 |       0 |   10.38 | 15-152            
  LoginPage.tsx    |   98.69 |     93.1 |     100 |   98.69 | 34-36             
  ...ctedRoute.tsx |       0 |        0 |       0 |       0 | 1-69              
 ...ponents/Routes |       0 |        0 |       0 |       0 |                   
  ...eateRoute.tsx |       0 |        0 |       0 |       0 | 1-21              
 ...nts/dashboards |       0 |        0 |       0 |       0 |                   
  index.ts         |       0 |        0 |       0 |       0 | 1-8               
 ...AdminDashboard |   82.86 |    56.66 |      50 |   82.86 |                   
  ...oardShell.tsx |   82.25 |    56.66 |      50 |   82.25 | ...07-213,264-273 
  index.ts         |     100 |      100 |     100 |     100 |                   
 ...ard/components |   94.32 |     76.4 |   66.66 |   94.32 |                   
  ...ardHeader.tsx |    95.4 |       60 |       0 |    95.4 | 56-59             
  ...ricsPanel.tsx |   94.82 |    69.56 |     100 |   94.82 | 57-65             
  AdminNavTabs.tsx |     100 |      100 |     100 |     100 |                   
  ...viewPanel.tsx |     100 |      100 |     100 |     100 |                   
  ...tionModal.tsx |   91.44 |    76.92 |   83.33 |   91.44 | ...76,227,233-236 
 ...ashboard/hooks |   77.46 |     62.5 |      50 |   77.46 |                   
  ...hboardData.ts |   77.46 |     62.5 |      50 |   77.46 | ...92-493,510-517 
 ...turerDashboard |   55.52 |    50.84 |   13.33 |   55.52 |                   
  ...oardShell.tsx |   54.99 |    50.84 |   13.33 |   54.99 | ...31-592,596-651 
  index.ts         |     100 |      100 |     100 |     100 |                   
 ...ard/components |   90.26 |    70.37 |   28.57 |   90.26 |                   
  ...tersPanel.tsx |   93.13 |    33.33 |       0 |   93.13 | 68-71,91-93       
  ...dingTable.tsx |    92.3 |       70 |     100 |    92.3 | ...01,137-147,166 
  ...aryBanner.tsx |     100 |       80 |     100 |     100 | 35,91             
  ...eateModal.tsx |   85.82 |    72.15 |      50 |   85.82 | ...80-290,374-377 
 ...ashboard/hooks |   57.84 |    51.16 |   33.33 |   57.84 |                   
  ...hboardData.ts |   57.84 |    51.16 |   33.33 |   57.84 | ...39-465,469-470 
 ...TutorDashboard |   67.13 |    68.04 |   31.25 |   67.13 |                   
  ...Dashboard.tsx |   67.13 |    68.04 |   31.25 |   67.13 | ...87-703,742-778 
 ...ard/components |   79.26 |     81.6 |      72 |   79.26 |                   
  ...nProgress.tsx |     100 |      100 |     100 |     100 |                   
  ...youtShell.tsx |   28.81 |      100 |       0 |   28.81 | 15-56             
  ...Breakdown.tsx |     100 |    85.71 |     100 |     100 | 15                
  ...ionsPanel.tsx |       0 |        0 |       0 |       0 | 1-131             
  PaySummary.tsx   |     100 |      100 |     100 |     100 |                   
  QuickAction.tsx  |     100 |    81.81 |     100 |     100 | 17,42             
  QuickStats.tsx   |   94.28 |    33.33 |      50 |   94.28 | 30-33             
  ...Resources.tsx |   92.53 |     62.5 |     100 |   92.53 | 38-40,45,58       
  ...sheetForm.tsx |   86.45 |    83.28 |   77.77 |   86.45 | ...24,718-725,825 
  TutorHeader.tsx  |     100 |       50 |     100 |     100 | 34                
  ...Deadlines.tsx |   73.52 |     87.5 |     100 |   73.52 | 37-54             
  index.ts         |     100 |      100 |     100 |     100 |                   
 ...ashboard/hooks |   90.09 |    68.75 |      60 |   90.09 |                   
  ...dViewModel.ts |   90.09 |    68.75 |      60 |   90.09 | ...78-279,284-289 
 ...ponents/shared |   53.65 |    72.41 |      60 |   53.65 |                   
  RelativeTime.tsx |   92.52 |    77.77 |      75 |   92.52 | ...36,138,190-193 
  ...onsive.ct.tsx |       0 |        0 |       0 |       0 | 1-75              
  ...ection.ct.tsx |       0 |        0 |       0 |       0 | 1-80              
 ...LoadingSpinner |     100 |      100 |     100 |     100 |                   
  ...ngSpinner.tsx |     100 |      100 |     100 |     100 |                   
  loading-state.ts |     100 |      100 |     100 |     100 |                   
 ...ficationBanner |       0 |        0 |       0 |       0 |                   
  ...ionBanner.tsx |       0 |        0 |       0 |       0 | 1-108             
  index.ts         |       0 |        0 |       0 |       0 | 1-2               
 ...ationPresenter |       0 |        0 |       0 |       0 |                   
  ...Presenter.tsx |       0 |        0 |       0 |       0 | 1-195             
  index.ts         |       0 |        0 |       0 |       0 | 1                 
 ...ed/StatusBadge |   81.17 |       80 |      25 |   81.17 |                   
  StatusBadge.tsx  |    78.6 |     82.6 |     100 |    78.6 | 124-129,172-211   
  ...adge-utils.ts |   86.23 |       50 |      25 |   86.23 | 70,80-86,103-109  
 ...imesheetDetail |   82.65 |    66.66 |      50 |   82.65 |                   
  ...alHistory.tsx |     100 |    68.96 |     100 |     100 | 26-27,30-31,43-47 
  ...etailView.tsx |       0 |        0 |       0 |       0 | 1-17              
 ...TimesheetTable |   78.68 |    76.28 |   81.48 |   78.68 |                   
  BatchActions.tsx |   96.19 |    65.78 |     100 |   96.19 | ...03,106-107,159 
  ...etActions.tsx |    92.5 |    72.22 |     100 |    92.5 | ...64,216,246-251 
  ...sheetCard.tsx |       0 |        0 |       0 |       0 | 1-150             
  ...tTable.ct.tsx |       0 |        0 |       0 |       0 | 1-139             
  ...heetTable.tsx |    89.8 |    78.36 |   88.23 |    89.8 | ...1170-1171,1175 
  ...tion-utils.ts |   90.12 |    92.85 |   85.71 |   90.12 | 51-52,94-107      
  ...pabilities.ts |     100 |       50 |     100 |     100 | 27                
 ...hared/feedback |   69.23 |       75 |      50 |   69.23 |                   
  ...Banner.ct.tsx |       0 |        0 |       0 |       0 | 1-36              
  ...rorBanner.tsx |     100 |    85.71 |     100 |     100 | 57                
  ...icator.ct.tsx |       0 |        0 |       0 |       0 | 1-16              
  ...Indicator.tsx |     100 |      100 |     100 |     100 |                   
 src/components/ui |   26.77 |    69.23 |      25 |   26.77 |                   
  ...e-variants.ts |     100 |      100 |     100 |     100 |                   
  badge.tsx        |     100 |      100 |     100 |     100 |                   
  ...n-variants.ts |     100 |      100 |     100 |     100 |                   
  button.tsx       |     100 |       50 |     100 |     100 | 16                
  card.tsx         |     100 |      100 |     100 |     100 |                   
  ...down-menu.tsx |       0 |        0 |       0 |       0 | 1-205             
  input.tsx        |     100 |      100 |     100 |     100 |                   
  stat-card.tsx    |       0 |        0 |       0 |       0 | 1-348             
  tooltip.tsx      |       0 |        0 |       0 |       0 | 1-35              
 src/config        |    74.2 |     75.4 |   94.11 |    74.2 |                   
  index.ts         |       0 |        0 |       0 |       0 | 1-105             
  ...ied-config.ts |    91.1 |    76.66 |     100 |    91.1 | ...41-442,448-450 
 src/contexts      |   38.88 |      100 |       0 |   38.88 |                   
  AuthContext.tsx  |   38.88 |      100 |       0 |   38.88 | 14-35,38-42,47-52 
 ...es/admin-users |   84.07 |    67.27 |   72.41 |   84.07 |                   
  ...UsersPage.tsx |   84.17 |    67.88 |      75 |   84.17 | ...38,732-734,738 
  index.ts         |       0 |        0 |       0 |       0 | 1                 
 ...res/timesheets |   28.69 |    52.94 |      60 |   28.69 |                   
  MyTimesheets.tsx |    95.1 |    56.25 |     100 |    95.1 | 106,111-116       
  ...oval-logic.ts |       0 |        0 |       0 |       0 | 1-329             
  index.ts         |       0 |        0 |       0 |       0 | 1-2               
 src/hooks         |       0 |        0 |       0 |       0 |                   
  useApi.ts        |       0 |        0 |       0 |       0 | 1-385             
 ...oks/timesheets |   85.89 |    80.41 |   62.96 |   85.89 |                   
  index.ts         |     100 |      100 |     100 |     100 |                   
  mutationState.ts |      92 |       75 |     100 |      92 | 23-24             
  ...gApprovals.ts |      60 |    73.33 |   28.57 |      60 | ...,92-94,113-128 
  ...Timesheets.ts |    73.6 |    88.23 |      50 |    73.6 | ...5-67,86-95,105 
  ...etApproval.ts |   97.29 |    72.72 |     100 |   97.29 | 52,63             
  ...heetCreate.ts |     100 |       80 |     100 |     100 | 48-50,62,65-66    
  ...ardSummary.ts |    66.1 |    58.33 |   33.33 |    66.1 | ...7,75-89,95-108 
  ...eetFilters.ts |     100 |      100 |     100 |     100 |                   
  ...sheetQuery.ts |   98.32 |    82.05 |     100 |   98.32 | 139-141           
  ...sheetStats.ts |     100 |      100 |     100 |     100 |                   
  ...heetUpdate.ts |     100 |    85.71 |     100 |     100 | 37                
  utils.ts         |     100 |      100 |     100 |     100 |                   
 src/i18n          |     100 |      100 |     100 |     100 |                   
  messages.ts      |     100 |      100 |     100 |     100 |                   
 src/lib           |   51.72 |      100 |      50 |   51.72 |                   
  utils.ts         |   51.72 |      100 |      50 |   51.72 | 16-29             
 src/lib/config    |   91.36 |    74.15 |   42.22 |   91.36 |                   
  feature-flags.ts |     100 |      100 |     100 |     100 |                   
  server-config.ts |   81.54 |       50 |   66.66 |   81.54 | ...04-108,148-168 
  statusMap.ts     |   87.57 |      100 |    12.5 |   87.57 | ...39-140,154-158 
  table-config.ts  |   94.11 |    63.15 |   31.57 |   94.11 | ...31,334,337,340 
  ui-config.ts     |   94.75 |    89.18 |      80 |   94.75 | ...22,230-231,286 
  ui-standards.ts  |   92.25 |    73.33 |      25 |   92.25 | ...86-293,296-297 
 ...lib/formatters |   56.25 |    33.33 |      20 |   56.25 |                   
  ...formatters.ts |   56.25 |    33.33 |      20 |   56.25 | ...67-100,107-112 
 .../notifications |   71.69 |       75 |      75 |   71.69 |                   
  ...icationBus.ts |   71.69 |       75 |      75 |   71.69 | 19-23,29-38       
 src/lib/routing   |   79.81 |    81.25 |   66.66 |   79.81 |                   
  ...tionRouter.ts |   79.81 |    81.25 |   66.66 |   79.81 | 36-46,79-88,90    
 ...lib/validation |   95.26 |       60 |    90.9 |   95.26 |                   
  ajv.ts           |   95.26 |       60 |    90.9 |   95.26 | 74-76,110,141-146 
 src/services      |   83.91 |    77.32 |   80.48 |   83.91 |                   
  api-secure.ts    |   72.45 |    65.57 |   66.66 |   72.45 | ...77-578,584-595 
  auth-manager.ts  |   96.35 |    89.36 |     100 |   96.35 | ...,97-98,206-207 
  courses.ts       |   72.72 |       50 |   66.66 |   72.72 | 18-19,21-25,32-33 
  timesheets.ts    |   97.05 |    89.65 |     100 |   97.05 | ...62,273,280-281 
  users.ts         |   59.59 |    66.66 |   33.33 |   59.59 | ...89,92-94,96-99 
 src/test/utils    |    94.4 |    83.33 |     100 |    94.4 |                   
  test-utils.ts    |    94.4 |    83.33 |     100 |    94.4 | ...,77-82,194-200 
 src/utils         |   71.75 |    72.92 |   73.86 |   71.75 |                   
  environment.ts   |   79.16 |    56.66 |   93.75 |   79.16 | ...58,191,195-216 
  error-logger.ts  |   61.29 |    47.05 |      65 |   61.29 | ...37-662,671-740 
  formatting.ts    |   64.01 |    66.66 |    42.3 |   64.01 | ...46-447,453-466 
  number.ts        |     100 |      100 |     100 |     100 |                   
  secure-logger.ts |   83.38 |     69.3 |     100 |   83.38 | ...82-283,298-300 
  storage-keys.ts  |     100 |      100 |     100 |     100 |                   
  validation.ts    |      99 |    98.55 |     100 |      99 | 27-28             
-------------------|---------|----------|---------|---------|-------------------
