<?xml version="1.0" encoding="UTF-8"?>
<testsuite xmlns:xsi="http://www.w3.org/2001/XMLSchema-instance" xsi:noNamespaceSchemaLocation="https://maven.apache.org/surefire/maven-surefire-plugin/xsd/surefire-test-report-3.0.xsd" version="3.0" name="com.usyd.catams.integration.ApprovalSubmissionIntegrationTest" time="18.852" tests="11" errors="0" skipped="0" failures="0">
  <properties>
[...]
</properties>
  <testcase name="testSubmitApprovalWithLongComment" classname="com.usyd.catams.integration.ApprovalSubmissionIntegrationTest" time="1.393">
    <system-out><![CDATA[08:46:52.920 [main] INFO org.springframework.test.context.support.AnnotationConfigContextLoaderUtils -- Could not detect default configuration classes for test class [com.usyd.catams.integration.ApprovalSubmissionIntegrationTest]: ApprovalSubmissionIntegrationTest does not declare any static, non-private, non-final, nested classes annotated with @Configuration.
08:46:53.253 [main] INFO org.springframework.boot.test.context.SpringBootTestContextBootstrapper -- Found @SpringBootConfiguration com.usyd.catams.CatamsApplication for test class com.usyd.catams.integration.ApprovalSubmissionIntegrationTest
08:46:53.648 [main] INFO org.springframework.boot.devtools.restart.RestartApplicationListener -- Restart disabled due to context in which it is running
2025-08-05 08:46:54 - Starting ApprovalSubmissionIntegrationTest using Java 17.0.12 with PID 3112 (started by k7407 in E:\Code\Casual-Academic-Time-Allocation-Management-System)
2025-08-05 08:46:54 - Running with Spring Boot v3.2.0, Spring v6.1.1
2025-08-05 08:46:54 - The following 1 profile is active: "test"
2025-08-05 08:46:56 - Bootstrapping Spring Data JPA repositories in DEFAULT mode.
2025-08-05 08:46:56 - Finished Spring Data repository scanning in 134 ms. Found 4 JPA repository interfaces.
2025-08-05 08:46:58 - Tomcat initialized with port 0 (http)
2025-08-05 08:46:58 - Starting service [Tomcat]
2025-08-05 08:46:58 - Starting Servlet engine: [Apache Tomcat/10.1.16]
2025-08-05 08:46:58 - Initializing Spring embedded WebApplicationContext
2025-08-05 08:46:58 - Root WebApplicationContext: initialization completed in 3872 ms
2025-08-05 08:46:58 - HHH000204: Processing PersistenceUnitInfo [name: default]
2025-08-05 08:46:58 - HHH000412: Hibernate ORM core version 6.3.1.Final
2025-08-05 08:46:59 - HHH000026: Second-level cache disabled
2025-08-05 08:46:59 - No LoadTimeWeaver setup: ignoring JPA class transformer
2025-08-05 08:46:59 - HikariPool-1 - Starting...
2025-08-05 08:46:59 - HikariPool-1 - Added connection conn0: url=jdbc:h2:mem:testdb user=SA
2025-08-05 08:46:59 - HikariPool-1 - Start completed.
2025-08-05 08:46:59 - HHH000511: The 2.2.0 version for [org.hibernate.dialect.PostgreSQLDialect] is no longer supported, hence certain features may not work properly. The minimum supported version is 11.0.0. Check the community dialects project for available legacy versions.
2025-08-05 08:46:59 - HHH90000025: PostgreSQLDialect does not need to be specified explicitly using 'hibernate.dialect' (remove the property setting and it will be selected by default)
2025-08-05 08:47:01 - HHH000489: No JTA platform available (set 'hibernate.transaction.jta.platform' to enable JTA platform integration)
2025-08-05 08:47:01 - Initialized JPA EntityManagerFactory for persistence unit 'default'
2025-08-05 08:47:02 - Hibernate is in classpath; If applicable, HQL parser will be used.
2025-08-05 08:47:03 - Filter 'jwtAuthenticationFilter' configured for use
2025-08-05 08:47:04 - 

Using generated security password: 599e6945-d99b-4d02-8da8-ea567c4e013f

This generated password is for development use only. Your security configuration must be updated before running your application in production.

2025-08-05 08:47:05 - Exposing 1 endpoint(s) beneath base path '/actuator'
2025-08-05 08:47:05 - Will secure any request with [org.springframework.security.web.session.DisableEncodeUrlFilter@5e50189e, org.springframework.security.web.context.request.async.WebAsyncManagerIntegrationFilter@108826dc, org.springframework.security.web.context.SecurityContextHolderFilter@7d2c6f30, org.springframework.security.web.header.HeaderWriterFilter@4422f3cb, org.springframework.web.filter.CorsFilter@7feb20ad, org.springframework.security.web.authentication.logout.LogoutFilter@16d48dd3, com.usyd.catams.security.JwtAuthenticationFilter@8dce4ca, org.springframework.security.web.savedrequest.RequestCacheAwareFilter@63860042, org.springframework.security.web.servletapi.SecurityContextHolderAwareRequestFilter@3359ba18, org.springframework.security.web.authentication.AnonymousAuthenticationFilter@733ff3a0, org.springframework.security.web.session.SessionManagementFilter@7f7c260b, org.springframework.security.web.access.ExceptionTranslationFilter@3df02bfc, org.springframework.security.web.access.intercept.AuthorizationFilter@77ce69cb]
2025-08-05 08:47:06 - Filter 'jwtAuthenticationFilter' configured for use
2025-08-05 08:47:06 - Initializing Spring TestDispatcherServlet ''
2025-08-05 08:47:06 - Initializing Servlet ''
2025-08-05 08:47:06 - Completed initialization in 2 ms
2025-08-05 08:47:06 - Tomcat started on port 49411 (http) with context path '/api'
2025-08-05 08:47:06 - Started ApprovalSubmissionIntegrationTest in 13.15 seconds (process running for 15.849)
Test data initialized: 3 users created
2025-08-05 08:47:08 - Securing POST /api/approvals
2025-08-05 08:47:08 - JWT authentication successful for user: tutor@university.edu with role: TUTOR
2025-08-05 08:47:08 - Cache miss for REQUEST dispatch to '/api/approvals' (previous null). Performing MatchableHandlerMapping lookup. This is logged once only at WARN level, and every time at TRACE.
2025-08-05 08:47:08 - Secured POST /api/approvals
2025-08-05 08:47:08 - Validation exception: Validation failed: comment: Comment cannot exceed 500 characters
]]></system-out>
  </testcase>
  <testcase name="testCannotSubmitApprovedTimesheet" classname="com.usyd.catams.integration.ApprovalSubmissionIntegrationTest" time="0.299">
    <system-out><![CDATA[2025-08-05 08:47:08 - Securing POST /api/approvals
2025-08-05 08:47:08 - JWT authentication successful for user: tutor@university.edu with role: TUTOR
2025-08-05 08:47:08 - Secured POST /api/approvals
2025-08-05 08:47:08 - Authorizing method invocation ReflectiveMethodInvocation: public org.springframework.http.ResponseEntity com.usyd.catams.controller.ApprovalController.performApprovalAction(com.usyd.catams.dto.request.ApprovalActionRequest,org.springframework.security.core.Authentication); target is of class [com.usyd.catams.controller.ApprovalController]
2025-08-05 08:47:08 - Authorized method invocation ReflectiveMethodInvocation: public org.springframework.http.ResponseEntity com.usyd.catams.controller.ApprovalController.performApprovalAction(com.usyd.catams.dto.request.ApprovalActionRequest,org.springframework.security.core.Authentication); target is of class [com.usyd.catams.controller.ApprovalController]
2025-08-05 08:47:08 - Illegal argument exception: Cannot perform SUBMIT_FOR_APPROVAL on timesheet with status FINAL_APPROVED: Cannot perform action SUBMIT_FOR_APPROVAL on timesheet with status FINAL_APPROVED
]]></system-out>
  </testcase>
  <testcase name="testSubmitApprovalWithoutAuth" classname="com.usyd.catams.integration.ApprovalSubmissionIntegrationTest" time="0.228">
    <system-out><![CDATA[2025-08-05 08:47:09 - Securing POST /api/approvals
2025-08-05 08:47:09 - Set SecurityContextHolder to anonymous SecurityContext
]]></system-out>
  </testcase>
  <testcase name="testLecturerCannotSubmitTimesheet" classname="com.usyd.catams.integration.ApprovalSubmissionIntegrationTest" time="0.236">
    <system-out><![CDATA[2025-08-05 08:47:09 - Securing POST /api/approvals
2025-08-05 08:47:09 - JWT authentication successful for user: lecturer@university.edu with role: LECTURER
2025-08-05 08:47:09 - Secured POST /api/approvals
2025-08-05 08:47:09 - Authorizing method invocation ReflectiveMethodInvocation: public org.springframework.http.ResponseEntity com.usyd.catams.controller.ApprovalController.performApprovalAction(com.usyd.catams.dto.request.ApprovalActionRequest,org.springframework.security.core.Authentication); target is of class [com.usyd.catams.controller.ApprovalController]
2025-08-05 08:47:09 - Authorized method invocation ReflectiveMethodInvocation: public org.springframework.http.ResponseEntity com.usyd.catams.controller.ApprovalController.performApprovalAction(com.usyd.catams.dto.request.ApprovalActionRequest,org.springframework.security.core.Authentication); target is of class [com.usyd.catams.controller.ApprovalController]
2025-08-05 08:47:09 - Security exception: User role LECTURER cannot perform action SUBMIT_FOR_APPROVAL
]]></system-out>
  </testcase>
  <testcase name="testGetApprovalHistory" classname="com.usyd.catams.integration.ApprovalSubmissionIntegrationTest" time="0.297">
    <system-out><![CDATA[2025-08-05 08:47:09 - Securing POST /api/approvals
2025-08-05 08:47:09 - JWT authentication successful for user: tutor@university.edu with role: TUTOR
2025-08-05 08:47:09 - Secured POST /api/approvals
2025-08-05 08:47:09 - Authorizing method invocation ReflectiveMethodInvocation: public org.springframework.http.ResponseEntity com.usyd.catams.controller.ApprovalController.performApprovalAction(com.usyd.catams.dto.request.ApprovalActionRequest,org.springframework.security.core.Authentication); target is of class [com.usyd.catams.controller.ApprovalController]
2025-08-05 08:47:09 - Authorized method invocation ReflectiveMethodInvocation: public org.springframework.http.ResponseEntity com.usyd.catams.controller.ApprovalController.performApprovalAction(com.usyd.catams.dto.request.ApprovalActionRequest,org.springframework.security.core.Authentication); target is of class [com.usyd.catams.controller.ApprovalController]
2025-08-05 08:47:09 - Securing GET /api/approvals/history/9
2025-08-05 08:47:09 - JWT authentication successful for user: tutor@university.edu with role: TUTOR
2025-08-05 08:47:09 - Secured GET /api/approvals/history/9
2025-08-05 08:47:09 - Authorizing method invocation ReflectiveMethodInvocation: public org.springframework.http.ResponseEntity com.usyd.catams.controller.ApprovalController.getApprovalHistory(java.lang.Long,org.springframework.security.core.Authentication); target is of class [com.usyd.catams.controller.ApprovalController]
2025-08-05 08:47:09 - Authorized method invocation ReflectiveMethodInvocation: public org.springframework.http.ResponseEntity com.usyd.catams.controller.ApprovalController.getApprovalHistory(java.lang.Long,org.springframework.security.core.Authentication); target is of class [com.usyd.catams.controller.ApprovalController]
]]></system-out>
  </testcase>
  <testcase name="testApprovalSubmissionResponseSchema" classname="com.usyd.catams.integration.ApprovalSubmissionIntegrationTest" time="0.234">
    <system-out><![CDATA[2025-08-05 08:47:09 - Securing POST /api/approvals
2025-08-05 08:47:09 - JWT authentication successful for user: tutor@university.edu with role: TUTOR
2025-08-05 08:47:09 - Secured POST /api/approvals
2025-08-05 08:47:09 - Authorizing method invocation ReflectiveMethodInvocation: public org.springframework.http.ResponseEntity com.usyd.catams.controller.ApprovalController.performApprovalAction(com.usyd.catams.dto.request.ApprovalActionRequest,org.springframework.security.core.Authentication); target is of class [com.usyd.catams.controller.ApprovalController]
2025-08-05 08:47:09 - Authorized method invocation ReflectiveMethodInvocation: public org.springframework.http.ResponseEntity com.usyd.catams.controller.ApprovalController.performApprovalAction(com.usyd.catams.dto.request.ApprovalActionRequest,org.springframework.security.core.Authentication); target is of class [com.usyd.catams.controller.ApprovalController]
]]></system-out>
  </testcase>
  <testcase name="testTutorCannotSubmitOtherUsersTimesheet" classname="com.usyd.catams.integration.ApprovalSubmissionIntegrationTest" time="0.302">
    <system-out><![CDATA[2025-08-05 08:47:10 - Securing POST /api/approvals
2025-08-05 08:47:10 - JWT authentication successful for user: other.tutor@university.edu with role: TUTOR
2025-08-05 08:47:10 - Secured POST /api/approvals
2025-08-05 08:47:10 - Authorizing method invocation ReflectiveMethodInvocation: public org.springframework.http.ResponseEntity com.usyd.catams.controller.ApprovalController.performApprovalAction(com.usyd.catams.dto.request.ApprovalActionRequest,org.springframework.security.core.Authentication); target is of class [com.usyd.catams.controller.ApprovalController]
2025-08-05 08:47:10 - Authorized method invocation ReflectiveMethodInvocation: public org.springframework.http.ResponseEntity com.usyd.catams.controller.ApprovalController.performApprovalAction(com.usyd.catams.dto.request.ApprovalActionRequest,org.springframework.security.core.Authentication); target is of class [com.usyd.catams.controller.ApprovalController]
2025-08-05 08:47:10 - Security exception: User does not have permission to perform SUBMIT_FOR_APPROVAL on this timesheet
]]></system-out>
  </testcase>
  <testcase name="testTutorCanSubmitOwnDraftTimesheet" classname="com.usyd.catams.integration.ApprovalSubmissionIntegrationTest" time="0.239">
    <system-out><![CDATA[2025-08-05 08:47:10 - Securing POST /api/approvals
2025-08-05 08:47:10 - JWT authentication successful for user: tutor@university.edu with role: TUTOR
2025-08-05 08:47:10 - Secured POST /api/approvals
2025-08-05 08:47:10 - Authorizing method invocation ReflectiveMethodInvocation: public org.springframework.http.ResponseEntity com.usyd.catams.controller.ApprovalController.performApprovalAction(com.usyd.catams.dto.request.ApprovalActionRequest,org.springframework.security.core.Authentication); target is of class [com.usyd.catams.controller.ApprovalController]
2025-08-05 08:47:10 - Authorized method invocation ReflectiveMethodInvocation: public org.springframework.http.ResponseEntity com.usyd.catams.controller.ApprovalController.performApprovalAction(com.usyd.catams.dto.request.ApprovalActionRequest,org.springframework.security.core.Authentication); target is of class [com.usyd.catams.controller.ApprovalController]
]]></system-out>
  </testcase>
  <testcase name="testAdminCanSubmitDraftTimesheet" classname="com.usyd.catams.integration.ApprovalSubmissionIntegrationTest" time="0.234">
    <system-out><![CDATA[2025-08-05 08:47:10 - Securing POST /api/approvals
2025-08-05 08:47:10 - JWT authentication successful for user: admin@university.edu with role: ADMIN
2025-08-05 08:47:10 - Secured POST /api/approvals
2025-08-05 08:47:10 - Authorizing method invocation ReflectiveMethodInvocation: public org.springframework.http.ResponseEntity com.usyd.catams.controller.ApprovalController.performApprovalAction(com.usyd.catams.dto.request.ApprovalActionRequest,org.springframework.security.core.Authentication); target is of class [com.usyd.catams.controller.ApprovalController]
2025-08-05 08:47:10 - Authorized method invocation ReflectiveMethodInvocation: public org.springframework.http.ResponseEntity com.usyd.catams.controller.ApprovalController.performApprovalAction(com.usyd.catams.dto.request.ApprovalActionRequest,org.springframework.security.core.Authentication); target is of class [com.usyd.catams.controller.ApprovalController]
]]></system-out>
  </testcase>
  <testcase name="testSubmitApprovalForNonExistentTimesheet" classname="com.usyd.catams.integration.ApprovalSubmissionIntegrationTest" time="0.223">
    <system-out><![CDATA[2025-08-05 08:47:10 - Securing POST /api/approvals
2025-08-05 08:47:10 - JWT authentication successful for user: tutor@university.edu with role: TUTOR
2025-08-05 08:47:11 - Secured POST /api/approvals
2025-08-05 08:47:11 - Authorizing method invocation ReflectiveMethodInvocation: public org.springframework.http.ResponseEntity com.usyd.catams.controller.ApprovalController.performApprovalAction(com.usyd.catams.dto.request.ApprovalActionRequest,org.springframework.security.core.Authentication); target is of class [com.usyd.catams.controller.ApprovalController]
2025-08-05 08:47:11 - Authorized method invocation ReflectiveMethodInvocation: public org.springframework.http.ResponseEntity com.usyd.catams.controller.ApprovalController.performApprovalAction(com.usyd.catams.dto.request.ApprovalActionRequest,org.springframework.security.core.Authentication); target is of class [com.usyd.catams.controller.ApprovalController]
2025-08-05 08:47:11 - Resource not found: Timesheet not found with ID: 99999
]]></system-out>
  </testcase>
  <testcase name="testSubmitApprovalWithInvalidData" classname="com.usyd.catams.integration.ApprovalSubmissionIntegrationTest" time="0.226">
    <system-out><![CDATA[2025-08-05 08:47:11 - Securing POST /api/approvals
2025-08-05 08:47:11 - JWT authentication successful for user: tutor@university.edu with role: TUTOR
2025-08-05 08:47:11 - Secured POST /api/approvals
2025-08-05 08:47:11 - Validation exception: Validation failed: action: Action is required
]]></system-out>
  </testcase>
</testsuite>