<?xml version="1.0" encoding="UTF-8"?>
<testsuite xmlns:xsi="http://www.w3.org/2001/XMLSchema-instance" xsi:noNamespaceSchemaLocation="https://maven.apache.org/surefire/maven-surefire-plugin/xsd/surefire-test-report-3.0.xsd" version="3.0" name="com.usyd.catams.integration.LecturerApprovalWorkflowIntegrationTest" time="15.454" tests="11" errors="0" skipped="0" failures="0">
  <properties>
[...]
</properties>
  <testcase name="shouldRejectApprovalFromNonCourseLecturer" classname="com.usyd.catams.integration.LecturerApprovalWorkflowIntegrationTest" time="1.13">
    <system-out><![CDATA[18:48:29.593 [main] INFO org.springframework.test.context.support.AnnotationConfigContextLoaderUtils -- Could not detect default configuration classes for test class [com.usyd.catams.integration.LecturerApprovalWorkflowIntegrationTest]: LecturerApprovalWorkflowIntegrationTest does not declare any static, non-private, non-final, nested classes annotated with @Configuration.
18:48:29.885 [main] INFO org.springframework.boot.test.context.SpringBootTestContextBootstrapper -- Found @SpringBootConfiguration com.usyd.catams.CatamsApplication for test class com.usyd.catams.integration.LecturerApprovalWorkflowIntegrationTest
18:48:30.233 [main] INFO org.springframework.boot.devtools.restart.RestartApplicationListener -- Restart disabled due to context in which it is running
2025-08-02 18:48:30 - Starting LecturerApprovalWorkflowIntegrationTest using Java 17.0.12 with PID 23140 (started by k7407 in E:\Code\Casual-Academic-Time-Allocation-Management-System)
2025-08-02 18:48:30 - Running with Spring Boot v3.2.0, Spring v6.1.1
2025-08-02 18:48:30 - The following 1 profile is active: "test"
2025-08-02 18:48:32 - Bootstrapping Spring Data JPA repositories in DEFAULT mode.
2025-08-02 18:48:32 - Finished Spring Data repository scanning in 112 ms. Found 4 JPA repository interfaces.
2025-08-02 18:48:33 - Tomcat initialized with port 0 (http)
2025-08-02 18:48:33 - Starting service [Tomcat]
2025-08-02 18:48:33 - Starting Servlet engine: [Apache Tomcat/10.1.16]
2025-08-02 18:48:33 - Initializing Spring embedded WebApplicationContext
2025-08-02 18:48:33 - Root WebApplicationContext: initialization completed in 3185 ms
2025-08-02 18:48:34 - HHH000204: Processing PersistenceUnitInfo [name: default]
2025-08-02 18:48:34 - HHH000412: Hibernate ORM core version 6.3.1.Final
2025-08-02 18:48:34 - HHH000026: Second-level cache disabled
2025-08-02 18:48:34 - No LoadTimeWeaver setup: ignoring JPA class transformer
2025-08-02 18:48:35 - HikariPool-1 - Starting...
2025-08-02 18:48:35 - HikariPool-1 - Added connection conn0: url=jdbc:h2:mem:testdb user=SA
2025-08-02 18:48:35 - HikariPool-1 - Start completed.
2025-08-02 18:48:35 - HHH000511: The 2.2.0 version for [org.hibernate.dialect.PostgreSQLDialect] is no longer supported, hence certain features may not work properly. The minimum supported version is 11.0.0. Check the community dialects project for available legacy versions.
2025-08-02 18:48:35 - HHH90000025: PostgreSQLDialect does not need to be specified explicitly using 'hibernate.dialect' (remove the property setting and it will be selected by default)
2025-08-02 18:48:36 - HHH000489: No JTA platform available (set 'hibernate.transaction.jta.platform' to enable JTA platform integration)
2025-08-02 18:48:36 - Initialized JPA EntityManagerFactory for persistence unit 'default'
2025-08-02 18:48:37 - Hibernate is in classpath; If applicable, HQL parser will be used.
2025-08-02 18:48:37 - Filter 'jwtAuthenticationFilter' configured for use
2025-08-02 18:48:38 - 

Using generated security password: 9d87362d-175e-4f5f-a29b-fe4d24141dc0

This generated password is for development use only. Your security configuration must be updated before running your application in production.

2025-08-02 18:48:39 - Exposing 1 endpoint(s) beneath base path '/actuator'
2025-08-02 18:48:39 - Will secure any request with [org.springframework.security.web.session.DisableEncodeUrlFilter@71427ca8, org.springframework.security.web.context.request.async.WebAsyncManagerIntegrationFilter@10801754, org.springframework.security.web.context.SecurityContextHolderFilter@68f7d537, org.springframework.security.web.header.HeaderWriterFilter@70d9f46c, org.springframework.web.filter.CorsFilter@6071e84b, org.springframework.security.web.authentication.logout.LogoutFilter@754ce81c, com.usyd.catams.security.JwtAuthenticationFilter@56c562fa, org.springframework.security.web.savedrequest.RequestCacheAwareFilter@7383015f, org.springframework.security.web.servletapi.SecurityContextHolderAwareRequestFilter@2cc1f256, org.springframework.security.web.authentication.AnonymousAuthenticationFilter@620879c1, org.springframework.security.web.session.SessionManagementFilter@73eb0fcf, org.springframework.security.web.access.ExceptionTranslationFilter@22dbbe72, org.springframework.security.web.access.intercept.AuthorizationFilter@54699803]
2025-08-02 18:48:40 - Filter 'jwtAuthenticationFilter' configured for use
2025-08-02 18:48:40 - Initializing Spring TestDispatcherServlet ''
2025-08-02 18:48:40 - Initializing Servlet ''
2025-08-02 18:48:40 - Completed initialization in 1 ms
2025-08-02 18:48:40 - Tomcat started on port 55155 (http) with context path '/api'
2025-08-02 18:48:40 - Started LecturerApprovalWorkflowIntegrationTest in 10.131 seconds (process running for 12.107)
Test data initialized: 3 users created
2025-08-02 18:48:41 - Securing POST /api/approvals
2025-08-02 18:48:41 - Cache miss for REQUEST dispatch to '/api/approvals' (previous null). Performing CorsConfiguration lookup. This is logged once only at WARN level, and every time at TRACE.
2025-08-02 18:48:41 - JWT authentication successful for user: other.lecturer@test.com with role: LECTURER
2025-08-02 18:48:41 - Cache miss for REQUEST dispatch to '/api/approvals' (previous null). Performing MatchableHandlerMapping lookup. This is logged once only at WARN level, and every time at TRACE.
2025-08-02 18:48:41 - Secured POST /api/approvals
2025-08-02 18:48:41 - Authorizing method invocation ReflectiveMethodInvocation: public org.springframework.http.ResponseEntity com.usyd.catams.controller.ApprovalController.performApprovalAction(com.usyd.catams.dto.request.ApprovalActionRequest,org.springframework.security.core.Authentication); target is of class [com.usyd.catams.controller.ApprovalController]
2025-08-02 18:48:41 - Authorized method invocation ReflectiveMethodInvocation: public org.springframework.http.ResponseEntity com.usyd.catams.controller.ApprovalController.performApprovalAction(com.usyd.catams.dto.request.ApprovalActionRequest,org.springframework.security.core.Authentication); target is of class [com.usyd.catams.controller.ApprovalController]
2025-08-02 18:48:41 - Security exception: User does not have permission to perform APPROVE on this timesheet
]]></system-out>
  </testcase>
  <testcase name="shouldRejectUnauthorizedAccess" classname="com.usyd.catams.integration.LecturerApprovalWorkflowIntegrationTest" time="0.273">
    <system-out><![CDATA[2025-08-02 18:48:42 - Securing GET /api/timesheets/pending-approval
2025-08-02 18:48:42 - Set SecurityContextHolder to anonymous SecurityContext
2025-08-02 18:48:42 - Pre-authenticated entry point called. Rejecting access
2025-08-02 18:48:42 - Securing POST /api/approvals
2025-08-02 18:48:42 - Set SecurityContextHolder to anonymous SecurityContext
2025-08-02 18:48:42 - Pre-authenticated entry point called. Rejecting access
]]></system-out>
  </testcase>
  <testcase name="shouldReturnAllPendingApprovalTimesheetsForAdmin" classname="com.usyd.catams.integration.LecturerApprovalWorkflowIntegrationTest" time="0.342">
    <system-out><![CDATA[2025-08-02 18:48:42 - Securing GET /api/timesheets/pending-approval
2025-08-02 18:48:42 - JWT authentication successful for user: admin@test.com with role: ADMIN
2025-08-02 18:48:42 - Secured GET /api/timesheets/pending-approval
2025-08-02 18:48:42 - Authorizing method invocation ReflectiveMethodInvocation: public org.springframework.http.ResponseEntity com.usyd.catams.controller.TimesheetController.getPendingApprovalTimesheets(int,int,java.lang.String,java.lang.Long); target is of class [com.usyd.catams.controller.TimesheetController]
2025-08-02 18:48:42 - Authorized method invocation ReflectiveMethodInvocation: public org.springframework.http.ResponseEntity com.usyd.catams.controller.TimesheetController.getPendingApprovalTimesheets(int,int,java.lang.String,java.lang.Long); target is of class [com.usyd.catams.controller.TimesheetController]
]]></system-out>
  </testcase>
  <testcase name="shouldRejectApprovalOfNonPendingTimesheet" classname="com.usyd.catams.integration.LecturerApprovalWorkflowIntegrationTest" time="0.269">
    <system-out><![CDATA[2025-08-02 18:48:42 - Securing POST /api/approvals
2025-08-02 18:48:42 - JWT authentication successful for user: lecturer@test.com with role: LECTURER
2025-08-02 18:48:42 - Secured POST /api/approvals
2025-08-02 18:48:42 - Authorizing method invocation ReflectiveMethodInvocation: public org.springframework.http.ResponseEntity com.usyd.catams.controller.ApprovalController.performApprovalAction(com.usyd.catams.dto.request.ApprovalActionRequest,org.springframework.security.core.Authentication); target is of class [com.usyd.catams.controller.ApprovalController]
2025-08-02 18:48:42 - Authorized method invocation ReflectiveMethodInvocation: public org.springframework.http.ResponseEntity com.usyd.catams.controller.ApprovalController.performApprovalAction(com.usyd.catams.dto.request.ApprovalActionRequest,org.springframework.security.core.Authentication); target is of class [com.usyd.catams.controller.ApprovalController]
2025-08-02 18:48:42 - Illegal argument exception: Cannot perform APPROVE on timesheet with status draft: Cannot perform action APPROVE on timesheet with status draft
]]></system-out>
  </testcase>
  <testcase name="shouldApproveTimesheetAndAutoTransitionToHRReview" classname="com.usyd.catams.integration.LecturerApprovalWorkflowIntegrationTest" time="0.285">
    <system-out><![CDATA[2025-08-02 18:48:43 - Securing POST /api/approvals
2025-08-02 18:48:43 - JWT authentication successful for user: lecturer@test.com with role: LECTURER
2025-08-02 18:48:43 - Secured POST /api/approvals
2025-08-02 18:48:43 - Authorizing method invocation ReflectiveMethodInvocation: public org.springframework.http.ResponseEntity com.usyd.catams.controller.ApprovalController.performApprovalAction(com.usyd.catams.dto.request.ApprovalActionRequest,org.springframework.security.core.Authentication); target is of class [com.usyd.catams.controller.ApprovalController]
2025-08-02 18:48:43 - Authorized method invocation ReflectiveMethodInvocation: public org.springframework.http.ResponseEntity com.usyd.catams.controller.ApprovalController.performApprovalAction(com.usyd.catams.dto.request.ApprovalActionRequest,org.springframework.security.core.Authentication); target is of class [com.usyd.catams.controller.ApprovalController]
]]></system-out>
  </testcase>
  <testcase name="shouldAllowAdminToApproveAnyTimesheet" classname="com.usyd.catams.integration.LecturerApprovalWorkflowIntegrationTest" time="0.265">
    <system-out><![CDATA[2025-08-02 18:48:43 - Securing POST /api/approvals
2025-08-02 18:48:43 - JWT authentication successful for user: admin@test.com with role: ADMIN
2025-08-02 18:48:43 - Secured POST /api/approvals
2025-08-02 18:48:43 - Authorizing method invocation ReflectiveMethodInvocation: public org.springframework.http.ResponseEntity com.usyd.catams.controller.ApprovalController.performApprovalAction(com.usyd.catams.dto.request.ApprovalActionRequest,org.springframework.security.core.Authentication); target is of class [com.usyd.catams.controller.ApprovalController]
2025-08-02 18:48:43 - Authorized method invocation ReflectiveMethodInvocation: public org.springframework.http.ResponseEntity com.usyd.catams.controller.ApprovalController.performApprovalAction(com.usyd.catams.dto.request.ApprovalActionRequest,org.springframework.security.core.Authentication); target is of class [com.usyd.catams.controller.ApprovalController]
]]></system-out>
  </testcase>
  <testcase name="shouldSupportPaginationAndSorting" classname="com.usyd.catams.integration.LecturerApprovalWorkflowIntegrationTest" time="0.281">
    <system-out><![CDATA[2025-08-02 18:48:43 - Securing GET /api/timesheets/pending-approval
2025-08-02 18:48:43 - JWT authentication successful for user: lecturer@test.com with role: LECTURER
2025-08-02 18:48:43 - Secured GET /api/timesheets/pending-approval
2025-08-02 18:48:43 - Authorizing method invocation ReflectiveMethodInvocation: public org.springframework.http.ResponseEntity com.usyd.catams.controller.TimesheetController.getPendingApprovalTimesheets(int,int,java.lang.String,java.lang.Long); target is of class [com.usyd.catams.controller.TimesheetController]
2025-08-02 18:48:43 - Authorized method invocation ReflectiveMethodInvocation: public org.springframework.http.ResponseEntity com.usyd.catams.controller.TimesheetController.getPendingApprovalTimesheets(int,int,java.lang.String,java.lang.Long); target is of class [com.usyd.catams.controller.TimesheetController]
]]></system-out>
  </testcase>
  <testcase name="shouldRejectTimesheetAndSetStatusToRejected" classname="com.usyd.catams.integration.LecturerApprovalWorkflowIntegrationTest" time="0.263">
    <system-out><![CDATA[2025-08-02 18:48:43 - Securing POST /api/approvals
2025-08-02 18:48:43 - JWT authentication successful for user: lecturer@test.com with role: LECTURER
2025-08-02 18:48:43 - Secured POST /api/approvals
2025-08-02 18:48:43 - Authorizing method invocation ReflectiveMethodInvocation: public org.springframework.http.ResponseEntity com.usyd.catams.controller.ApprovalController.performApprovalAction(com.usyd.catams.dto.request.ApprovalActionRequest,org.springframework.security.core.Authentication); target is of class [com.usyd.catams.controller.ApprovalController]
2025-08-02 18:48:43 - Authorized method invocation ReflectiveMethodInvocation: public org.springframework.http.ResponseEntity com.usyd.catams.controller.ApprovalController.performApprovalAction(com.usyd.catams.dto.request.ApprovalActionRequest,org.springframework.security.core.Authentication); target is of class [com.usyd.catams.controller.ApprovalController]
]]></system-out>
  </testcase>
  <testcase name="shouldReturnPendingApprovalTimesheetsForLecturer" classname="com.usyd.catams.integration.LecturerApprovalWorkflowIntegrationTest" time="0.263">
    <system-out><![CDATA[2025-08-02 18:48:44 - Securing GET /api/timesheets/pending-approval
2025-08-02 18:48:44 - JWT authentication successful for user: lecturer@test.com with role: LECTURER
2025-08-02 18:48:44 - Secured GET /api/timesheets/pending-approval
2025-08-02 18:48:44 - Authorizing method invocation ReflectiveMethodInvocation: public org.springframework.http.ResponseEntity com.usyd.catams.controller.TimesheetController.getPendingApprovalTimesheets(int,int,java.lang.String,java.lang.Long); target is of class [com.usyd.catams.controller.TimesheetController]
2025-08-02 18:48:44 - Authorized method invocation ReflectiveMethodInvocation: public org.springframework.http.ResponseEntity com.usyd.catams.controller.TimesheetController.getPendingApprovalTimesheets(int,int,java.lang.String,java.lang.Long); target is of class [com.usyd.catams.controller.TimesheetController]
]]></system-out>
  </testcase>
  <testcase name="shouldRejectTutorAccessToPendingApproval" classname="com.usyd.catams.integration.LecturerApprovalWorkflowIntegrationTest" time="0.257">
    <system-out><![CDATA[2025-08-02 18:48:44 - Securing GET /api/timesheets/pending-approval
2025-08-02 18:48:44 - JWT authentication successful for user: tutor@test.com with role: TUTOR
2025-08-02 18:48:44 - Secured GET /api/timesheets/pending-approval
2025-08-02 18:48:44 - Authorizing method invocation ReflectiveMethodInvocation: public org.springframework.http.ResponseEntity com.usyd.catams.controller.TimesheetController.getPendingApprovalTimesheets(int,int,java.lang.String,java.lang.Long); target is of class [com.usyd.catams.controller.TimesheetController]
2025-08-02 18:48:44 - Failed to authorize ReflectiveMethodInvocation: public org.springframework.http.ResponseEntity com.usyd.catams.controller.TimesheetController.getPendingApprovalTimesheets(int,int,java.lang.String,java.lang.Long); target is of class [com.usyd.catams.controller.TimesheetController] with authorization manager org.springframework.security.config.annotation.method.configuration.DeferringObservationAuthorizationManager@2ad7a197 and decision ExpressionAuthorizationDecision [granted=false, expressionAttribute=hasRole('LECTURER') or hasRole('ADMIN')]
2025-08-02 18:48:44 - Access denied exception: Access Denied
]]></system-out>
  </testcase>
  <testcase name="shouldRejectRejectionOfApprovedTimesheet" classname="com.usyd.catams.integration.LecturerApprovalWorkflowIntegrationTest" time="0.258">
    <system-out><![CDATA[2025-08-02 18:48:44 - Securing POST /api/approvals
2025-08-02 18:48:44 - JWT authentication successful for user: lecturer@test.com with role: LECTURER
2025-08-02 18:48:44 - Secured POST /api/approvals
2025-08-02 18:48:44 - Authorizing method invocation ReflectiveMethodInvocation: public org.springframework.http.ResponseEntity com.usyd.catams.controller.ApprovalController.performApprovalAction(com.usyd.catams.dto.request.ApprovalActionRequest,org.springframework.security.core.Authentication); target is of class [com.usyd.catams.controller.ApprovalController]
2025-08-02 18:48:44 - Authorized method invocation ReflectiveMethodInvocation: public org.springframework.http.ResponseEntity com.usyd.catams.controller.ApprovalController.performApprovalAction(com.usyd.catams.dto.request.ApprovalActionRequest,org.springframework.security.core.Authentication); target is of class [com.usyd.catams.controller.ApprovalController]
2025-08-02 18:48:44 - Illegal argument exception: Cannot perform REJECT on timesheet with status final_approved: Cannot perform action REJECT on timesheet with status final_approved
]]></system-out>
  </testcase>
</testsuite>