<?xml version="1.0" encoding="UTF-8"?>
<testsuite xmlns:xsi="http://www.w3.org/2001/XMLSchema-instance" xsi:noNamespaceSchemaLocation="https://maven.apache.org/surefire/maven-surefire-plugin/xsd/surefire-test-report-3.0.xsd" version="3.0" name="com.usyd.catams.integration.TimesheetUpdateDeleteIntegrationTest" time="3.016" tests="13" errors="0" skipped="0" failures="0">
  <properties>
[...]
</properties>
  <testcase name="testLecturerCannotDeleteTimesheetForOtherCourse" classname="com.usyd.catams.integration.TimesheetUpdateDeleteIntegrationTest" time="0.292">
    <system-out><![CDATA[2025-08-05 08:47:20 - Could not detect default configuration classes for test class [com.usyd.catams.integration.TimesheetUpdateDeleteIntegrationTest]: TimesheetUpdateDeleteIntegrationTest does not declare any static, non-private, non-final, nested classes annotated with @Configuration.
2025-08-05 08:47:20 - Found @SpringBootConfiguration com.usyd.catams.CatamsApplication for test class com.usyd.catams.integration.TimesheetUpdateDeleteIntegrationTest
2025-08-05 08:47:20 - Securing DELETE /api/timesheets/7
2025-08-05 08:47:20 - JWT authentication successful for user: other.lecturer@university.edu with role: LECTURER
2025-08-05 08:47:20 - Secured DELETE /api/timesheets/7
2025-08-05 08:47:20 - Authorizing method invocation ReflectiveMethodInvocation: public org.springframework.http.ResponseEntity com.usyd.catams.controller.TimesheetController.deleteTimesheet(java.lang.Long,org.springframework.security.core.Authentication); target is of class [com.usyd.catams.controller.TimesheetController]
2025-08-05 08:47:20 - Authorized method invocation ReflectiveMethodInvocation: public org.springframework.http.ResponseEntity com.usyd.catams.controller.TimesheetController.deleteTimesheet(java.lang.Long,org.springframework.security.core.Authentication); target is of class [com.usyd.catams.controller.TimesheetController]
2025-08-05 08:47:20 - Security exception: User does not have permission to modify this timesheet
]]></system-out>
  </testcase>
  <testcase name="testLecturerCannotUpdateTimesheetForOtherCourse" classname="com.usyd.catams.integration.TimesheetUpdateDeleteIntegrationTest" time="0.29">
    <system-out><![CDATA[2025-08-05 08:47:20 - Securing PUT /api/timesheets/9
2025-08-05 08:47:20 - JWT authentication successful for user: other.lecturer@university.edu with role: LECTURER
2025-08-05 08:47:20 - Secured PUT /api/timesheets/9
2025-08-05 08:47:20 - Authorizing method invocation ReflectiveMethodInvocation: public org.springframework.http.ResponseEntity com.usyd.catams.controller.TimesheetController.updateTimesheet(java.lang.Long,com.usyd.catams.dto.request.TimesheetUpdateRequest,org.springframework.security.core.Authentication); target is of class [com.usyd.catams.controller.TimesheetController]
2025-08-05 08:47:20 - Authorized method invocation ReflectiveMethodInvocation: public org.springframework.http.ResponseEntity com.usyd.catams.controller.TimesheetController.updateTimesheet(java.lang.Long,com.usyd.catams.dto.request.TimesheetUpdateRequest,org.springframework.security.core.Authentication); target is of class [com.usyd.catams.controller.TimesheetController]
2025-08-05 08:47:20 - Security exception: User does not have permission to modify this timesheet
]]></system-out>
  </testcase>
  <testcase name="testUpdateNonExistentTimesheet" classname="com.usyd.catams.integration.TimesheetUpdateDeleteIntegrationTest" time="0.221">
    <system-out><![CDATA[2025-08-05 08:47:20 - Securing PUT /api/timesheets/99999
2025-08-05 08:47:20 - JWT authentication successful for user: lecturer@university.edu with role: LECTURER
2025-08-05 08:47:20 - Secured PUT /api/timesheets/99999
2025-08-05 08:47:20 - Authorizing method invocation ReflectiveMethodInvocation: public org.springframework.http.ResponseEntity com.usyd.catams.controller.TimesheetController.updateTimesheet(java.lang.Long,com.usyd.catams.dto.request.TimesheetUpdateRequest,org.springframework.security.core.Authentication); target is of class [com.usyd.catams.controller.TimesheetController]
2025-08-05 08:47:20 - Authorized method invocation ReflectiveMethodInvocation: public org.springframework.http.ResponseEntity com.usyd.catams.controller.TimesheetController.updateTimesheet(java.lang.Long,com.usyd.catams.dto.request.TimesheetUpdateRequest,org.springframework.security.core.Authentication); target is of class [com.usyd.catams.controller.TimesheetController]
2025-08-05 08:47:20 - Resource not found: Timesheet not found with ID: 99999
]]></system-out>
  </testcase>
  <testcase name="testUpdateTimesheetWithoutAuth" classname="com.usyd.catams.integration.TimesheetUpdateDeleteIntegrationTest" time="0.211">
    <system-out><![CDATA[2025-08-05 08:47:21 - Securing PUT /api/timesheets/13
2025-08-05 08:47:21 - Set SecurityContextHolder to anonymous SecurityContext
]]></system-out>
  </testcase>
  <testcase name="testCannotUpdateApprovedTimesheet" classname="com.usyd.catams.integration.TimesheetUpdateDeleteIntegrationTest" time="0.217">
    <system-out><![CDATA[2025-08-05 08:47:21 - Securing PUT /api/timesheets/16
2025-08-05 08:47:21 - JWT authentication successful for user: lecturer@university.edu with role: LECTURER
2025-08-05 08:47:21 - Secured PUT /api/timesheets/16
2025-08-05 08:47:21 - Authorizing method invocation ReflectiveMethodInvocation: public org.springframework.http.ResponseEntity com.usyd.catams.controller.TimesheetController.updateTimesheet(java.lang.Long,com.usyd.catams.dto.request.TimesheetUpdateRequest,org.springframework.security.core.Authentication); target is of class [com.usyd.catams.controller.TimesheetController]
2025-08-05 08:47:21 - Authorized method invocation ReflectiveMethodInvocation: public org.springframework.http.ResponseEntity com.usyd.catams.controller.TimesheetController.updateTimesheet(java.lang.Long,com.usyd.catams.dto.request.TimesheetUpdateRequest,org.springframework.security.core.Authentication); target is of class [com.usyd.catams.controller.TimesheetController]
2025-08-05 08:47:21 - Illegal argument exception: Cannot update timesheet with status: final_approved. Only DRAFT timesheets can be updated.
]]></system-out>
  </testcase>
  <testcase name="testAdminCanUpdateDraftTimesheet" classname="com.usyd.catams.integration.TimesheetUpdateDeleteIntegrationTest" time="0.231">
    <system-out><![CDATA[2025-08-05 08:47:21 - Securing PUT /api/timesheets/17
2025-08-05 08:47:21 - JWT authentication successful for user: admin@university.edu with role: ADMIN
2025-08-05 08:47:21 - Secured PUT /api/timesheets/17
2025-08-05 08:47:21 - Authorizing method invocation ReflectiveMethodInvocation: public org.springframework.http.ResponseEntity com.usyd.catams.controller.TimesheetController.updateTimesheet(java.lang.Long,com.usyd.catams.dto.request.TimesheetUpdateRequest,org.springframework.security.core.Authentication); target is of class [com.usyd.catams.controller.TimesheetController]
2025-08-05 08:47:21 - Authorized method invocation ReflectiveMethodInvocation: public org.springframework.http.ResponseEntity com.usyd.catams.controller.TimesheetController.updateTimesheet(java.lang.Long,com.usyd.catams.dto.request.TimesheetUpdateRequest,org.springframework.security.core.Authentication); target is of class [com.usyd.catams.controller.TimesheetController]
]]></system-out>
  </testcase>
  <testcase name="testUpdateTimesheetWithInvalidData" classname="com.usyd.catams.integration.TimesheetUpdateDeleteIntegrationTest" time="0.218">
    <system-out><![CDATA[2025-08-05 08:47:21 - Securing PUT /api/timesheets/19
2025-08-05 08:47:21 - JWT authentication successful for user: lecturer@university.edu with role: LECTURER
2025-08-05 08:47:21 - Secured PUT /api/timesheets/19
2025-08-05 08:47:21 - Validation exception: Validation failed: hours: Hours cannot exceed 40.0
]]></system-out>
  </testcase>
  <testcase name="testDeleteNonExistentTimesheet" classname="com.usyd.catams.integration.TimesheetUpdateDeleteIntegrationTest" time="0.25">
    <system-out><![CDATA[2025-08-05 08:47:22 - Securing DELETE /api/timesheets/99999
2025-08-05 08:47:22 - JWT authentication successful for user: lecturer@university.edu with role: LECTURER
2025-08-05 08:47:22 - Secured DELETE /api/timesheets/99999
2025-08-05 08:47:22 - Authorizing method invocation ReflectiveMethodInvocation: public org.springframework.http.ResponseEntity com.usyd.catams.controller.TimesheetController.deleteTimesheet(java.lang.Long,org.springframework.security.core.Authentication); target is of class [com.usyd.catams.controller.TimesheetController]
2025-08-05 08:47:22 - Authorized method invocation ReflectiveMethodInvocation: public org.springframework.http.ResponseEntity com.usyd.catams.controller.TimesheetController.deleteTimesheet(java.lang.Long,org.springframework.security.core.Authentication); target is of class [com.usyd.catams.controller.TimesheetController]
2025-08-05 08:47:22 - Resource not found: Timesheet not found with ID: 99999
]]></system-out>
  </testcase>
  <testcase name="testLecturerCanUpdateDraftTimesheet" classname="com.usyd.catams.integration.TimesheetUpdateDeleteIntegrationTest" time="0.216">
    <system-out><![CDATA[2025-08-05 08:47:22 - Securing PUT /api/timesheets/23
2025-08-05 08:47:22 - JWT authentication successful for user: lecturer@university.edu with role: LECTURER
2025-08-05 08:47:22 - Secured PUT /api/timesheets/23
2025-08-05 08:47:22 - Authorizing method invocation ReflectiveMethodInvocation: public org.springframework.http.ResponseEntity com.usyd.catams.controller.TimesheetController.updateTimesheet(java.lang.Long,com.usyd.catams.dto.request.TimesheetUpdateRequest,org.springframework.security.core.Authentication); target is of class [com.usyd.catams.controller.TimesheetController]
2025-08-05 08:47:22 - Authorized method invocation ReflectiveMethodInvocation: public org.springframework.http.ResponseEntity com.usyd.catams.controller.TimesheetController.updateTimesheet(java.lang.Long,com.usyd.catams.dto.request.TimesheetUpdateRequest,org.springframework.security.core.Authentication); target is of class [com.usyd.catams.controller.TimesheetController]
]]></system-out>
  </testcase>
  <testcase name="testDeleteTimesheetWithoutAuth" classname="com.usyd.catams.integration.TimesheetUpdateDeleteIntegrationTest" time="0.204">
    <system-out><![CDATA[2025-08-05 08:47:22 - Securing DELETE /api/timesheets/25
2025-08-05 08:47:22 - Set SecurityContextHolder to anonymous SecurityContext
]]></system-out>
  </testcase>
  <testcase name="testAdminCanDeleteDraftTimesheet" classname="com.usyd.catams.integration.TimesheetUpdateDeleteIntegrationTest" time="0.221">
    <system-out><![CDATA[2025-08-05 08:47:22 - Securing DELETE /api/timesheets/27
2025-08-05 08:47:22 - JWT authentication successful for user: admin@university.edu with role: ADMIN
2025-08-05 08:47:22 - Secured DELETE /api/timesheets/27
2025-08-05 08:47:22 - Authorizing method invocation ReflectiveMethodInvocation: public org.springframework.http.ResponseEntity com.usyd.catams.controller.TimesheetController.deleteTimesheet(java.lang.Long,org.springframework.security.core.Authentication); target is of class [com.usyd.catams.controller.TimesheetController]
2025-08-05 08:47:22 - Authorized method invocation ReflectiveMethodInvocation: public org.springframework.http.ResponseEntity com.usyd.catams.controller.TimesheetController.deleteTimesheet(java.lang.Long,org.springframework.security.core.Authentication); target is of class [com.usyd.catams.controller.TimesheetController]
]]></system-out>
  </testcase>
  <testcase name="testCannotDeleteApprovedTimesheet" classname="com.usyd.catams.integration.TimesheetUpdateDeleteIntegrationTest" time="0.212">
    <system-out><![CDATA[2025-08-05 08:47:22 - Securing DELETE /api/timesheets/30
2025-08-05 08:47:22 - JWT authentication successful for user: lecturer@university.edu with role: LECTURER
2025-08-05 08:47:22 - Secured DELETE /api/timesheets/30
2025-08-05 08:47:22 - Authorizing method invocation ReflectiveMethodInvocation: public org.springframework.http.ResponseEntity com.usyd.catams.controller.TimesheetController.deleteTimesheet(java.lang.Long,org.springframework.security.core.Authentication); target is of class [com.usyd.catams.controller.TimesheetController]
2025-08-05 08:47:22 - Authorized method invocation ReflectiveMethodInvocation: public org.springframework.http.ResponseEntity com.usyd.catams.controller.TimesheetController.deleteTimesheet(java.lang.Long,org.springframework.security.core.Authentication); target is of class [com.usyd.catams.controller.TimesheetController]
2025-08-05 08:47:22 - Illegal argument exception: Cannot delete timesheet with status: final_approved. Only DRAFT timesheets can be deleted.
]]></system-out>
  </testcase>
  <testcase name="testLecturerCanDeleteDraftTimesheet" classname="com.usyd.catams.integration.TimesheetUpdateDeleteIntegrationTest" time="0.213">
    <system-out><![CDATA[2025-08-05 08:47:23 - Securing DELETE /api/timesheets/31
2025-08-05 08:47:23 - JWT authentication successful for user: lecturer@university.edu with role: LECTURER
2025-08-05 08:47:23 - Secured DELETE /api/timesheets/31
2025-08-05 08:47:23 - Authorizing method invocation ReflectiveMethodInvocation: public org.springframework.http.ResponseEntity com.usyd.catams.controller.TimesheetController.deleteTimesheet(java.lang.Long,org.springframework.security.core.Authentication); target is of class [com.usyd.catams.controller.TimesheetController]
2025-08-05 08:47:23 - Authorized method invocation ReflectiveMethodInvocation: public org.springframework.http.ResponseEntity com.usyd.catams.controller.TimesheetController.deleteTimesheet(java.lang.Long,org.springframework.security.core.Authentication); target is of class [com.usyd.catams.controller.TimesheetController]
]]></system-out>
  </testcase>
</testsuite>