<?xml version="1.0" encoding="UTF-8"?>
<testsuite xmlns:xsi="http://www.w3.org/2001/XMLSchema-instance" xsi:noNamespaceSchemaLocation="https://maven.apache.org/surefire/maven-surefire-plugin/xsd/surefire-test-report-3.0.xsd" version="3.0" name="com.usyd.catams.integration.TimesheetUpdateDeleteIntegrationTest" time="32.622" tests="13" errors="0" skipped="0" failures="0">
  <properties>
[...]
</properties>
  <testcase name="testLecturerCannotDeleteTimesheetForOtherCourse" classname="com.usyd.catams.integration.TimesheetUpdateDeleteIntegrationTest" time="0.541">
    <system-out><![CDATA[16:06:15.648 [main] INFO  o.s.t.c.s.AnnotationConfigContextLoaderUtils - Could not detect default configuration classes for test class [com.usyd.catams.integration.TimesheetUpdateDeleteIntegrationTest]: TimesheetUpdateDeleteIntegrationTest does not declare any static, non-private, non-final, nested classes annotated with @Configuration.
16:06:15.651 [main] INFO  o.s.b.t.c.SpringBootTestContextBootstrapper - Found @SpringBootConfiguration com.usyd.catams.CatamsApplication for test class com.usyd.catams.integration.TimesheetUpdateDeleteIntegrationTest
16:06:15.655 [main] INFO  o.s.b.d.r.RestartApplicationListener - Restart disabled due to context in which it is running

  .   ____          _            __ _ _
 /\\ / ___'_ __ _ _(_)_ __  __ _ \ \ \ \
( ( )\___ | '_ | '_| | '_ \/ _` | \ \ \ \
 \\/  ___)| |_)| | | | | || (_| |  ) ) ) )
  '  |____| .__|_| |_|_| |_\__, | / / / /
 =========|_|==============|___/=/_/_/_/
 :: Spring Boot ::                (v3.2.0)

16:06:15.676 [main] INFO  c.u.c.i.TimesheetUpdateDeleteIntegrationTest - Starting TimesheetUpdateDeleteIntegrationTest using Java 21.0.8 with PID 43568 (started by k7407 in E:\Code\Casual-Academic-Time-Allocation-Management-System)
16:06:15.676 [main] DEBUG c.u.c.i.TimesheetUpdateDeleteIntegrationTest - Running with Spring Boot v3.2.0, Spring v6.1.1
16:06:15.676 [main] INFO  c.u.c.i.TimesheetUpdateDeleteIntegrationTest - The following 1 profile is active: "integration-test"
16:06:15.922 [main] INFO  o.s.d.r.c.RepositoryConfigurationDelegate - Bootstrapping Spring Data JPA repositories in DEFAULT mode.
16:06:15.952 [main] INFO  o.s.d.r.c.RepositoryConfigurationDelegate - Finished Spring Data repository scanning in 29 ms. Found 3 JPA repository interfaces.
16:06:16.104 [main] INFO  o.s.b.w.e.tomcat.TomcatWebServer - Tomcat initialized with port 0 (http)
16:06:16.104 [main] INFO  o.a.coyote.http11.Http11NioProtocol - Initializing ProtocolHandler ["http-nio-auto-13"]
16:06:16.104 [main] INFO  o.a.catalina.core.StandardService - Starting service [Tomcat]
16:06:16.105 [main] INFO  o.a.catalina.core.StandardEngine - Starting Servlet engine: [Apache Tomcat/10.1.16]
16:06:16.143 [main] INFO  o.a.c.c.C.[.[localhost].[/api] - Initializing Spring embedded WebApplicationContext
16:06:16.144 [main] INFO  o.s.b.w.s.c.ServletWebServerApplicationContext - Root WebApplicationContext: initialization completed in 467 ms
16:06:16.287 [main] INFO  o.h.jpa.internal.util.LogHelper - HHH000204: Processing PersistenceUnitInfo [name: default]
16:06:16.290 [main] INFO  o.h.c.i.RegionFactoryInitiator - HHH000026: Second-level cache disabled
16:06:16.297 [main] INFO  o.s.o.j.p.SpringPersistenceUnitInfo - No LoadTimeWeaver setup: ignoring JPA class transformer
16:06:16.299 [main] INFO  com.zaxxer.hikari.HikariDataSource - HikariPool-15 - Starting...
16:06:16.319 [main] INFO  com.zaxxer.hikari.pool.HikariPool - HikariPool-15 - Added connection org.postgresql.jdbc.PgConnection@724d41b0
16:06:16.319 [main] INFO  com.zaxxer.hikari.HikariDataSource - HikariPool-15 - Start completed.
16:06:16.325 [main] WARN  org.hibernate.orm.deprecation - HHH90000025: PostgreSQLDialect does not need to be specified explicitly using 'hibernate.dialect' (remove the property setting and it will be selected by default)
16:06:16.428 [main] INFO  o.h.e.t.j.p.i.JtaPlatformInitiator - HHH000489: No JTA platform available (set 'hibernate.transaction.jta.platform' to enable JTA platform integration)
16:06:16.574 [main] INFO  o.s.o.j.LocalContainerEntityManagerFactoryBean - Initialized JPA EntityManagerFactory for persistence unit 'default'
16:06:16.676 [main] DEBUG c.u.c.s.JwtAuthenticationFilter - Filter 'jwtAuthenticationFilter' configured for use
16:06:17.033 [main] WARN  o.s.b.a.s.s.UserDetailsServiceAutoConfiguration - 

Using generated security password: f13be057-01b5-4c7c-a79c-193db6e397e0

This generated password is for development use only. Your security configuration must be updated before running your application in production.

16:06:17.232 [main] INFO  o.s.b.a.e.web.EndpointLinksResolver - Exposing 3 endpoint(s) beneath base path '/actuator'
16:06:17.261 [main] INFO  o.s.s.web.DefaultSecurityFilterChain - Will secure any request with [org.springframework.security.web.session.DisableEncodeUrlFilter@5ef0db1f, org.springframework.security.web.context.request.async.WebAsyncManagerIntegrationFilter@3918ff73, org.springframework.security.web.context.SecurityContextHolderFilter@340dcba0, org.springframework.security.web.header.HeaderWriterFilter@7ffacaac, org.springframework.web.filter.CorsFilter@76b61565, org.springframework.security.web.authentication.logout.LogoutFilter@4d546be5, com.usyd.catams.security.JwtAuthenticationFilter@692f8ba2, org.springframework.security.web.savedrequest.RequestCacheAwareFilter@17fe3c10, org.springframework.security.web.servletapi.SecurityContextHolderAwareRequestFilter@79e06745, org.springframework.security.web.authentication.AnonymousAuthenticationFilter@e5ff49e, org.springframework.security.web.session.SessionManagementFilter@40442466, org.springframework.security.web.access.ExceptionTranslationFilter@64a0c244, org.springframework.security.web.access.intercept.AuthorizationFilter@4559e684]
16:06:17.459 [main] DEBUG c.u.c.s.JwtAuthenticationFilter - Filter 'jwtAuthenticationFilter' configured for use
16:06:17.460 [main] INFO  o.a.c.c.C.[.[localhost].[/api] - Initializing Spring TestDispatcherServlet ''
16:06:17.460 [main] INFO  o.s.t.w.s.TestDispatcherServlet - Initializing Servlet ''
16:06:17.461 [main] INFO  o.s.t.w.s.TestDispatcherServlet - Completed initialization in 1 ms
16:06:17.485 [main] INFO  o.a.coyote.http11.Http11NioProtocol - Starting ProtocolHandler ["http-nio-auto-13"]
16:06:17.490 [main] INFO  o.s.b.w.e.tomcat.TomcatWebServer - Tomcat started on port 52587 (http) with context path '/api'
16:06:17.493 [main] INFO  c.u.c.i.TimesheetUpdateDeleteIntegrationTest - Started TimesheetUpdateDeleteIntegrationTest in 1.838 seconds (process running for 74.603)
16:06:17.849 [main] DEBUG o.s.security.web.FilterChainProxy - Securing DELETE /api/timesheets/1
16:06:17.860 [main] DEBUG c.u.c.s.JwtAuthenticationFilter - JWT authentication successful for user: other.lecturer@university.edu with role: LECTURER
16:06:17.861 [main] WARN  o.s.w.s.h.HandlerMappingIntrospector - Cache miss for REQUEST dispatch to '/api/timesheets/1' (previous null). Performing MatchableHandlerMapping lookup. This is logged once only at WARN level, and every time at TRACE.
16:06:17.863 [main] DEBUG o.s.security.web.FilterChainProxy - Secured DELETE /api/timesheets/1
16:06:17.864 [main] DEBUG o.s.s.a.m.AuthorizationManagerBeforeMethodInterceptor - Authorizing method invocation ReflectiveMethodInvocation: public org.springframework.http.ResponseEntity com.usyd.catams.controller.TimesheetController.deleteTimesheet(java.lang.Long,org.springframework.security.core.Authentication); target is of class [com.usyd.catams.controller.TimesheetController]
16:06:17.867 [main] DEBUG o.s.s.a.m.AuthorizationManagerBeforeMethodInterceptor - Authorized method invocation ReflectiveMethodInvocation: public org.springframework.http.ResponseEntity com.usyd.catams.controller.TimesheetController.deleteTimesheet(java.lang.Long,org.springframework.security.core.Authentication); target is of class [com.usyd.catams.controller.TimesheetController]
16:06:17.889 [main] WARN  c.u.c.e.GlobalExceptionHandler - Security exception: User does not have permission to modify this timesheet
16:06:17.924 [main] INFO  o.a.coyote.http11.Http11NioProtocol - Stopping ProtocolHandler ["http-nio-auto-13-52587"]
16:06:17.943 [main] INFO  o.s.o.j.LocalContainerEntityManagerFactoryBean - Closing JPA EntityManagerFactory for persistence unit 'default'
16:06:18.014 [main] INFO  com.zaxxer.hikari.HikariDataSource - HikariPool-15 - Shutdown initiated...
16:06:18.021 [main] INFO  com.zaxxer.hikari.HikariDataSource - HikariPool-15 - Shutdown completed.
]]></system-out>
  </testcase>
  <testcase name="testLecturerCannotUpdateTimesheetForOtherCourse" classname="com.usyd.catams.integration.TimesheetUpdateDeleteIntegrationTest" time="0.55">
    <system-out><![CDATA[16:06:18.044 [main] INFO  o.s.b.d.r.RestartApplicationListener - Restart disabled due to context in which it is running

  .   ____          _            __ _ _
 /\\ / ___'_ __ _ _(_)_ __  __ _ \ \ \ \
( ( )\___ | '_ | '_| | '_ \/ _` | \ \ \ \
 \\/  ___)| |_)| | | | | || (_| |  ) ) ) )
  '  |____| .__|_| |_|_| |_\__, | / / / /
 =========|_|==============|___/=/_/_/_/
 :: Spring Boot ::                (v3.2.0)

16:06:18.093 [main] INFO  c.u.c.i.TimesheetUpdateDeleteIntegrationTest - Starting TimesheetUpdateDeleteIntegrationTest using Java 21.0.8 with PID 43568 (started by k7407 in E:\Code\Casual-Academic-Time-Allocation-Management-System)
16:06:18.093 [main] DEBUG c.u.c.i.TimesheetUpdateDeleteIntegrationTest - Running with Spring Boot v3.2.0, Spring v6.1.1
16:06:18.093 [main] INFO  c.u.c.i.TimesheetUpdateDeleteIntegrationTest - The following 1 profile is active: "integration-test"
16:06:18.493 [main] INFO  o.s.d.r.c.RepositoryConfigurationDelegate - Bootstrapping Spring Data JPA repositories in DEFAULT mode.
16:06:18.526 [main] INFO  o.s.d.r.c.RepositoryConfigurationDelegate - Finished Spring Data repository scanning in 33 ms. Found 3 JPA repository interfaces.
16:06:18.704 [main] INFO  o.s.b.w.e.tomcat.TomcatWebServer - Tomcat initialized with port 0 (http)
16:06:18.705 [main] INFO  o.a.coyote.http11.Http11NioProtocol - Initializing ProtocolHandler ["http-nio-auto-14"]
16:06:18.705 [main] INFO  o.a.catalina.core.StandardService - Starting service [Tomcat]
16:06:18.705 [main] INFO  o.a.catalina.core.StandardEngine - Starting Servlet engine: [Apache Tomcat/10.1.16]
16:06:18.745 [main] INFO  o.a.c.c.C.[.[localhost].[/api] - Initializing Spring embedded WebApplicationContext
16:06:18.745 [main] INFO  o.s.b.w.s.c.ServletWebServerApplicationContext - Root WebApplicationContext: initialization completed in 649 ms
16:06:18.891 [main] INFO  o.h.jpa.internal.util.LogHelper - HHH000204: Processing PersistenceUnitInfo [name: default]
16:06:18.895 [main] INFO  o.h.c.i.RegionFactoryInitiator - HHH000026: Second-level cache disabled
16:06:18.900 [main] INFO  o.s.o.j.p.SpringPersistenceUnitInfo - No LoadTimeWeaver setup: ignoring JPA class transformer
16:06:18.902 [main] INFO  com.zaxxer.hikari.HikariDataSource - HikariPool-16 - Starting...
16:06:18.924 [main] INFO  com.zaxxer.hikari.pool.HikariPool - HikariPool-16 - Added connection org.postgresql.jdbc.PgConnection@707c60f5
16:06:18.924 [main] INFO  com.zaxxer.hikari.HikariDataSource - HikariPool-16 - Start completed.
16:06:18.931 [main] WARN  org.hibernate.orm.deprecation - HHH90000025: PostgreSQLDialect does not need to be specified explicitly using 'hibernate.dialect' (remove the property setting and it will be selected by default)
16:06:19.064 [main] INFO  o.h.e.t.j.p.i.JtaPlatformInitiator - HHH000489: No JTA platform available (set 'hibernate.transaction.jta.platform' to enable JTA platform integration)
16:06:19.067 [main] WARN  o.h.e.jdbc.spi.SqlExceptionHelper - SQL Warning Code: 0, SQLState: 00000
16:06:19.067 [main] WARN  o.h.e.jdbc.spi.SqlExceptionHelper - table "approvals" does not exist, skipping
16:06:19.069 [main] WARN  o.h.e.jdbc.spi.SqlExceptionHelper - SQL Warning Code: 0, SQLState: 00000
16:06:19.069 [main] WARN  o.h.e.jdbc.spi.SqlExceptionHelper - table "courses" does not exist, skipping
16:06:19.071 [main] WARN  o.h.e.jdbc.spi.SqlExceptionHelper - SQL Warning Code: 0, SQLState: 00000
16:06:19.072 [main] WARN  o.h.e.jdbc.spi.SqlExceptionHelper - table "timesheets" does not exist, skipping
16:06:19.074 [main] WARN  o.h.e.jdbc.spi.SqlExceptionHelper - SQL Warning Code: 0, SQLState: 00000
16:06:19.074 [main] WARN  o.h.e.jdbc.spi.SqlExceptionHelper - table "users" does not exist, skipping
16:06:19.172 [main] INFO  o.s.o.j.LocalContainerEntityManagerFactoryBean - Initialized JPA EntityManagerFactory for persistence unit 'default'
16:06:19.283 [main] DEBUG c.u.c.s.JwtAuthenticationFilter - Filter 'jwtAuthenticationFilter' configured for use
16:06:19.654 [main] WARN  o.s.b.a.s.s.UserDetailsServiceAutoConfiguration - 

Using generated security password: b372be10-4325-4aac-93c6-2978b9cf9b36

This generated password is for development use only. Your security configuration must be updated before running your application in production.

16:06:19.878 [main] INFO  o.s.b.a.e.web.EndpointLinksResolver - Exposing 3 endpoint(s) beneath base path '/actuator'
16:06:19.912 [main] INFO  o.s.s.web.DefaultSecurityFilterChain - Will secure any request with [org.springframework.security.web.session.DisableEncodeUrlFilter@19db2e6e, org.springframework.security.web.context.request.async.WebAsyncManagerIntegrationFilter@471c5341, org.springframework.security.web.context.SecurityContextHolderFilter@1741236, org.springframework.security.web.header.HeaderWriterFilter@6931e449, org.springframework.web.filter.CorsFilter@28392737, org.springframework.security.web.authentication.logout.LogoutFilter@7e7c15c0, com.usyd.catams.security.JwtAuthenticationFilter@4befbab2, org.springframework.security.web.savedrequest.RequestCacheAwareFilter@29296df, org.springframework.security.web.servletapi.SecurityContextHolderAwareRequestFilter@52b9006c, org.springframework.security.web.authentication.AnonymousAuthenticationFilter@333153e5, org.springframework.security.web.session.SessionManagementFilter@24fc9392, org.springframework.security.web.access.ExceptionTranslationFilter@60cd016, org.springframework.security.web.access.intercept.AuthorizationFilter@1a80bc57]
16:06:20.162 [main] DEBUG c.u.c.s.JwtAuthenticationFilter - Filter 'jwtAuthenticationFilter' configured for use
16:06:20.162 [main] INFO  o.a.c.c.C.[.[localhost].[/api] - Initializing Spring TestDispatcherServlet ''
16:06:20.162 [main] INFO  o.s.t.w.s.TestDispatcherServlet - Initializing Servlet ''
16:06:20.163 [main] INFO  o.s.t.w.s.TestDispatcherServlet - Completed initialization in 1 ms
16:06:20.191 [main] INFO  o.a.coyote.http11.Http11NioProtocol - Starting ProtocolHandler ["http-nio-auto-14"]
16:06:20.195 [main] INFO  o.s.b.w.e.tomcat.TomcatWebServer - Tomcat started on port 52602 (http) with context path '/api'
16:06:20.200 [main] INFO  c.u.c.i.TimesheetUpdateDeleteIntegrationTest - Started TimesheetUpdateDeleteIntegrationTest in 2.156 seconds (process running for 77.309)
16:06:20.610 [main] DEBUG o.s.security.web.FilterChainProxy - Securing PUT /api/timesheets/1
16:06:20.622 [main] DEBUG c.u.c.s.JwtAuthenticationFilter - JWT authentication successful for user: other.lecturer@university.edu with role: LECTURER
16:06:20.622 [main] WARN  o.s.w.s.h.HandlerMappingIntrospector - Cache miss for REQUEST dispatch to '/api/timesheets/1' (previous null). Performing MatchableHandlerMapping lookup. This is logged once only at WARN level, and every time at TRACE.
16:06:20.624 [main] DEBUG o.s.security.web.FilterChainProxy - Secured PUT /api/timesheets/1
16:06:20.639 [main] DEBUG o.s.s.a.m.AuthorizationManagerBeforeMethodInterceptor - Authorizing method invocation ReflectiveMethodInvocation: public org.springframework.http.ResponseEntity com.usyd.catams.controller.TimesheetController.updateTimesheet(java.lang.Long,com.usyd.catams.dto.request.TimesheetUpdateRequest,org.springframework.security.core.Authentication); target is of class [com.usyd.catams.controller.TimesheetController]
16:06:20.642 [main] DEBUG o.s.s.a.m.AuthorizationManagerBeforeMethodInterceptor - Authorized method invocation ReflectiveMethodInvocation: public org.springframework.http.ResponseEntity com.usyd.catams.controller.TimesheetController.updateTimesheet(java.lang.Long,com.usyd.catams.dto.request.TimesheetUpdateRequest,org.springframework.security.core.Authentication); target is of class [com.usyd.catams.controller.TimesheetController]
16:06:20.663 [main] WARN  c.u.c.e.GlobalExceptionHandler - Security exception: User does not have permission to modify this timesheet
16:06:20.670 [main] INFO  o.a.coyote.http11.Http11NioProtocol - Stopping ProtocolHandler ["http-nio-auto-14-52602"]
16:06:20.678 [main] INFO  o.s.o.j.LocalContainerEntityManagerFactoryBean - Closing JPA EntityManagerFactory for persistence unit 'default'
16:06:20.744 [main] INFO  com.zaxxer.hikari.HikariDataSource - HikariPool-16 - Shutdown initiated...
16:06:20.748 [main] INFO  com.zaxxer.hikari.HikariDataSource - HikariPool-16 - Shutdown completed.
]]></system-out>
  </testcase>
  <testcase name="testUpdateNonExistentTimesheet" classname="com.usyd.catams.integration.TimesheetUpdateDeleteIntegrationTest" time="0.491">
    <system-out><![CDATA[16:06:20.757 [main] INFO  o.s.b.d.r.RestartApplicationListener - Restart disabled due to context in which it is running

  .   ____          _            __ _ _
 /\\ / ___'_ __ _ _(_)_ __  __ _ \ \ \ \
( ( )\___ | '_ | '_| | '_ \/ _` | \ \ \ \
 \\/  ___)| |_)| | | | | || (_| |  ) ) ) )
  '  |____| .__|_| |_|_| |_\__, | / / / /
 =========|_|==============|___/=/_/_/_/
 :: Spring Boot ::                (v3.2.0)

16:06:20.787 [main] INFO  c.u.c.i.TimesheetUpdateDeleteIntegrationTest - Starting TimesheetUpdateDeleteIntegrationTest using Java 21.0.8 with PID 43568 (started by k7407 in E:\Code\Casual-Academic-Time-Allocation-Management-System)
16:06:20.787 [main] DEBUG c.u.c.i.TimesheetUpdateDeleteIntegrationTest - Running with Spring Boot v3.2.0, Spring v6.1.1
16:06:20.787 [main] INFO  c.u.c.i.TimesheetUpdateDeleteIntegrationTest - The following 1 profile is active: "integration-test"
16:06:21.120 [main] INFO  o.s.d.r.c.RepositoryConfigurationDelegate - Bootstrapping Spring Data JPA repositories in DEFAULT mode.
16:06:21.148 [main] INFO  o.s.d.r.c.RepositoryConfigurationDelegate - Finished Spring Data repository scanning in 27 ms. Found 3 JPA repository interfaces.
16:06:21.370 [main] INFO  o.s.b.w.e.tomcat.TomcatWebServer - Tomcat initialized with port 0 (http)
16:06:21.371 [main] INFO  o.a.coyote.http11.Http11NioProtocol - Initializing ProtocolHandler ["http-nio-auto-15"]
16:06:21.371 [main] INFO  o.a.catalina.core.StandardService - Starting service [Tomcat]
16:06:21.371 [main] INFO  o.a.catalina.core.StandardEngine - Starting Servlet engine: [Apache Tomcat/10.1.16]
16:06:21.425 [main] INFO  o.a.c.c.C.[.[localhost].[/api] - Initializing Spring embedded WebApplicationContext
16:06:21.425 [main] INFO  o.s.b.w.s.c.ServletWebServerApplicationContext - Root WebApplicationContext: initialization completed in 635 ms
16:06:21.598 [main] INFO  o.h.jpa.internal.util.LogHelper - HHH000204: Processing PersistenceUnitInfo [name: default]
16:06:21.603 [main] INFO  o.h.c.i.RegionFactoryInitiator - HHH000026: Second-level cache disabled
16:06:21.608 [main] INFO  o.s.o.j.p.SpringPersistenceUnitInfo - No LoadTimeWeaver setup: ignoring JPA class transformer
16:06:21.609 [main] INFO  com.zaxxer.hikari.HikariDataSource - HikariPool-17 - Starting...
16:06:21.632 [main] INFO  com.zaxxer.hikari.pool.HikariPool - HikariPool-17 - Added connection org.postgresql.jdbc.PgConnection@2a40c1cc
16:06:21.632 [main] INFO  com.zaxxer.hikari.HikariDataSource - HikariPool-17 - Start completed.
16:06:21.638 [main] WARN  org.hibernate.orm.deprecation - HHH90000025: PostgreSQLDialect does not need to be specified explicitly using 'hibernate.dialect' (remove the property setting and it will be selected by default)
16:06:21.746 [main] INFO  o.h.e.t.j.p.i.JtaPlatformInitiator - HHH000489: No JTA platform available (set 'hibernate.transaction.jta.platform' to enable JTA platform integration)
16:06:21.748 [main] WARN  o.h.e.jdbc.spi.SqlExceptionHelper - SQL Warning Code: 0, SQLState: 00000
16:06:21.748 [main] WARN  o.h.e.jdbc.spi.SqlExceptionHelper - table "approvals" does not exist, skipping
16:06:21.750 [main] WARN  o.h.e.jdbc.spi.SqlExceptionHelper - SQL Warning Code: 0, SQLState: 00000
16:06:21.750 [main] WARN  o.h.e.jdbc.spi.SqlExceptionHelper - table "courses" does not exist, skipping
16:06:21.753 [main] WARN  o.h.e.jdbc.spi.SqlExceptionHelper - SQL Warning Code: 0, SQLState: 00000
16:06:21.753 [main] WARN  o.h.e.jdbc.spi.SqlExceptionHelper - table "timesheets" does not exist, skipping
16:06:21.755 [main] WARN  o.h.e.jdbc.spi.SqlExceptionHelper - SQL Warning Code: 0, SQLState: 00000
16:06:21.755 [main] WARN  o.h.e.jdbc.spi.SqlExceptionHelper - table "users" does not exist, skipping
16:06:21.860 [main] INFO  o.s.o.j.LocalContainerEntityManagerFactoryBean - Initialized JPA EntityManagerFactory for persistence unit 'default'
16:06:21.977 [main] DEBUG c.u.c.s.JwtAuthenticationFilter - Filter 'jwtAuthenticationFilter' configured for use
16:06:22.281 [main] WARN  o.s.b.a.s.s.UserDetailsServiceAutoConfiguration - 

Using generated security password: d7c7e1b2-0ecc-41a2-bc72-cd3630b1c33d

This generated password is for development use only. Your security configuration must be updated before running your application in production.

16:06:22.540 [main] INFO  o.s.b.a.e.web.EndpointLinksResolver - Exposing 3 endpoint(s) beneath base path '/actuator'
16:06:22.578 [main] INFO  o.s.s.web.DefaultSecurityFilterChain - Will secure any request with [org.springframework.security.web.session.DisableEncodeUrlFilter@688c9b8e, org.springframework.security.web.context.request.async.WebAsyncManagerIntegrationFilter@4f44ef96, org.springframework.security.web.context.SecurityContextHolderFilter@66361532, org.springframework.security.web.header.HeaderWriterFilter@5d3aa31c, org.springframework.web.filter.CorsFilter@21ac17cd, org.springframework.security.web.authentication.logout.LogoutFilter@635d4383, com.usyd.catams.security.JwtAuthenticationFilter@247522c3, org.springframework.security.web.savedrequest.RequestCacheAwareFilter@559d7415, org.springframework.security.web.servletapi.SecurityContextHolderAwareRequestFilter@3e78b458, org.springframework.security.web.authentication.AnonymousAuthenticationFilter@77afef15, org.springframework.security.web.session.SessionManagementFilter@30469a7c, org.springframework.security.web.access.ExceptionTranslationFilter@2e46410b, org.springframework.security.web.access.intercept.AuthorizationFilter@1632027d]
16:06:22.839 [main] DEBUG c.u.c.s.JwtAuthenticationFilter - Filter 'jwtAuthenticationFilter' configured for use
16:06:22.840 [main] INFO  o.a.c.c.C.[.[localhost].[/api] - Initializing Spring TestDispatcherServlet ''
16:06:22.840 [main] INFO  o.s.t.w.s.TestDispatcherServlet - Initializing Servlet ''
16:06:22.842 [main] INFO  o.s.t.w.s.TestDispatcherServlet - Completed initialization in 2 ms
16:06:22.878 [main] INFO  o.a.coyote.http11.Http11NioProtocol - Starting ProtocolHandler ["http-nio-auto-15"]
16:06:22.883 [main] INFO  o.s.b.w.e.tomcat.TomcatWebServer - Tomcat started on port 52614 (http) with context path '/api'
16:06:22.888 [main] INFO  c.u.c.i.TimesheetUpdateDeleteIntegrationTest - Started TimesheetUpdateDeleteIntegrationTest in 2.13 seconds (process running for 79.997)
16:06:23.263 [main] DEBUG o.s.security.web.FilterChainProxy - Securing PUT /api/timesheets/99999
16:06:23.274 [main] DEBUG c.u.c.s.JwtAuthenticationFilter - JWT authentication successful for user: lecturer@university.edu with role: LECTURER
16:06:23.275 [main] WARN  o.s.w.s.h.HandlerMappingIntrospector - Cache miss for REQUEST dispatch to '/api/timesheets/99999' (previous null). Performing MatchableHandlerMapping lookup. This is logged once only at WARN level, and every time at TRACE.
16:06:23.276 [main] DEBUG o.s.security.web.FilterChainProxy - Secured PUT /api/timesheets/99999
16:06:23.291 [main] DEBUG o.s.s.a.m.AuthorizationManagerBeforeMethodInterceptor - Authorizing method invocation ReflectiveMethodInvocation: public org.springframework.http.ResponseEntity com.usyd.catams.controller.TimesheetController.updateTimesheet(java.lang.Long,com.usyd.catams.dto.request.TimesheetUpdateRequest,org.springframework.security.core.Authentication); target is of class [com.usyd.catams.controller.TimesheetController]
16:06:23.294 [main] DEBUG o.s.s.a.m.AuthorizationManagerBeforeMethodInterceptor - Authorized method invocation ReflectiveMethodInvocation: public org.springframework.http.ResponseEntity com.usyd.catams.controller.TimesheetController.updateTimesheet(java.lang.Long,com.usyd.catams.dto.request.TimesheetUpdateRequest,org.springframework.security.core.Authentication); target is of class [com.usyd.catams.controller.TimesheetController]
16:06:23.307 [main] WARN  c.u.c.e.GlobalExceptionHandler - Resource not found: Timesheet not found with ID: 99999
16:06:23.317 [main] INFO  o.a.coyote.http11.Http11NioProtocol - Stopping ProtocolHandler ["http-nio-auto-15-52614"]
16:06:23.326 [main] INFO  o.s.o.j.LocalContainerEntityManagerFactoryBean - Closing JPA EntityManagerFactory for persistence unit 'default'
16:06:23.373 [main] INFO  com.zaxxer.hikari.HikariDataSource - HikariPool-17 - Shutdown initiated...
16:06:23.375 [main] INFO  com.zaxxer.hikari.HikariDataSource - HikariPool-17 - Shutdown completed.
]]></system-out>
  </testcase>
  <testcase name="testUpdateTimesheetWithoutAuth" classname="com.usyd.catams.integration.TimesheetUpdateDeleteIntegrationTest" time="0.378">
    <system-out><![CDATA[16:06:23.387 [main] INFO  o.s.b.d.r.RestartApplicationListener - Restart disabled due to context in which it is running

  .   ____          _            __ _ _
 /\\ / ___'_ __ _ _(_)_ __  __ _ \ \ \ \
( ( )\___ | '_ | '_| | '_ \/ _` | \ \ \ \
 \\/  ___)| |_)| | | | | || (_| |  ) ) ) )
  '  |____| .__|_| |_|_| |_\__, | / / / /
 =========|_|==============|___/=/_/_/_/
 :: Spring Boot ::                (v3.2.0)

16:06:23.421 [main] INFO  c.u.c.i.TimesheetUpdateDeleteIntegrationTest - Starting TimesheetUpdateDeleteIntegrationTest using Java 21.0.8 with PID 43568 (started by k7407 in E:\Code\Casual-Academic-Time-Allocation-Management-System)
16:06:23.422 [main] DEBUG c.u.c.i.TimesheetUpdateDeleteIntegrationTest - Running with Spring Boot v3.2.0, Spring v6.1.1
16:06:23.422 [main] INFO  c.u.c.i.TimesheetUpdateDeleteIntegrationTest - The following 1 profile is active: "integration-test"
16:06:24.053 [main] INFO  o.s.d.r.c.RepositoryConfigurationDelegate - Bootstrapping Spring Data JPA repositories in DEFAULT mode.
16:06:24.085 [main] INFO  o.s.d.r.c.RepositoryConfigurationDelegate - Finished Spring Data repository scanning in 32 ms. Found 3 JPA repository interfaces.
16:06:24.247 [main] INFO  o.s.b.w.e.tomcat.TomcatWebServer - Tomcat initialized with port 0 (http)
16:06:24.247 [main] INFO  o.a.coyote.http11.Http11NioProtocol - Initializing ProtocolHandler ["http-nio-auto-16"]
16:06:24.248 [main] INFO  o.a.catalina.core.StandardService - Starting service [Tomcat]
16:06:24.248 [main] INFO  o.a.catalina.core.StandardEngine - Starting Servlet engine: [Apache Tomcat/10.1.16]
16:06:24.295 [main] INFO  o.a.c.c.C.[.[localhost].[/api] - Initializing Spring embedded WebApplicationContext
16:06:24.295 [main] INFO  o.s.b.w.s.c.ServletWebServerApplicationContext - Root WebApplicationContext: initialization completed in 871 ms
16:06:24.460 [main] INFO  o.h.jpa.internal.util.LogHelper - HHH000204: Processing PersistenceUnitInfo [name: default]
16:06:24.463 [main] INFO  o.h.c.i.RegionFactoryInitiator - HHH000026: Second-level cache disabled
16:06:24.469 [main] INFO  o.s.o.j.p.SpringPersistenceUnitInfo - No LoadTimeWeaver setup: ignoring JPA class transformer
16:06:24.470 [main] INFO  com.zaxxer.hikari.HikariDataSource - HikariPool-18 - Starting...
16:06:24.495 [main] INFO  com.zaxxer.hikari.pool.HikariPool - HikariPool-18 - Added connection org.postgresql.jdbc.PgConnection@456b1881
16:06:24.495 [main] INFO  com.zaxxer.hikari.HikariDataSource - HikariPool-18 - Start completed.
16:06:24.500 [main] WARN  org.hibernate.orm.deprecation - HHH90000025: PostgreSQLDialect does not need to be specified explicitly using 'hibernate.dialect' (remove the property setting and it will be selected by default)
16:06:24.622 [main] INFO  o.h.e.t.j.p.i.JtaPlatformInitiator - HHH000489: No JTA platform available (set 'hibernate.transaction.jta.platform' to enable JTA platform integration)
16:06:24.625 [main] WARN  o.h.e.jdbc.spi.SqlExceptionHelper - SQL Warning Code: 0, SQLState: 00000
16:06:24.625 [main] WARN  o.h.e.jdbc.spi.SqlExceptionHelper - table "approvals" does not exist, skipping
16:06:24.627 [main] WARN  o.h.e.jdbc.spi.SqlExceptionHelper - SQL Warning Code: 0, SQLState: 00000
16:06:24.627 [main] WARN  o.h.e.jdbc.spi.SqlExceptionHelper - table "courses" does not exist, skipping
16:06:24.629 [main] WARN  o.h.e.jdbc.spi.SqlExceptionHelper - SQL Warning Code: 0, SQLState: 00000
16:06:24.629 [main] WARN  o.h.e.jdbc.spi.SqlExceptionHelper - table "timesheets" does not exist, skipping
16:06:24.631 [main] WARN  o.h.e.jdbc.spi.SqlExceptionHelper - SQL Warning Code: 0, SQLState: 00000
16:06:24.631 [main] WARN  o.h.e.jdbc.spi.SqlExceptionHelper - table "users" does not exist, skipping
16:06:24.738 [main] INFO  o.s.o.j.LocalContainerEntityManagerFactoryBean - Initialized JPA EntityManagerFactory for persistence unit 'default'
16:06:24.907 [main] DEBUG c.u.c.s.JwtAuthenticationFilter - Filter 'jwtAuthenticationFilter' configured for use
16:06:25.250 [main] WARN  o.s.b.a.s.s.UserDetailsServiceAutoConfiguration - 

Using generated security password: c05312bb-b714-4d83-bcf3-f0f514f8fac0

This generated password is for development use only. Your security configuration must be updated before running your application in production.

16:06:25.529 [main] INFO  o.s.b.a.e.web.EndpointLinksResolver - Exposing 3 endpoint(s) beneath base path '/actuator'
16:06:25.565 [main] INFO  o.s.s.web.DefaultSecurityFilterChain - Will secure any request with [org.springframework.security.web.session.DisableEncodeUrlFilter@5f7d121f, org.springframework.security.web.context.request.async.WebAsyncManagerIntegrationFilter@652fffb1, org.springframework.security.web.context.SecurityContextHolderFilter@66dd615d, org.springframework.security.web.header.HeaderWriterFilter@4d5f66a6, org.springframework.web.filter.CorsFilter@3e085b14, org.springframework.security.web.authentication.logout.LogoutFilter@1bf4ba2c, com.usyd.catams.security.JwtAuthenticationFilter@83d2dbc, org.springframework.security.web.savedrequest.RequestCacheAwareFilter@3bd5e8cc, org.springframework.security.web.servletapi.SecurityContextHolderAwareRequestFilter@cea44de, org.springframework.security.web.authentication.AnonymousAuthenticationFilter@39f98cc6, org.springframework.security.web.session.SessionManagementFilter@7061036e, org.springframework.security.web.access.ExceptionTranslationFilter@3a63beac, org.springframework.security.web.access.intercept.AuthorizationFilter@11a05d5f]
16:06:25.796 [main] DEBUG c.u.c.s.JwtAuthenticationFilter - Filter 'jwtAuthenticationFilter' configured for use
16:06:25.797 [main] INFO  o.a.c.c.C.[.[localhost].[/api] - Initializing Spring TestDispatcherServlet ''
16:06:25.797 [main] INFO  o.s.t.w.s.TestDispatcherServlet - Initializing Servlet ''
16:06:25.799 [main] INFO  o.s.t.w.s.TestDispatcherServlet - Completed initialization in 2 ms
16:06:25.825 [main] INFO  o.a.coyote.http11.Http11NioProtocol - Starting ProtocolHandler ["http-nio-auto-16"]
16:06:25.829 [main] INFO  o.s.b.w.e.tomcat.TomcatWebServer - Tomcat started on port 52626 (http) with context path '/api'
16:06:25.832 [main] INFO  c.u.c.i.TimesheetUpdateDeleteIntegrationTest - Started TimesheetUpdateDeleteIntegrationTest in 2.445 seconds (process running for 82.942)
16:06:26.144 [main] DEBUG o.s.security.web.FilterChainProxy - Securing PUT /api/timesheets/1
16:06:26.145 [main] DEBUG o.s.s.w.a.AnonymousAuthenticationFilter - Set SecurityContextHolder to anonymous SecurityContext
16:06:26.145 [main] WARN  o.s.w.s.h.HandlerMappingIntrospector - Cache miss for REQUEST dispatch to '/api/timesheets/1' (previous null). Performing MatchableHandlerMapping lookup. This is logged once only at WARN level, and every time at TRACE.
16:06:26.154 [main] INFO  o.a.coyote.http11.Http11NioProtocol - Stopping ProtocolHandler ["http-nio-auto-16-52626"]
16:06:26.163 [main] INFO  o.s.o.j.LocalContainerEntityManagerFactoryBean - Closing JPA EntityManagerFactory for persistence unit 'default'
16:06:26.207 [main] INFO  com.zaxxer.hikari.HikariDataSource - HikariPool-18 - Shutdown initiated...
16:06:26.210 [main] INFO  com.zaxxer.hikari.HikariDataSource - HikariPool-18 - Shutdown completed.
]]></system-out>
  </testcase>
  <testcase name="testCannotUpdateApprovedTimesheet" classname="com.usyd.catams.integration.TimesheetUpdateDeleteIntegrationTest" time="0.541">
    <system-out><![CDATA[16:06:26.220 [main] INFO  o.s.b.d.r.RestartApplicationListener - Restart disabled due to context in which it is running

  .   ____          _            __ _ _
 /\\ / ___'_ __ _ _(_)_ __  __ _ \ \ \ \
( ( )\___ | '_ | '_| | '_ \/ _` | \ \ \ \
 \\/  ___)| |_)| | | | | || (_| |  ) ) ) )
  '  |____| .__|_| |_|_| |_\__, | / / / /
 =========|_|==============|___/=/_/_/_/
 :: Spring Boot ::                (v3.2.0)

16:06:26.252 [main] INFO  c.u.c.i.TimesheetUpdateDeleteIntegrationTest - Starting TimesheetUpdateDeleteIntegrationTest using Java 21.0.8 with PID 43568 (started by k7407 in E:\Code\Casual-Academic-Time-Allocation-Management-System)
16:06:26.252 [main] DEBUG c.u.c.i.TimesheetUpdateDeleteIntegrationTest - Running with Spring Boot v3.2.0, Spring v6.1.1
16:06:26.252 [main] INFO  c.u.c.i.TimesheetUpdateDeleteIntegrationTest - The following 1 profile is active: "integration-test"
16:06:26.555 [main] INFO  o.s.d.r.c.RepositoryConfigurationDelegate - Bootstrapping Spring Data JPA repositories in DEFAULT mode.
16:06:26.582 [main] INFO  o.s.d.r.c.RepositoryConfigurationDelegate - Finished Spring Data repository scanning in 26 ms. Found 3 JPA repository interfaces.
16:06:26.743 [main] INFO  o.s.b.w.e.tomcat.TomcatWebServer - Tomcat initialized with port 0 (http)
16:06:26.743 [main] INFO  o.a.coyote.http11.Http11NioProtocol - Initializing ProtocolHandler ["http-nio-auto-17"]
16:06:26.744 [main] INFO  o.a.catalina.core.StandardService - Starting service [Tomcat]
16:06:26.744 [main] INFO  o.a.catalina.core.StandardEngine - Starting Servlet engine: [Apache Tomcat/10.1.16]
16:06:26.788 [main] INFO  o.a.c.c.C.[.[localhost].[/api] - Initializing Spring embedded WebApplicationContext
16:06:26.788 [main] INFO  o.s.b.w.s.c.ServletWebServerApplicationContext - Root WebApplicationContext: initialization completed in 535 ms
16:06:26.952 [main] INFO  o.h.jpa.internal.util.LogHelper - HHH000204: Processing PersistenceUnitInfo [name: default]
16:06:26.956 [main] INFO  o.h.c.i.RegionFactoryInitiator - HHH000026: Second-level cache disabled
16:06:26.962 [main] INFO  o.s.o.j.p.SpringPersistenceUnitInfo - No LoadTimeWeaver setup: ignoring JPA class transformer
16:06:26.963 [main] INFO  com.zaxxer.hikari.HikariDataSource - HikariPool-19 - Starting...
16:06:26.984 [main] INFO  com.zaxxer.hikari.pool.HikariPool - HikariPool-19 - Added connection org.postgresql.jdbc.PgConnection@3215b386
16:06:26.984 [main] INFO  com.zaxxer.hikari.HikariDataSource - HikariPool-19 - Start completed.
16:06:26.990 [main] WARN  org.hibernate.orm.deprecation - HHH90000025: PostgreSQLDialect does not need to be specified explicitly using 'hibernate.dialect' (remove the property setting and it will be selected by default)
16:06:27.099 [main] INFO  o.h.e.t.j.p.i.JtaPlatformInitiator - HHH000489: No JTA platform available (set 'hibernate.transaction.jta.platform' to enable JTA platform integration)
16:06:27.101 [main] WARN  o.h.e.jdbc.spi.SqlExceptionHelper - SQL Warning Code: 0, SQLState: 00000
16:06:27.101 [main] WARN  o.h.e.jdbc.spi.SqlExceptionHelper - table "approvals" does not exist, skipping
16:06:27.103 [main] WARN  o.h.e.jdbc.spi.SqlExceptionHelper - SQL Warning Code: 0, SQLState: 00000
16:06:27.103 [main] WARN  o.h.e.jdbc.spi.SqlExceptionHelper - table "courses" does not exist, skipping
16:06:27.105 [main] WARN  o.h.e.jdbc.spi.SqlExceptionHelper - SQL Warning Code: 0, SQLState: 00000
16:06:27.106 [main] WARN  o.h.e.jdbc.spi.SqlExceptionHelper - table "timesheets" does not exist, skipping
16:06:27.108 [main] WARN  o.h.e.jdbc.spi.SqlExceptionHelper - SQL Warning Code: 0, SQLState: 00000
16:06:27.108 [main] WARN  o.h.e.jdbc.spi.SqlExceptionHelper - table "users" does not exist, skipping
16:06:27.203 [main] INFO  o.s.o.j.LocalContainerEntityManagerFactoryBean - Initialized JPA EntityManagerFactory for persistence unit 'default'
16:06:27.317 [main] DEBUG c.u.c.s.JwtAuthenticationFilter - Filter 'jwtAuthenticationFilter' configured for use
16:06:27.629 [main] WARN  o.s.b.a.s.s.UserDetailsServiceAutoConfiguration - 

Using generated security password: 325a9f4e-6fd6-48c0-ad01-32831c2d5f2e

This generated password is for development use only. Your security configuration must be updated before running your application in production.

16:06:28.016 [main] INFO  o.s.b.a.e.web.EndpointLinksResolver - Exposing 3 endpoint(s) beneath base path '/actuator'
16:06:28.069 [main] INFO  o.s.s.web.DefaultSecurityFilterChain - Will secure any request with [org.springframework.security.web.session.DisableEncodeUrlFilter@45178281, org.springframework.security.web.context.request.async.WebAsyncManagerIntegrationFilter@4e80cc43, org.springframework.security.web.context.SecurityContextHolderFilter@3e62cc97, org.springframework.security.web.header.HeaderWriterFilter@798fb2f1, org.springframework.web.filter.CorsFilter@19f4517d, org.springframework.security.web.authentication.logout.LogoutFilter@65bba7a3, com.usyd.catams.security.JwtAuthenticationFilter@604800f9, org.springframework.security.web.savedrequest.RequestCacheAwareFilter@5df2b59f, org.springframework.security.web.servletapi.SecurityContextHolderAwareRequestFilter@399771ef, org.springframework.security.web.authentication.AnonymousAuthenticationFilter@562b207, org.springframework.security.web.session.SessionManagementFilter@1b2de56b, org.springframework.security.web.access.ExceptionTranslationFilter@7b1a1125, org.springframework.security.web.access.intercept.AuthorizationFilter@3d3c2c50]
16:06:28.387 [main] DEBUG c.u.c.s.JwtAuthenticationFilter - Filter 'jwtAuthenticationFilter' configured for use
16:06:28.388 [main] INFO  o.a.c.c.C.[.[localhost].[/api] - Initializing Spring TestDispatcherServlet ''
16:06:28.388 [main] INFO  o.s.t.w.s.TestDispatcherServlet - Initializing Servlet ''
16:06:28.390 [main] INFO  o.s.t.w.s.TestDispatcherServlet - Completed initialization in 2 ms
16:06:28.433 [main] INFO  o.a.coyote.http11.Http11NioProtocol - Starting ProtocolHandler ["http-nio-auto-17"]
16:06:28.438 [main] INFO  o.s.b.w.e.tomcat.TomcatWebServer - Tomcat started on port 52638 (http) with context path '/api'
16:06:28.442 [main] INFO  c.u.c.i.TimesheetUpdateDeleteIntegrationTest - Started TimesheetUpdateDeleteIntegrationTest in 2.222 seconds (process running for 85.553)
16:06:28.829 [main] DEBUG o.s.security.web.FilterChainProxy - Securing PUT /api/timesheets/2
16:06:28.843 [main] DEBUG c.u.c.s.JwtAuthenticationFilter - JWT authentication successful for user: lecturer@university.edu with role: LECTURER
16:06:28.844 [main] WARN  o.s.w.s.h.HandlerMappingIntrospector - Cache miss for REQUEST dispatch to '/api/timesheets/2' (previous null). Performing MatchableHandlerMapping lookup. This is logged once only at WARN level, and every time at TRACE.
16:06:28.846 [main] DEBUG o.s.security.web.FilterChainProxy - Secured PUT /api/timesheets/2
16:06:28.859 [main] DEBUG o.s.s.a.m.AuthorizationManagerBeforeMethodInterceptor - Authorizing method invocation ReflectiveMethodInvocation: public org.springframework.http.ResponseEntity com.usyd.catams.controller.TimesheetController.updateTimesheet(java.lang.Long,com.usyd.catams.dto.request.TimesheetUpdateRequest,org.springframework.security.core.Authentication); target is of class [com.usyd.catams.controller.TimesheetController]
16:06:28.862 [main] DEBUG o.s.s.a.m.AuthorizationManagerBeforeMethodInterceptor - Authorized method invocation ReflectiveMethodInvocation: public org.springframework.http.ResponseEntity com.usyd.catams.controller.TimesheetController.updateTimesheet(java.lang.Long,com.usyd.catams.dto.request.TimesheetUpdateRequest,org.springframework.security.core.Authentication); target is of class [com.usyd.catams.controller.TimesheetController]
16:06:28.881 [main] DEBUG o.s.s.a.m.AuthorizationManagerBeforeMethodInterceptor - Authorizing method invocation ReflectiveMethodInvocation: public com.usyd.catams.dto.response.TimesheetResponse com.usyd.catams.application.TimesheetApplicationService.updateTimesheetAndReturnDto(java.lang.Long,java.math.BigDecimal,java.math.BigDecimal,java.lang.String,java.lang.Long); target is of class [com.usyd.catams.application.TimesheetApplicationService]
16:06:28.908 [main] DEBUG o.s.s.a.m.AuthorizationManagerBeforeMethodInterceptor - Authorized method invocation ReflectiveMethodInvocation: public com.usyd.catams.dto.response.TimesheetResponse com.usyd.catams.application.TimesheetApplicationService.updateTimesheetAndReturnDto(java.lang.Long,java.math.BigDecimal,java.math.BigDecimal,java.lang.String,java.lang.Long); target is of class [com.usyd.catams.application.TimesheetApplicationService]
16:06:28.921 [main] WARN  c.u.c.e.GlobalExceptionHandler - Illegal argument exception: Cannot update timesheet with status: APPROVED_BY_LECTURER_AND_TUTOR. Only DRAFT timesheets can be updated.
16:06:28.932 [main] INFO  o.a.coyote.http11.Http11NioProtocol - Stopping ProtocolHandler ["http-nio-auto-17-52638"]
16:06:28.941 [main] INFO  o.s.o.j.LocalContainerEntityManagerFactoryBean - Closing JPA EntityManagerFactory for persistence unit 'default'
16:06:28.982 [main] INFO  com.zaxxer.hikari.HikariDataSource - HikariPool-19 - Shutdown initiated...
16:06:28.988 [main] INFO  com.zaxxer.hikari.HikariDataSource - HikariPool-19 - Shutdown completed.
]]></system-out>
  </testcase>
  <testcase name="testAdminCanUpdateDraftTimesheet" classname="com.usyd.catams.integration.TimesheetUpdateDeleteIntegrationTest" time="0.431">
    <system-out><![CDATA[16:06:28.999 [main] INFO  o.s.b.d.r.RestartApplicationListener - Restart disabled due to context in which it is running

  .   ____          _            __ _ _
 /\\ / ___'_ __ _ _(_)_ __  __ _ \ \ \ \
( ( )\___ | '_ | '_| | '_ \/ _` | \ \ \ \
 \\/  ___)| |_)| | | | | || (_| |  ) ) ) )
  '  |____| .__|_| |_|_| |_\__, | / / / /
 =========|_|==============|___/=/_/_/_/
 :: Spring Boot ::                (v3.2.0)

16:06:29.034 [main] INFO  c.u.c.i.TimesheetUpdateDeleteIntegrationTest - Starting TimesheetUpdateDeleteIntegrationTest using Java 21.0.8 with PID 43568 (started by k7407 in E:\Code\Casual-Academic-Time-Allocation-Management-System)
16:06:29.034 [main] DEBUG c.u.c.i.TimesheetUpdateDeleteIntegrationTest - Running with Spring Boot v3.2.0, Spring v6.1.1
16:06:29.034 [main] INFO  c.u.c.i.TimesheetUpdateDeleteIntegrationTest - The following 1 profile is active: "integration-test"
16:06:29.338 [main] INFO  o.s.d.r.c.RepositoryConfigurationDelegate - Bootstrapping Spring Data JPA repositories in DEFAULT mode.
16:06:29.370 [main] INFO  o.s.d.r.c.RepositoryConfigurationDelegate - Finished Spring Data repository scanning in 30 ms. Found 3 JPA repository interfaces.
16:06:29.525 [main] INFO  o.s.b.w.e.tomcat.TomcatWebServer - Tomcat initialized with port 0 (http)
16:06:29.526 [main] INFO  o.a.coyote.http11.Http11NioProtocol - Initializing ProtocolHandler ["http-nio-auto-18"]
16:06:29.527 [main] INFO  o.a.catalina.core.StandardService - Starting service [Tomcat]
16:06:29.527 [main] INFO  o.a.catalina.core.StandardEngine - Starting Servlet engine: [Apache Tomcat/10.1.16]
16:06:29.574 [main] INFO  o.a.c.c.C.[.[localhost].[/api] - Initializing Spring embedded WebApplicationContext
16:06:29.574 [main] INFO  o.s.b.w.s.c.ServletWebServerApplicationContext - Root WebApplicationContext: initialization completed in 538 ms
16:06:29.742 [main] INFO  o.h.jpa.internal.util.LogHelper - HHH000204: Processing PersistenceUnitInfo [name: default]
16:06:29.746 [main] INFO  o.h.c.i.RegionFactoryInitiator - HHH000026: Second-level cache disabled
16:06:29.752 [main] INFO  o.s.o.j.p.SpringPersistenceUnitInfo - No LoadTimeWeaver setup: ignoring JPA class transformer
16:06:29.753 [main] INFO  com.zaxxer.hikari.HikariDataSource - HikariPool-20 - Starting...
16:06:29.777 [main] INFO  com.zaxxer.hikari.pool.HikariPool - HikariPool-20 - Added connection org.postgresql.jdbc.PgConnection@1d3251f7
16:06:29.778 [main] INFO  com.zaxxer.hikari.HikariDataSource - HikariPool-20 - Start completed.
16:06:29.783 [main] WARN  org.hibernate.orm.deprecation - HHH90000025: PostgreSQLDialect does not need to be specified explicitly using 'hibernate.dialect' (remove the property setting and it will be selected by default)
16:06:29.907 [main] INFO  o.h.e.t.j.p.i.JtaPlatformInitiator - HHH000489: No JTA platform available (set 'hibernate.transaction.jta.platform' to enable JTA platform integration)
16:06:29.911 [main] WARN  o.h.e.jdbc.spi.SqlExceptionHelper - SQL Warning Code: 0, SQLState: 00000
16:06:29.911 [main] WARN  o.h.e.jdbc.spi.SqlExceptionHelper - table "approvals" does not exist, skipping
16:06:29.914 [main] WARN  o.h.e.jdbc.spi.SqlExceptionHelper - SQL Warning Code: 0, SQLState: 00000
16:06:29.914 [main] WARN  o.h.e.jdbc.spi.SqlExceptionHelper - table "courses" does not exist, skipping
16:06:29.916 [main] WARN  o.h.e.jdbc.spi.SqlExceptionHelper - SQL Warning Code: 0, SQLState: 00000
16:06:29.916 [main] WARN  o.h.e.jdbc.spi.SqlExceptionHelper - table "timesheets" does not exist, skipping
16:06:29.918 [main] WARN  o.h.e.jdbc.spi.SqlExceptionHelper - SQL Warning Code: 0, SQLState: 00000
16:06:29.918 [main] WARN  o.h.e.jdbc.spi.SqlExceptionHelper - table "users" does not exist, skipping
16:06:30.026 [main] INFO  o.s.o.j.LocalContainerEntityManagerFactoryBean - Initialized JPA EntityManagerFactory for persistence unit 'default'
16:06:30.151 [main] DEBUG c.u.c.s.JwtAuthenticationFilter - Filter 'jwtAuthenticationFilter' configured for use
16:06:30.417 [main] WARN  o.s.b.a.s.s.UserDetailsServiceAutoConfiguration - 

Using generated security password: cda3c335-4eeb-42e4-8255-be4bbbe121f5

This generated password is for development use only. Your security configuration must be updated before running your application in production.

16:06:30.634 [main] INFO  o.s.b.a.e.web.EndpointLinksResolver - Exposing 3 endpoint(s) beneath base path '/actuator'
16:06:30.668 [main] INFO  o.s.s.web.DefaultSecurityFilterChain - Will secure any request with [org.springframework.security.web.session.DisableEncodeUrlFilter@7ac002c1, org.springframework.security.web.context.request.async.WebAsyncManagerIntegrationFilter@7c4f35e6, org.springframework.security.web.context.SecurityContextHolderFilter@3e3f0f7a, org.springframework.security.web.header.HeaderWriterFilter@618e24fc, org.springframework.web.filter.CorsFilter@6473457f, org.springframework.security.web.authentication.logout.LogoutFilter@27ae93bd, com.usyd.catams.security.JwtAuthenticationFilter@4791af3f, org.springframework.security.web.savedrequest.RequestCacheAwareFilter@2948084c, org.springframework.security.web.servletapi.SecurityContextHolderAwareRequestFilter@7c8225c6, org.springframework.security.web.authentication.AnonymousAuthenticationFilter@5cb227cf, org.springframework.security.web.session.SessionManagementFilter@2dfd7cd8, org.springframework.security.web.access.ExceptionTranslationFilter@787d1633, org.springframework.security.web.access.intercept.AuthorizationFilter@4582edc8]
16:06:30.939 [main] DEBUG c.u.c.s.JwtAuthenticationFilter - Filter 'jwtAuthenticationFilter' configured for use
16:06:30.939 [main] INFO  o.a.c.c.C.[.[localhost].[/api] - Initializing Spring TestDispatcherServlet ''
16:06:30.939 [main] INFO  o.s.t.w.s.TestDispatcherServlet - Initializing Servlet ''
16:06:30.940 [main] INFO  o.s.t.w.s.TestDispatcherServlet - Completed initialization in 1 ms
16:06:30.970 [main] INFO  o.a.coyote.http11.Http11NioProtocol - Starting ProtocolHandler ["http-nio-auto-18"]
16:06:30.974 [main] INFO  o.s.b.w.e.tomcat.TomcatWebServer - Tomcat started on port 52655 (http) with context path '/api'
16:06:30.977 [main] INFO  c.u.c.i.TimesheetUpdateDeleteIntegrationTest - Started TimesheetUpdateDeleteIntegrationTest in 1.978 seconds (process running for 88.087)
16:06:31.269 [main] DEBUG o.s.security.web.FilterChainProxy - Securing PUT /api/timesheets/1
16:06:31.279 [main] DEBUG c.u.c.s.JwtAuthenticationFilter - JWT authentication successful for user: admin@university.edu with role: ADMIN
16:06:31.280 [main] WARN  o.s.w.s.h.HandlerMappingIntrospector - Cache miss for REQUEST dispatch to '/api/timesheets/1' (previous null). Performing MatchableHandlerMapping lookup. This is logged once only at WARN level, and every time at TRACE.
16:06:31.281 [main] DEBUG o.s.security.web.FilterChainProxy - Secured PUT /api/timesheets/1
16:06:31.292 [main] DEBUG o.s.s.a.m.AuthorizationManagerBeforeMethodInterceptor - Authorizing method invocation ReflectiveMethodInvocation: public org.springframework.http.ResponseEntity com.usyd.catams.controller.TimesheetController.updateTimesheet(java.lang.Long,com.usyd.catams.dto.request.TimesheetUpdateRequest,org.springframework.security.core.Authentication); target is of class [com.usyd.catams.controller.TimesheetController]
16:06:31.294 [main] DEBUG o.s.s.a.m.AuthorizationManagerBeforeMethodInterceptor - Authorized method invocation ReflectiveMethodInvocation: public org.springframework.http.ResponseEntity com.usyd.catams.controller.TimesheetController.updateTimesheet(java.lang.Long,com.usyd.catams.dto.request.TimesheetUpdateRequest,org.springframework.security.core.Authentication); target is of class [com.usyd.catams.controller.TimesheetController]
16:06:31.306 [main] DEBUG o.s.s.a.m.AuthorizationManagerBeforeMethodInterceptor - Authorizing method invocation ReflectiveMethodInvocation: public com.usyd.catams.dto.response.TimesheetResponse com.usyd.catams.application.TimesheetApplicationService.updateTimesheetAndReturnDto(java.lang.Long,java.math.BigDecimal,java.math.BigDecimal,java.lang.String,java.lang.Long); target is of class [com.usyd.catams.application.TimesheetApplicationService]
16:06:31.317 [main] DEBUG o.s.s.a.m.AuthorizationManagerBeforeMethodInterceptor - Authorized method invocation ReflectiveMethodInvocation: public com.usyd.catams.dto.response.TimesheetResponse com.usyd.catams.application.TimesheetApplicationService.updateTimesheetAndReturnDto(java.lang.Long,java.math.BigDecimal,java.math.BigDecimal,java.lang.String,java.lang.Long); target is of class [com.usyd.catams.application.TimesheetApplicationService]
16:06:31.356 [main] INFO  o.a.coyote.http11.Http11NioProtocol - Stopping ProtocolHandler ["http-nio-auto-18-52655"]
16:06:31.364 [main] INFO  o.s.o.j.LocalContainerEntityManagerFactoryBean - Closing JPA EntityManagerFactory for persistence unit 'default'
16:06:31.405 [main] INFO  com.zaxxer.hikari.HikariDataSource - HikariPool-20 - Shutdown initiated...
16:06:31.408 [main] INFO  com.zaxxer.hikari.HikariDataSource - HikariPool-20 - Shutdown completed.
]]></system-out>
  </testcase>
  <testcase name="testUpdateTimesheetWithInvalidData" classname="com.usyd.catams.integration.TimesheetUpdateDeleteIntegrationTest" time="0.429">
    <system-out><![CDATA[16:06:31.416 [main] INFO  o.s.b.d.r.RestartApplicationListener - Restart disabled due to context in which it is running

  .   ____          _            __ _ _
 /\\ / ___'_ __ _ _(_)_ __  __ _ \ \ \ \
( ( )\___ | '_ | '_| | '_ \/ _` | \ \ \ \
 \\/  ___)| |_)| | | | | || (_| |  ) ) ) )
  '  |____| .__|_| |_|_| |_\__, | / / / /
 =========|_|==============|___/=/_/_/_/
 :: Spring Boot ::                (v3.2.0)

16:06:31.445 [main] INFO  c.u.c.i.TimesheetUpdateDeleteIntegrationTest - Starting TimesheetUpdateDeleteIntegrationTest using Java 21.0.8 with PID 43568 (started by k7407 in E:\Code\Casual-Academic-Time-Allocation-Management-System)
16:06:31.445 [main] DEBUG c.u.c.i.TimesheetUpdateDeleteIntegrationTest - Running with Spring Boot v3.2.0, Spring v6.1.1
16:06:31.445 [main] INFO  c.u.c.i.TimesheetUpdateDeleteIntegrationTest - The following 1 profile is active: "integration-test"
16:06:31.730 [main] INFO  o.s.d.r.c.RepositoryConfigurationDelegate - Bootstrapping Spring Data JPA repositories in DEFAULT mode.
16:06:31.757 [main] INFO  o.s.d.r.c.RepositoryConfigurationDelegate - Finished Spring Data repository scanning in 26 ms. Found 3 JPA repository interfaces.
16:06:31.886 [main] INFO  o.s.b.w.e.tomcat.TomcatWebServer - Tomcat initialized with port 0 (http)
16:06:31.887 [main] INFO  o.a.coyote.http11.Http11NioProtocol - Initializing ProtocolHandler ["http-nio-auto-19"]
16:06:31.887 [main] INFO  o.a.catalina.core.StandardService - Starting service [Tomcat]
16:06:31.888 [main] INFO  o.a.catalina.core.StandardEngine - Starting Servlet engine: [Apache Tomcat/10.1.16]
16:06:31.924 [main] INFO  o.a.c.c.C.[.[localhost].[/api] - Initializing Spring embedded WebApplicationContext
16:06:31.924 [main] INFO  o.s.b.w.s.c.ServletWebServerApplicationContext - Root WebApplicationContext: initialization completed in 477 ms
16:06:32.120 [main] INFO  o.h.jpa.internal.util.LogHelper - HHH000204: Processing PersistenceUnitInfo [name: default]
16:06:32.126 [main] INFO  o.h.c.i.RegionFactoryInitiator - HHH000026: Second-level cache disabled
16:06:32.133 [main] INFO  o.s.o.j.p.SpringPersistenceUnitInfo - No LoadTimeWeaver setup: ignoring JPA class transformer
16:06:32.136 [main] INFO  com.zaxxer.hikari.HikariDataSource - HikariPool-21 - Starting...
16:06:32.192 [main] INFO  com.zaxxer.hikari.pool.HikariPool - HikariPool-21 - Added connection org.postgresql.jdbc.PgConnection@1da67612
16:06:32.192 [main] INFO  com.zaxxer.hikari.HikariDataSource - HikariPool-21 - Start completed.
16:06:32.201 [main] WARN  org.hibernate.orm.deprecation - HHH90000025: PostgreSQLDialect does not need to be specified explicitly using 'hibernate.dialect' (remove the property setting and it will be selected by default)
16:06:32.323 [main] INFO  o.h.e.t.j.p.i.JtaPlatformInitiator - HHH000489: No JTA platform available (set 'hibernate.transaction.jta.platform' to enable JTA platform integration)
16:06:32.328 [main] WARN  o.h.e.jdbc.spi.SqlExceptionHelper - SQL Warning Code: 0, SQLState: 00000
16:06:32.328 [main] WARN  o.h.e.jdbc.spi.SqlExceptionHelper - table "approvals" does not exist, skipping
16:06:32.330 [main] WARN  o.h.e.jdbc.spi.SqlExceptionHelper - SQL Warning Code: 0, SQLState: 00000
16:06:32.330 [main] WARN  o.h.e.jdbc.spi.SqlExceptionHelper - table "courses" does not exist, skipping
16:06:32.333 [main] WARN  o.h.e.jdbc.spi.SqlExceptionHelper - SQL Warning Code: 0, SQLState: 00000
16:06:32.333 [main] WARN  o.h.e.jdbc.spi.SqlExceptionHelper - table "timesheets" does not exist, skipping
16:06:32.336 [main] WARN  o.h.e.jdbc.spi.SqlExceptionHelper - SQL Warning Code: 0, SQLState: 00000
16:06:32.336 [main] WARN  o.h.e.jdbc.spi.SqlExceptionHelper - table "users" does not exist, skipping
16:06:32.454 [main] INFO  o.s.o.j.LocalContainerEntityManagerFactoryBean - Initialized JPA EntityManagerFactory for persistence unit 'default'
16:06:32.592 [main] DEBUG c.u.c.s.JwtAuthenticationFilter - Filter 'jwtAuthenticationFilter' configured for use
16:06:32.968 [main] WARN  o.s.b.a.s.s.UserDetailsServiceAutoConfiguration - 

Using generated security password: 327861c3-c911-4e2a-9422-71aedf976994

This generated password is for development use only. Your security configuration must be updated before running your application in production.

16:06:33.243 [main] INFO  o.s.b.a.e.web.EndpointLinksResolver - Exposing 3 endpoint(s) beneath base path '/actuator'
16:06:33.283 [main] INFO  o.s.s.web.DefaultSecurityFilterChain - Will secure any request with [org.springframework.security.web.session.DisableEncodeUrlFilter@d93ff12, org.springframework.security.web.context.request.async.WebAsyncManagerIntegrationFilter@1a5fd08, org.springframework.security.web.context.SecurityContextHolderFilter@3cd8d5d6, org.springframework.security.web.header.HeaderWriterFilter@1c8c84de, org.springframework.web.filter.CorsFilter@771a3ad, org.springframework.security.web.authentication.logout.LogoutFilter@3e8890fb, com.usyd.catams.security.JwtAuthenticationFilter@5ee736e2, org.springframework.security.web.savedrequest.RequestCacheAwareFilter@3afaefe0, org.springframework.security.web.servletapi.SecurityContextHolderAwareRequestFilter@7376afe5, org.springframework.security.web.authentication.AnonymousAuthenticationFilter@48c9d79b, org.springframework.security.web.session.SessionManagementFilter@5003101b, org.springframework.security.web.access.ExceptionTranslationFilter@d9bc01a, org.springframework.security.web.access.intercept.AuthorizationFilter@64fa92ba]
16:06:33.592 [main] DEBUG c.u.c.s.JwtAuthenticationFilter - Filter 'jwtAuthenticationFilter' configured for use
16:06:33.593 [main] INFO  o.a.c.c.C.[.[localhost].[/api] - Initializing Spring TestDispatcherServlet ''
16:06:33.593 [main] INFO  o.s.t.w.s.TestDispatcherServlet - Initializing Servlet ''
16:06:33.596 [main] INFO  o.s.t.w.s.TestDispatcherServlet - Completed initialization in 3 ms
16:06:33.629 [main] INFO  o.a.coyote.http11.Http11NioProtocol - Starting ProtocolHandler ["http-nio-auto-19"]
16:06:33.634 [main] INFO  o.s.b.w.e.tomcat.TomcatWebServer - Tomcat started on port 52671 (http) with context path '/api'
16:06:33.638 [main] INFO  c.u.c.i.TimesheetUpdateDeleteIntegrationTest - Started TimesheetUpdateDeleteIntegrationTest in 2.221 seconds (process running for 90.748)
16:06:33.956 [main] DEBUG o.s.security.web.FilterChainProxy - Securing PUT /api/timesheets/1
16:06:33.968 [main] DEBUG c.u.c.s.JwtAuthenticationFilter - JWT authentication successful for user: lecturer@university.edu with role: LECTURER
16:06:33.968 [main] WARN  o.s.w.s.h.HandlerMappingIntrospector - Cache miss for REQUEST dispatch to '/api/timesheets/1' (previous null). Performing MatchableHandlerMapping lookup. This is logged once only at WARN level, and every time at TRACE.
16:06:33.970 [main] DEBUG o.s.security.web.FilterChainProxy - Secured PUT /api/timesheets/1
16:06:33.987 [main] WARN  c.u.c.e.GlobalExceptionHandler - Validation exception: Validation failed: hours: Hours cannot exceed 40.0
16:06:34.000 [main] INFO  o.a.coyote.http11.Http11NioProtocol - Stopping ProtocolHandler ["http-nio-auto-19-52671"]
16:06:34.010 [main] INFO  o.s.o.j.LocalContainerEntityManagerFactoryBean - Closing JPA EntityManagerFactory for persistence unit 'default'
16:06:34.058 [main] INFO  com.zaxxer.hikari.HikariDataSource - HikariPool-21 - Shutdown initiated...
16:06:34.064 [main] INFO  com.zaxxer.hikari.HikariDataSource - HikariPool-21 - Shutdown completed.
]]></system-out>
  </testcase>
  <testcase name="testDeleteNonExistentTimesheet" classname="com.usyd.catams.integration.TimesheetUpdateDeleteIntegrationTest" time="0.385">
    <system-out><![CDATA[16:06:34.074 [main] INFO  o.s.b.d.r.RestartApplicationListener - Restart disabled due to context in which it is running

  .   ____          _            __ _ _
 /\\ / ___'_ __ _ _(_)_ __  __ _ \ \ \ \
( ( )\___ | '_ | '_| | '_ \/ _` | \ \ \ \
 \\/  ___)| |_)| | | | | || (_| |  ) ) ) )
  '  |____| .__|_| |_|_| |_\__, | / / / /
 =========|_|==============|___/=/_/_/_/
 :: Spring Boot ::                (v3.2.0)

16:06:34.102 [main] INFO  c.u.c.i.TimesheetUpdateDeleteIntegrationTest - Starting TimesheetUpdateDeleteIntegrationTest using Java 21.0.8 with PID 43568 (started by k7407 in E:\Code\Casual-Academic-Time-Allocation-Management-System)
16:06:34.102 [main] DEBUG c.u.c.i.TimesheetUpdateDeleteIntegrationTest - Running with Spring Boot v3.2.0, Spring v6.1.1
16:06:34.102 [main] INFO  c.u.c.i.TimesheetUpdateDeleteIntegrationTest - The following 1 profile is active: "integration-test"
16:06:34.424 [main] INFO  o.s.d.r.c.RepositoryConfigurationDelegate - Bootstrapping Spring Data JPA repositories in DEFAULT mode.
16:06:34.455 [main] INFO  o.s.d.r.c.RepositoryConfigurationDelegate - Finished Spring Data repository scanning in 30 ms. Found 3 JPA repository interfaces.
16:06:34.628 [main] INFO  o.s.b.w.e.tomcat.TomcatWebServer - Tomcat initialized with port 0 (http)
16:06:34.629 [main] INFO  o.a.coyote.http11.Http11NioProtocol - Initializing ProtocolHandler ["http-nio-auto-20"]
16:06:34.629 [main] INFO  o.a.catalina.core.StandardService - Starting service [Tomcat]
16:06:34.629 [main] INFO  o.a.catalina.core.StandardEngine - Starting Servlet engine: [Apache Tomcat/10.1.16]
16:06:34.678 [main] INFO  o.a.c.c.C.[.[localhost].[/api] - Initializing Spring embedded WebApplicationContext
16:06:34.678 [main] INFO  o.s.b.w.s.c.ServletWebServerApplicationContext - Root WebApplicationContext: initialization completed in 575 ms
16:06:34.933 [main] INFO  o.h.jpa.internal.util.LogHelper - HHH000204: Processing PersistenceUnitInfo [name: default]
16:06:34.940 [main] INFO  o.h.c.i.RegionFactoryInitiator - HHH000026: Second-level cache disabled
16:06:34.949 [main] INFO  o.s.o.j.p.SpringPersistenceUnitInfo - No LoadTimeWeaver setup: ignoring JPA class transformer
16:06:34.952 [main] INFO  com.zaxxer.hikari.HikariDataSource - HikariPool-22 - Starting...
16:06:34.978 [main] INFO  com.zaxxer.hikari.pool.HikariPool - HikariPool-22 - Added connection org.postgresql.jdbc.PgConnection@30fa42f7
16:06:34.978 [main] INFO  com.zaxxer.hikari.HikariDataSource - HikariPool-22 - Start completed.
16:06:34.983 [main] WARN  org.hibernate.orm.deprecation - HHH90000025: PostgreSQLDialect does not need to be specified explicitly using 'hibernate.dialect' (remove the property setting and it will be selected by default)
16:06:35.135 [main] INFO  o.h.e.t.j.p.i.JtaPlatformInitiator - HHH000489: No JTA platform available (set 'hibernate.transaction.jta.platform' to enable JTA platform integration)
16:06:35.138 [main] WARN  o.h.e.jdbc.spi.SqlExceptionHelper - SQL Warning Code: 0, SQLState: 00000
16:06:35.138 [main] WARN  o.h.e.jdbc.spi.SqlExceptionHelper - table "approvals" does not exist, skipping
16:06:35.140 [main] WARN  o.h.e.jdbc.spi.SqlExceptionHelper - SQL Warning Code: 0, SQLState: 00000
16:06:35.140 [main] WARN  o.h.e.jdbc.spi.SqlExceptionHelper - table "courses" does not exist, skipping
16:06:35.142 [main] WARN  o.h.e.jdbc.spi.SqlExceptionHelper - SQL Warning Code: 0, SQLState: 00000
16:06:35.142 [main] WARN  o.h.e.jdbc.spi.SqlExceptionHelper - table "timesheets" does not exist, skipping
16:06:35.144 [main] WARN  o.h.e.jdbc.spi.SqlExceptionHelper - SQL Warning Code: 0, SQLState: 00000
16:06:35.144 [main] WARN  o.h.e.jdbc.spi.SqlExceptionHelper - table "users" does not exist, skipping
16:06:35.249 [main] INFO  o.s.o.j.LocalContainerEntityManagerFactoryBean - Initialized JPA EntityManagerFactory for persistence unit 'default'
16:06:35.357 [main] DEBUG c.u.c.s.JwtAuthenticationFilter - Filter 'jwtAuthenticationFilter' configured for use
16:06:35.733 [main] WARN  o.s.b.a.s.s.UserDetailsServiceAutoConfiguration - 

Using generated security password: 7767b19c-dd76-4479-bd88-d65b74e54ee8

This generated password is for development use only. Your security configuration must be updated before running your application in production.

16:06:35.984 [main] INFO  o.s.b.a.e.web.EndpointLinksResolver - Exposing 3 endpoint(s) beneath base path '/actuator'
16:06:36.105 [main] INFO  o.s.s.web.DefaultSecurityFilterChain - Will secure any request with [org.springframework.security.web.session.DisableEncodeUrlFilter@cd7650f, org.springframework.security.web.context.request.async.WebAsyncManagerIntegrationFilter@54aabc00, org.springframework.security.web.context.SecurityContextHolderFilter@34e54277, org.springframework.security.web.header.HeaderWriterFilter@35e5cb61, org.springframework.web.filter.CorsFilter@7b71b077, org.springframework.security.web.authentication.logout.LogoutFilter@2859b6b, com.usyd.catams.security.JwtAuthenticationFilter@4cc47f25, org.springframework.security.web.savedrequest.RequestCacheAwareFilter@7b941eff, org.springframework.security.web.servletapi.SecurityContextHolderAwareRequestFilter@ab04e0e, org.springframework.security.web.authentication.AnonymousAuthenticationFilter@4553ed91, org.springframework.security.web.session.SessionManagementFilter@2ae069de, org.springframework.security.web.access.ExceptionTranslationFilter@499384b6, org.springframework.security.web.access.intercept.AuthorizationFilter@395f0288]
16:06:36.456 [main] DEBUG c.u.c.s.JwtAuthenticationFilter - Filter 'jwtAuthenticationFilter' configured for use
16:06:36.456 [main] INFO  o.a.c.c.C.[.[localhost].[/api] - Initializing Spring TestDispatcherServlet ''
16:06:36.456 [main] INFO  o.s.t.w.s.TestDispatcherServlet - Initializing Servlet ''
16:06:36.459 [main] INFO  o.s.t.w.s.TestDispatcherServlet - Completed initialization in 3 ms
16:06:36.493 [main] INFO  o.a.coyote.http11.Http11NioProtocol - Starting ProtocolHandler ["http-nio-auto-20"]
16:06:36.500 [main] INFO  o.s.b.w.e.tomcat.TomcatWebServer - Tomcat started on port 52684 (http) with context path '/api'
16:06:36.504 [main] INFO  c.u.c.i.TimesheetUpdateDeleteIntegrationTest - Started TimesheetUpdateDeleteIntegrationTest in 2.431 seconds (process running for 93.615)
16:06:36.809 [main] DEBUG o.s.security.web.FilterChainProxy - Securing DELETE /api/timesheets/99999
16:06:36.818 [main] DEBUG c.u.c.s.JwtAuthenticationFilter - JWT authentication successful for user: lecturer@university.edu with role: LECTURER
16:06:36.818 [main] WARN  o.s.w.s.h.HandlerMappingIntrospector - Cache miss for REQUEST dispatch to '/api/timesheets/99999' (previous null). Performing MatchableHandlerMapping lookup. This is logged once only at WARN level, and every time at TRACE.
16:06:36.820 [main] DEBUG o.s.security.web.FilterChainProxy - Secured DELETE /api/timesheets/99999
16:06:36.821 [main] DEBUG o.s.s.a.m.AuthorizationManagerBeforeMethodInterceptor - Authorizing method invocation ReflectiveMethodInvocation: public org.springframework.http.ResponseEntity com.usyd.catams.controller.TimesheetController.deleteTimesheet(java.lang.Long,org.springframework.security.core.Authentication); target is of class [com.usyd.catams.controller.TimesheetController]
16:06:36.823 [main] DEBUG o.s.s.a.m.AuthorizationManagerBeforeMethodInterceptor - Authorized method invocation ReflectiveMethodInvocation: public org.springframework.http.ResponseEntity com.usyd.catams.controller.TimesheetController.deleteTimesheet(java.lang.Long,org.springframework.security.core.Authentication); target is of class [com.usyd.catams.controller.TimesheetController]
16:06:36.832 [main] WARN  c.u.c.e.GlobalExceptionHandler - Resource not found: Timesheet not found with ID: 99999
16:06:36.838 [main] INFO  o.a.coyote.http11.Http11NioProtocol - Stopping ProtocolHandler ["http-nio-auto-20-52684"]
16:06:36.847 [main] INFO  o.s.o.j.LocalContainerEntityManagerFactoryBean - Closing JPA EntityManagerFactory for persistence unit 'default'
16:06:36.889 [main] INFO  com.zaxxer.hikari.HikariDataSource - HikariPool-22 - Shutdown initiated...
16:06:36.891 [main] INFO  com.zaxxer.hikari.HikariDataSource - HikariPool-22 - Shutdown completed.
]]></system-out>
  </testcase>
  <testcase name="testLecturerCanUpdateDraftTimesheet" classname="com.usyd.catams.integration.TimesheetUpdateDeleteIntegrationTest" time="0.457">
    <system-out><![CDATA[16:06:36.897 [main] INFO  o.s.b.d.r.RestartApplicationListener - Restart disabled due to context in which it is running

  .   ____          _            __ _ _
 /\\ / ___'_ __ _ _(_)_ __  __ _ \ \ \ \
( ( )\___ | '_ | '_| | '_ \/ _` | \ \ \ \
 \\/  ___)| |_)| | | | | || (_| |  ) ) ) )
  '  |____| .__|_| |_|_| |_\__, | / / / /
 =========|_|==============|___/=/_/_/_/
 :: Spring Boot ::                (v3.2.0)

16:06:36.925 [main] INFO  c.u.c.i.TimesheetUpdateDeleteIntegrationTest - Starting TimesheetUpdateDeleteIntegrationTest using Java 21.0.8 with PID 43568 (started by k7407 in E:\Code\Casual-Academic-Time-Allocation-Management-System)
16:06:36.925 [main] DEBUG c.u.c.i.TimesheetUpdateDeleteIntegrationTest - Running with Spring Boot v3.2.0, Spring v6.1.1
16:06:36.925 [main] INFO  c.u.c.i.TimesheetUpdateDeleteIntegrationTest - The following 1 profile is active: "integration-test"
16:06:37.206 [main] INFO  o.s.d.r.c.RepositoryConfigurationDelegate - Bootstrapping Spring Data JPA repositories in DEFAULT mode.
16:06:37.234 [main] INFO  o.s.d.r.c.RepositoryConfigurationDelegate - Finished Spring Data repository scanning in 27 ms. Found 3 JPA repository interfaces.
16:06:37.381 [main] INFO  o.s.b.w.e.tomcat.TomcatWebServer - Tomcat initialized with port 0 (http)
16:06:37.381 [main] INFO  o.a.coyote.http11.Http11NioProtocol - Initializing ProtocolHandler ["http-nio-auto-21"]
16:06:37.382 [main] INFO  o.a.catalina.core.StandardService - Starting service [Tomcat]
16:06:37.382 [main] INFO  o.a.catalina.core.StandardEngine - Starting Servlet engine: [Apache Tomcat/10.1.16]
16:06:37.441 [main] INFO  o.a.c.c.C.[.[localhost].[/api] - Initializing Spring embedded WebApplicationContext
16:06:37.441 [main] INFO  o.s.b.w.s.c.ServletWebServerApplicationContext - Root WebApplicationContext: initialization completed in 514 ms
16:06:37.595 [main] INFO  o.h.jpa.internal.util.LogHelper - HHH000204: Processing PersistenceUnitInfo [name: default]
16:06:37.599 [main] INFO  o.h.c.i.RegionFactoryInitiator - HHH000026: Second-level cache disabled
16:06:37.603 [main] INFO  o.s.o.j.p.SpringPersistenceUnitInfo - No LoadTimeWeaver setup: ignoring JPA class transformer
16:06:37.604 [main] INFO  com.zaxxer.hikari.HikariDataSource - HikariPool-23 - Starting...
16:06:37.626 [main] INFO  com.zaxxer.hikari.pool.HikariPool - HikariPool-23 - Added connection org.postgresql.jdbc.PgConnection@65aa10c3
16:06:37.627 [main] INFO  com.zaxxer.hikari.HikariDataSource - HikariPool-23 - Start completed.
16:06:37.634 [main] WARN  org.hibernate.orm.deprecation - HHH90000025: PostgreSQLDialect does not need to be specified explicitly using 'hibernate.dialect' (remove the property setting and it will be selected by default)
16:06:37.731 [main] INFO  o.h.e.t.j.p.i.JtaPlatformInitiator - HHH000489: No JTA platform available (set 'hibernate.transaction.jta.platform' to enable JTA platform integration)
16:06:37.734 [main] WARN  o.h.e.jdbc.spi.SqlExceptionHelper - SQL Warning Code: 0, SQLState: 00000
16:06:37.734 [main] WARN  o.h.e.jdbc.spi.SqlExceptionHelper - table "approvals" does not exist, skipping
16:06:37.736 [main] WARN  o.h.e.jdbc.spi.SqlExceptionHelper - SQL Warning Code: 0, SQLState: 00000
16:06:37.737 [main] WARN  o.h.e.jdbc.spi.SqlExceptionHelper - table "courses" does not exist, skipping
16:06:37.739 [main] WARN  o.h.e.jdbc.spi.SqlExceptionHelper - SQL Warning Code: 0, SQLState: 00000
16:06:37.739 [main] WARN  o.h.e.jdbc.spi.SqlExceptionHelper - table "timesheets" does not exist, skipping
16:06:37.741 [main] WARN  o.h.e.jdbc.spi.SqlExceptionHelper - SQL Warning Code: 0, SQLState: 00000
16:06:37.741 [main] WARN  o.h.e.jdbc.spi.SqlExceptionHelper - table "users" does not exist, skipping
16:06:37.850 [main] INFO  o.s.o.j.LocalContainerEntityManagerFactoryBean - Initialized JPA EntityManagerFactory for persistence unit 'default'
16:06:37.962 [main] DEBUG c.u.c.s.JwtAuthenticationFilter - Filter 'jwtAuthenticationFilter' configured for use
16:06:38.269 [main] WARN  o.s.b.a.s.s.UserDetailsServiceAutoConfiguration - 

Using generated security password: 7655d8fd-4f2a-4f76-9af1-d894cd124e79

This generated password is for development use only. Your security configuration must be updated before running your application in production.

16:06:38.492 [main] INFO  o.s.b.a.e.web.EndpointLinksResolver - Exposing 3 endpoint(s) beneath base path '/actuator'
16:06:38.531 [main] INFO  o.s.s.web.DefaultSecurityFilterChain - Will secure any request with [org.springframework.security.web.session.DisableEncodeUrlFilter@24e7b7c1, org.springframework.security.web.context.request.async.WebAsyncManagerIntegrationFilter@2a2c3b4a, org.springframework.security.web.context.SecurityContextHolderFilter@561175d4, org.springframework.security.web.header.HeaderWriterFilter@68d02d94, org.springframework.web.filter.CorsFilter@38114426, org.springframework.security.web.authentication.logout.LogoutFilter@18a8596d, com.usyd.catams.security.JwtAuthenticationFilter@2edfd3f3, org.springframework.security.web.savedrequest.RequestCacheAwareFilter@1984b2c4, org.springframework.security.web.servletapi.SecurityContextHolderAwareRequestFilter@3b3e82db, org.springframework.security.web.authentication.AnonymousAuthenticationFilter@3f205439, org.springframework.security.web.session.SessionManagementFilter@6f97338, org.springframework.security.web.access.ExceptionTranslationFilter@45262373, org.springframework.security.web.access.intercept.AuthorizationFilter@22d9f87]
16:06:38.784 [main] DEBUG c.u.c.s.JwtAuthenticationFilter - Filter 'jwtAuthenticationFilter' configured for use
16:06:38.784 [main] INFO  o.a.c.c.C.[.[localhost].[/api] - Initializing Spring TestDispatcherServlet ''
16:06:38.784 [main] INFO  o.s.t.w.s.TestDispatcherServlet - Initializing Servlet ''
16:06:38.786 [main] INFO  o.s.t.w.s.TestDispatcherServlet - Completed initialization in 2 ms
16:06:38.814 [main] INFO  o.a.coyote.http11.Http11NioProtocol - Starting ProtocolHandler ["http-nio-auto-21"]
16:06:38.819 [main] INFO  o.s.b.w.e.tomcat.TomcatWebServer - Tomcat started on port 52696 (http) with context path '/api'
16:06:38.822 [main] INFO  c.u.c.i.TimesheetUpdateDeleteIntegrationTest - Started TimesheetUpdateDeleteIntegrationTest in 1.925 seconds (process running for 95.933)
16:06:39.113 [main] DEBUG o.s.security.web.FilterChainProxy - Securing PUT /api/timesheets/1
16:06:39.122 [main] DEBUG c.u.c.s.JwtAuthenticationFilter - JWT authentication successful for user: lecturer@university.edu with role: LECTURER
16:06:39.123 [main] WARN  o.s.w.s.h.HandlerMappingIntrospector - Cache miss for REQUEST dispatch to '/api/timesheets/1' (previous null). Performing MatchableHandlerMapping lookup. This is logged once only at WARN level, and every time at TRACE.
16:06:39.124 [main] DEBUG o.s.security.web.FilterChainProxy - Secured PUT /api/timesheets/1
16:06:39.139 [main] DEBUG o.s.s.a.m.AuthorizationManagerBeforeMethodInterceptor - Authorizing method invocation ReflectiveMethodInvocation: public org.springframework.http.ResponseEntity com.usyd.catams.controller.TimesheetController.updateTimesheet(java.lang.Long,com.usyd.catams.dto.request.TimesheetUpdateRequest,org.springframework.security.core.Authentication); target is of class [com.usyd.catams.controller.TimesheetController]
16:06:39.142 [main] DEBUG o.s.s.a.m.AuthorizationManagerBeforeMethodInterceptor - Authorized method invocation ReflectiveMethodInvocation: public org.springframework.http.ResponseEntity com.usyd.catams.controller.TimesheetController.updateTimesheet(java.lang.Long,com.usyd.catams.dto.request.TimesheetUpdateRequest,org.springframework.security.core.Authentication); target is of class [com.usyd.catams.controller.TimesheetController]
16:06:39.163 [main] DEBUG o.s.s.a.m.AuthorizationManagerBeforeMethodInterceptor - Authorizing method invocation ReflectiveMethodInvocation: public com.usyd.catams.dto.response.TimesheetResponse com.usyd.catams.application.TimesheetApplicationService.updateTimesheetAndReturnDto(java.lang.Long,java.math.BigDecimal,java.math.BigDecimal,java.lang.String,java.lang.Long); target is of class [com.usyd.catams.application.TimesheetApplicationService]
16:06:39.179 [main] DEBUG o.s.s.a.m.AuthorizationManagerBeforeMethodInterceptor - Authorized method invocation ReflectiveMethodInvocation: public com.usyd.catams.dto.response.TimesheetResponse com.usyd.catams.application.TimesheetApplicationService.updateTimesheetAndReturnDto(java.lang.Long,java.math.BigDecimal,java.math.BigDecimal,java.lang.String,java.lang.Long); target is of class [com.usyd.catams.application.TimesheetApplicationService]
16:06:39.226 [main] INFO  o.a.coyote.http11.Http11NioProtocol - Stopping ProtocolHandler ["http-nio-auto-21-52696"]
16:06:39.233 [main] INFO  o.s.o.j.LocalContainerEntityManagerFactoryBean - Closing JPA EntityManagerFactory for persistence unit 'default'
16:06:39.273 [main] INFO  com.zaxxer.hikari.HikariDataSource - HikariPool-23 - Shutdown initiated...
16:06:39.277 [main] INFO  com.zaxxer.hikari.HikariDataSource - HikariPool-23 - Shutdown completed.
]]></system-out>
  </testcase>
  <testcase name="testDeleteTimesheetWithoutAuth" classname="com.usyd.catams.integration.TimesheetUpdateDeleteIntegrationTest" time="0.353">
    <system-out><![CDATA[16:06:39.287 [main] INFO  o.s.b.d.r.RestartApplicationListener - Restart disabled due to context in which it is running

  .   ____          _            __ _ _
 /\\ / ___'_ __ _ _(_)_ __  __ _ \ \ \ \
( ( )\___ | '_ | '_| | '_ \/ _` | \ \ \ \
 \\/  ___)| |_)| | | | | || (_| |  ) ) ) )
  '  |____| .__|_| |_|_| |_\__, | / / / /
 =========|_|==============|___/=/_/_/_/
 :: Spring Boot ::                (v3.2.0)

16:06:39.316 [main] INFO  c.u.c.i.TimesheetUpdateDeleteIntegrationTest - Starting TimesheetUpdateDeleteIntegrationTest using Java 21.0.8 with PID 43568 (started by k7407 in E:\Code\Casual-Academic-Time-Allocation-Management-System)
16:06:39.317 [main] DEBUG c.u.c.i.TimesheetUpdateDeleteIntegrationTest - Running with Spring Boot v3.2.0, Spring v6.1.1
16:06:39.317 [main] INFO  c.u.c.i.TimesheetUpdateDeleteIntegrationTest - The following 1 profile is active: "integration-test"
16:06:39.611 [main] INFO  o.s.d.r.c.RepositoryConfigurationDelegate - Bootstrapping Spring Data JPA repositories in DEFAULT mode.
16:06:39.670 [main] INFO  o.s.d.r.c.RepositoryConfigurationDelegate - Finished Spring Data repository scanning in 58 ms. Found 3 JPA repository interfaces.
16:06:39.840 [main] INFO  o.s.b.w.e.tomcat.TomcatWebServer - Tomcat initialized with port 0 (http)
16:06:39.841 [main] INFO  o.a.coyote.http11.Http11NioProtocol - Initializing ProtocolHandler ["http-nio-auto-22"]
16:06:39.842 [main] INFO  o.a.catalina.core.StandardService - Starting service [Tomcat]
16:06:39.842 [main] INFO  o.a.catalina.core.StandardEngine - Starting Servlet engine: [Apache Tomcat/10.1.16]
16:06:39.889 [main] INFO  o.a.c.c.C.[.[localhost].[/api] - Initializing Spring embedded WebApplicationContext
16:06:39.889 [main] INFO  o.s.b.w.s.c.ServletWebServerApplicationContext - Root WebApplicationContext: initialization completed in 571 ms
16:06:40.069 [main] INFO  o.h.jpa.internal.util.LogHelper - HHH000204: Processing PersistenceUnitInfo [name: default]
16:06:40.074 [main] INFO  o.h.c.i.RegionFactoryInitiator - HHH000026: Second-level cache disabled
16:06:40.079 [main] INFO  o.s.o.j.p.SpringPersistenceUnitInfo - No LoadTimeWeaver setup: ignoring JPA class transformer
16:06:40.080 [main] INFO  com.zaxxer.hikari.HikariDataSource - HikariPool-24 - Starting...
16:06:40.107 [main] INFO  com.zaxxer.hikari.pool.HikariPool - HikariPool-24 - Added connection org.postgresql.jdbc.PgConnection@320ac196
16:06:40.107 [main] INFO  com.zaxxer.hikari.HikariDataSource - HikariPool-24 - Start completed.
16:06:40.113 [main] WARN  org.hibernate.orm.deprecation - HHH90000025: PostgreSQLDialect does not need to be specified explicitly using 'hibernate.dialect' (remove the property setting and it will be selected by default)
16:06:40.239 [main] INFO  o.h.e.t.j.p.i.JtaPlatformInitiator - HHH000489: No JTA platform available (set 'hibernate.transaction.jta.platform' to enable JTA platform integration)
[...]
16:06:43.780 [main] DEBUG o.s.s.a.m.AuthorizationManagerBeforeMethodInterceptor - Authorizing method invocation ReflectiveMethodInvocation: public org.springframework.http.ResponseEntity com.usyd.catams.controller.TimesheetController.deleteTimesheet(java.lang.Long,org.springframework.security.core.Authentication); target is of class [com.usyd.catams.controller.TimesheetController]
16:06:43.782 [main] DEBUG o.s.s.a.m.AuthorizationManagerBeforeMethodInterceptor - Authorized method invocation ReflectiveMethodInvocation: public org.springframework.http.ResponseEntity com.usyd.catams.controller.TimesheetController.deleteTimesheet(java.lang.Long,org.springframework.security.core.Authentication); target is of class [com.usyd.catams.controller.TimesheetController]
16:06:43.794 [main] DEBUG o.s.s.a.m.AuthorizationManagerBeforeMethodInterceptor - Authorizing method invocation ReflectiveMethodInvocation: public void com.usyd.catams.application.TimesheetApplicationService.deleteTimesheet(java.lang.Long,java.lang.Long); target is of class [com.usyd.catams.application.TimesheetApplicationService]
16:06:43.804 [main] DEBUG o.s.s.a.m.AuthorizationManagerBeforeMethodInterceptor - Authorized method invocation ReflectiveMethodInvocation: public void com.usyd.catams.application.TimesheetApplicationService.deleteTimesheet(java.lang.Long,java.lang.Long); target is of class [com.usyd.catams.application.TimesheetApplicationService]
16:06:43.846 [main] INFO  o.a.coyote.http11.Http11NioProtocol - Stopping ProtocolHandler ["http-nio-auto-23-52723"]
16:06:43.854 [main] INFO  o.s.o.j.LocalContainerEntityManagerFactoryBean - Closing JPA EntityManagerFactory for persistence unit 'default'
16:06:43.887 [main] INFO  com.zaxxer.hikari.HikariDataSource - HikariPool-25 - Shutdown initiated...
16:06:43.890 [main] INFO  com.zaxxer.hikari.HikariDataSource - HikariPool-25 - Shutdown completed.
]]></system-out>
  </testcase>
  <testcase name="testCannotDeleteApprovedTimesheet" classname="com.usyd.catams.integration.TimesheetUpdateDeleteIntegrationTest" time="0.402">
    <system-out><![CDATA[16:06:43.898 [main] INFO  o.s.b.d.r.RestartApplicationListener - Restart disabled due to context in which it is running

  .   ____          _            __ _ _
 /\\ / ___'_ __ _ _(_)_ __  __ _ \ \ \ \
( ( )\___ | '_ | '_| | '_ \/ _` | \ \ \ \
 \\/  ___)| |_)| | | | | || (_| |  ) ) ) )
  '  |____| .__|_| |_|_| |_\__, | / / / /
 =========|_|==============|___/=/_/_/_/
 :: Spring Boot ::                (v3.2.0)

16:06:43.923 [main] INFO  c.u.c.i.TimesheetUpdateDeleteIntegrationTest - Starting TimesheetUpdateDeleteIntegrationTest using Java 21.0.8 with PID 43568 (started by k7407 in E:\Code\Casual-Academic-Time-Allocation-Management-System)
16:06:43.923 [main] DEBUG c.u.c.i.TimesheetUpdateDeleteIntegrationTest - Running with Spring Boot v3.2.0, Spring v6.1.1
16:06:43.923 [main] INFO  c.u.c.i.TimesheetUpdateDeleteIntegrationTest - The following 1 profile is active: "integration-test"
16:06:44.175 [main] INFO  o.s.d.r.c.RepositoryConfigurationDelegate - Bootstrapping Spring Data JPA repositories in DEFAULT mode.
16:06:44.201 [main] INFO  o.s.d.r.c.RepositoryConfigurationDelegate - Finished Spring Data repository scanning in 25 ms. Found 3 JPA repository interfaces.
16:06:44.325 [main] INFO  o.s.b.w.e.tomcat.TomcatWebServer - Tomcat initialized with port 0 (http)
16:06:44.326 [main] INFO  o.a.coyote.http11.Http11NioProtocol - Initializing ProtocolHandler ["http-nio-auto-24"]
16:06:44.326 [main] INFO  o.a.catalina.core.StandardService - Starting service [Tomcat]
16:06:44.326 [main] INFO  o.a.catalina.core.StandardEngine - Starting Servlet engine: [Apache Tomcat/10.1.16]
16:06:44.364 [main] INFO  o.a.c.c.C.[.[localhost].[/api] - Initializing Spring embedded WebApplicationContext
16:06:44.364 [main] INFO  o.s.b.w.s.c.ServletWebServerApplicationContext - Root WebApplicationContext: initialization completed in 440 ms
16:06:44.493 [main] INFO  o.h.jpa.internal.util.LogHelper - HHH000204: Processing PersistenceUnitInfo [name: default]
16:06:44.495 [main] INFO  o.h.c.i.RegionFactoryInitiator - HHH000026: Second-level cache disabled
16:06:44.500 [main] INFO  o.s.o.j.p.SpringPersistenceUnitInfo - No LoadTimeWeaver setup: ignoring JPA class transformer
16:06:44.501 [main] INFO  com.zaxxer.hikari.HikariDataSource - HikariPool-26 - Starting...
16:06:44.519 [main] INFO  com.zaxxer.hikari.pool.HikariPool - HikariPool-26 - Added connection org.postgresql.jdbc.PgConnection@2589c05b
16:06:44.519 [main] INFO  com.zaxxer.hikari.HikariDataSource - HikariPool-26 - Start completed.
16:06:44.524 [main] WARN  org.hibernate.orm.deprecation - HHH90000025: PostgreSQLDialect does not need to be specified explicitly using 'hibernate.dialect' (remove the property setting and it will be selected by default)
16:06:44.616 [main] INFO  o.h.e.t.j.p.i.JtaPlatformInitiator - HHH000489: No JTA platform available (set 'hibernate.transaction.jta.platform' to enable JTA platform integration)
16:06:44.620 [main] WARN  o.h.e.jdbc.spi.SqlExceptionHelper - SQL Warning Code: 0, SQLState: 00000
16:06:44.620 [main] WARN  o.h.e.jdbc.spi.SqlExceptionHelper - table "approvals" does not exist, skipping
16:06:44.622 [main] WARN  o.h.e.jdbc.spi.SqlExceptionHelper - SQL Warning Code: 0, SQLState: 00000
16:06:44.622 [main] WARN  o.h.e.jdbc.spi.SqlExceptionHelper - table "courses" does not exist, skipping
16:06:44.623 [main] WARN  o.h.e.jdbc.spi.SqlExceptionHelper - SQL Warning Code: 0, SQLState: 00000
16:06:44.624 [main] WARN  o.h.e.jdbc.spi.SqlExceptionHelper - table "timesheets" does not exist, skipping
16:06:44.626 [main] WARN  o.h.e.jdbc.spi.SqlExceptionHelper - SQL Warning Code: 0, SQLState: 00000
16:06:44.626 [main] WARN  o.h.e.jdbc.spi.SqlExceptionHelper - table "users" does not exist, skipping
16:06:44.716 [main] INFO  o.s.o.j.LocalContainerEntityManagerFactoryBean - Initialized JPA EntityManagerFactory for persistence unit 'default'
16:06:44.808 [main] DEBUG c.u.c.s.JwtAuthenticationFilter - Filter 'jwtAuthenticationFilter' configured for use
16:06:45.163 [main] WARN  o.s.b.a.s.s.UserDetailsServiceAutoConfiguration - 

Using generated security password: 0cee18f2-5032-4787-83fd-5f6a3cfdea27

This generated password is for development use only. Your security configuration must be updated before running your application in production.

16:06:45.350 [main] INFO  o.s.b.a.e.web.EndpointLinksResolver - Exposing 3 endpoint(s) beneath base path '/actuator'
16:06:45.383 [main] INFO  o.s.s.web.DefaultSecurityFilterChain - Will secure any request with [org.springframework.security.web.session.DisableEncodeUrlFilter@18f10ef1, org.springframework.security.web.context.request.async.WebAsyncManagerIntegrationFilter@71a0eda1, org.springframework.security.web.context.SecurityContextHolderFilter@2b92fd82, org.springframework.security.web.header.HeaderWriterFilter@3a7e2098, org.springframework.web.filter.CorsFilter@645586ce, org.springframework.security.web.authentication.logout.LogoutFilter@1d62822, com.usyd.catams.security.JwtAuthenticationFilter@2b7a36c9, org.springframework.security.web.savedrequest.RequestCacheAwareFilter@38fd931f, org.springframework.security.web.servletapi.SecurityContextHolderAwareRequestFilter@59af2991, org.springframework.security.web.authentication.AnonymousAuthenticationFilter@4083d349, org.springframework.security.web.session.SessionManagementFilter@4639e736, org.springframework.security.web.access.ExceptionTranslationFilter@40664251, org.springframework.security.web.access.intercept.AuthorizationFilter@29967d2c]
16:06:45.590 [main] DEBUG c.u.c.s.JwtAuthenticationFilter - Filter 'jwtAuthenticationFilter' configured for use
16:06:45.591 [main] INFO  o.a.c.c.C.[.[localhost].[/api] - Initializing Spring TestDispatcherServlet ''
16:06:45.591 [main] INFO  o.s.t.w.s.TestDispatcherServlet - Initializing Servlet ''
16:06:45.591 [main] INFO  o.s.t.w.s.TestDispatcherServlet - Completed initialization in 0 ms
16:06:45.616 [main] INFO  o.a.coyote.http11.Http11NioProtocol - Starting ProtocolHandler ["http-nio-auto-24"]
16:06:45.620 [main] INFO  o.s.b.w.e.tomcat.TomcatWebServer - Tomcat started on port 52735 (http) with context path '/api'
16:06:45.623 [main] INFO  c.u.c.i.TimesheetUpdateDeleteIntegrationTest - Started TimesheetUpdateDeleteIntegrationTest in 1.725 seconds (process running for 102.734)
16:06:45.904 [main] DEBUG o.s.security.web.FilterChainProxy - Securing DELETE /api/timesheets/2
16:06:45.913 [main] DEBUG c.u.c.s.JwtAuthenticationFilter - JWT authentication successful for user: lecturer@university.edu with role: LECTURER
16:06:45.913 [main] WARN  o.s.w.s.h.HandlerMappingIntrospector - Cache miss for REQUEST dispatch to '/api/timesheets/2' (previous null). Performing MatchableHandlerMapping lookup. This is logged once only at WARN level, and every time at TRACE.
16:06:45.914 [main] DEBUG o.s.security.web.FilterChainProxy - Secured DELETE /api/timesheets/2
16:06:45.915 [main] DEBUG o.s.s.a.m.AuthorizationManagerBeforeMethodInterceptor - Authorizing method invocation ReflectiveMethodInvocation: public org.springframework.http.ResponseEntity com.usyd.catams.controller.TimesheetController.deleteTimesheet(java.lang.Long,org.springframework.security.core.Authentication); target is of class [com.usyd.catams.controller.TimesheetController]
16:06:45.919 [main] DEBUG o.s.s.a.m.AuthorizationManagerBeforeMethodInterceptor - Authorized method invocation ReflectiveMethodInvocation: public org.springframework.http.ResponseEntity com.usyd.catams.controller.TimesheetController.deleteTimesheet(java.lang.Long,org.springframework.security.core.Authentication); target is of class [com.usyd.catams.controller.TimesheetController]
16:06:45.935 [main] DEBUG o.s.s.a.m.AuthorizationManagerBeforeMethodInterceptor - Authorizing method invocation ReflectiveMethodInvocation: public void com.usyd.catams.application.TimesheetApplicationService.deleteTimesheet(java.lang.Long,java.lang.Long); target is of class [com.usyd.catams.application.TimesheetApplicationService]
16:06:45.948 [main] DEBUG o.s.s.a.m.AuthorizationManagerBeforeMethodInterceptor - Authorized method invocation ReflectiveMethodInvocation: public void com.usyd.catams.application.TimesheetApplicationService.deleteTimesheet(java.lang.Long,java.lang.Long); target is of class [com.usyd.catams.application.TimesheetApplicationService]
16:06:45.959 [main] WARN  c.u.c.e.GlobalExceptionHandler - Illegal argument exception: Cannot delete timesheet with status: APPROVED_BY_LECTURER_AND_TUTOR. Only DRAFT timesheets can be deleted.
16:06:45.973 [main] INFO  o.a.coyote.http11.Http11NioProtocol - Stopping ProtocolHandler ["http-nio-auto-24-52735"]
16:06:45.980 [main] INFO  o.s.o.j.LocalContainerEntityManagerFactoryBean - Closing JPA EntityManagerFactory for persistence unit 'default'
16:06:46.022 [main] INFO  com.zaxxer.hikari.HikariDataSource - HikariPool-26 - Shutdown initiated...
16:06:46.025 [main] INFO  com.zaxxer.hikari.HikariDataSource - HikariPool-26 - Shutdown completed.
]]></system-out>
  </testcase>
  <testcase name="testLecturerCanDeleteDraftTimesheet" classname="com.usyd.catams.integration.TimesheetUpdateDeleteIntegrationTest" time="0.452">
    <system-out><![CDATA[16:06:46.032 [main] INFO  o.s.b.d.r.RestartApplicationListener - Restart disabled due to context in which it is running

  .   ____          _            __ _ _
 /\\ / ___'_ __ _ _(_)_ __  __ _ \ \ \ \
( ( )\___ | '_ | '_| | '_ \/ _` | \ \ \ \
 \\/  ___)| |_)| | | | | || (_| |  ) ) ) )
  '  |____| .__|_| |_|_| |_\__, | / / / /
 =========|_|==============|___/=/_/_/_/
 :: Spring Boot ::                (v3.2.0)

16:06:46.058 [main] INFO  c.u.c.i.TimesheetUpdateDeleteIntegrationTest - Starting TimesheetUpdateDeleteIntegrationTest using Java 21.0.8 with PID 43568 (started by k7407 in E:\Code\Casual-Academic-Time-Allocation-Management-System)
16:06:46.058 [main] DEBUG c.u.c.i.TimesheetUpdateDeleteIntegrationTest - Running with Spring Boot v3.2.0, Spring v6.1.1
16:06:46.058 [main] INFO  c.u.c.i.TimesheetUpdateDeleteIntegrationTest - The following 1 profile is active: "integration-test"
16:06:46.321 [main] INFO  o.s.d.r.c.RepositoryConfigurationDelegate - Bootstrapping Spring Data JPA repositories in DEFAULT mode.
16:06:46.345 [main] INFO  o.s.d.r.c.RepositoryConfigurationDelegate - Finished Spring Data repository scanning in 23 ms. Found 3 JPA repository interfaces.
16:06:46.478 [main] INFO  o.s.b.w.e.tomcat.TomcatWebServer - Tomcat initialized with port 0 (http)
16:06:46.479 [main] INFO  o.a.coyote.http11.Http11NioProtocol - Initializing ProtocolHandler ["http-nio-auto-25"]
16:06:46.479 [main] INFO  o.a.catalina.core.StandardService - Starting service [Tomcat]
16:06:46.480 [main] INFO  o.a.catalina.core.StandardEngine - Starting Servlet engine: [Apache Tomcat/10.1.16]
16:06:46.515 [main] INFO  o.a.c.c.C.[.[localhost].[/api] - Initializing Spring embedded WebApplicationContext
16:06:46.515 [main] INFO  o.s.b.w.s.c.ServletWebServerApplicationContext - Root WebApplicationContext: initialization completed in 456 ms
16:06:46.659 [main] INFO  o.h.jpa.internal.util.LogHelper - HHH000204: Processing PersistenceUnitInfo [name: default]
16:06:46.662 [main] INFO  o.h.c.i.RegionFactoryInitiator - HHH000026: Second-level cache disabled
16:06:46.666 [main] INFO  o.s.o.j.p.SpringPersistenceUnitInfo - No LoadTimeWeaver setup: ignoring JPA class transformer
16:06:46.667 [main] INFO  com.zaxxer.hikari.HikariDataSource - HikariPool-27 - Starting...
16:06:46.687 [main] INFO  com.zaxxer.hikari.pool.HikariPool - HikariPool-27 - Added connection org.postgresql.jdbc.PgConnection@6d1103ac
16:06:46.687 [main] INFO  com.zaxxer.hikari.HikariDataSource - HikariPool-27 - Start completed.
16:06:46.691 [main] WARN  org.hibernate.orm.deprecation - HHH90000025: PostgreSQLDialect does not need to be specified explicitly using 'hibernate.dialect' (remove the property setting and it will be selected by default)
16:06:46.792 [main] INFO  o.h.e.t.j.p.i.JtaPlatformInitiator - HHH000489: No JTA platform available (set 'hibernate.transaction.jta.platform' to enable JTA platform integration)
16:06:46.794 [main] WARN  o.h.e.jdbc.spi.SqlExceptionHelper - SQL Warning Code: 0, SQLState: 00000
16:06:46.794 [main] WARN  o.h.e.jdbc.spi.SqlExceptionHelper - table "approvals" does not exist, skipping
16:06:46.796 [main] WARN  o.h.e.jdbc.spi.SqlExceptionHelper - SQL Warning Code: 0, SQLState: 00000
16:06:46.796 [main] WARN  o.h.e.jdbc.spi.SqlExceptionHelper - table "courses" does not exist, skipping
16:06:46.797 [main] WARN  o.h.e.jdbc.spi.SqlExceptionHelper - SQL Warning Code: 0, SQLState: 00000
16:06:46.797 [main] WARN  o.h.e.jdbc.spi.SqlExceptionHelper - table "timesheets" does not exist, skipping
16:06:46.799 [main] WARN  o.h.e.jdbc.spi.SqlExceptionHelper - SQL Warning Code: 0, SQLState: 00000
16:06:46.799 [main] WARN  o.h.e.jdbc.spi.SqlExceptionHelper - table "users" does not exist, skipping
16:06:46.907 [main] INFO  o.s.o.j.LocalContainerEntityManagerFactoryBean - Initialized JPA EntityManagerFactory for persistence unit 'default'
16:06:46.994 [main] DEBUG c.u.c.s.JwtAuthenticationFilter - Filter 'jwtAuthenticationFilter' configured for use
16:06:47.226 [main] WARN  o.s.b.a.s.s.UserDetailsServiceAutoConfiguration - 

Using generated security password: 158ae133-452c-4523-b492-f89fa0dc4545

This generated password is for development use only. Your security configuration must be updated before running your application in production.

16:06:47.460 [main] INFO  o.s.b.a.e.web.EndpointLinksResolver - Exposing 3 endpoint(s) beneath base path '/actuator'
16:06:47.526 [main] INFO  o.s.s.web.DefaultSecurityFilterChain - Will secure any request with [org.springframework.security.web.session.DisableEncodeUrlFilter@18da229f, org.springframework.security.web.context.request.async.WebAsyncManagerIntegrationFilter@7f44d902, org.springframework.security.web.context.SecurityContextHolderFilter@7a7a3995, org.springframework.security.web.header.HeaderWriterFilter@69297e17, org.springframework.web.filter.CorsFilter@dfbfcaf, org.springframework.security.web.authentication.logout.LogoutFilter@12be5077, com.usyd.catams.security.JwtAuthenticationFilter@42b1741a, org.springframework.security.web.savedrequest.RequestCacheAwareFilter@77693407, org.springframework.security.web.servletapi.SecurityContextHolderAwareRequestFilter@43fd1495, org.springframework.security.web.authentication.AnonymousAuthenticationFilter@4d88c5d, org.springframework.security.web.session.SessionManagementFilter@101fadd1, org.springframework.security.web.access.ExceptionTranslationFilter@379ca4a4, org.springframework.security.web.access.intercept.AuthorizationFilter@7c72e371]
16:06:47.769 [main] DEBUG c.u.c.s.JwtAuthenticationFilter - Filter 'jwtAuthenticationFilter' configured for use
16:06:47.770 [main] INFO  o.a.c.c.C.[.[localhost].[/api] - Initializing Spring TestDispatcherServlet ''
16:06:47.770 [main] INFO  o.s.t.w.s.TestDispatcherServlet - Initializing Servlet ''
16:06:47.771 [main] INFO  o.s.t.w.s.TestDispatcherServlet - Completed initialization in 1 ms
16:06:47.799 [main] INFO  o.a.coyote.http11.Http11NioProtocol - Starting ProtocolHandler ["http-nio-auto-25"]
16:06:47.804 [main] INFO  o.s.b.w.e.tomcat.TomcatWebServer - Tomcat started on port 52747 (http) with context path '/api'
16:06:47.809 [main] INFO  c.u.c.i.TimesheetUpdateDeleteIntegrationTest - Started TimesheetUpdateDeleteIntegrationTest in 1.776 seconds (process running for 104.919)
16:06:48.131 [main] DEBUG o.s.security.web.FilterChainProxy - Securing DELETE /api/timesheets/1
16:06:48.142 [main] DEBUG c.u.c.s.JwtAuthenticationFilter - JWT authentication successful for user: lecturer@university.edu with role: LECTURER
16:06:48.142 [main] WARN  o.s.w.s.h.HandlerMappingIntrospector - Cache miss for REQUEST dispatch to '/api/timesheets/1' (previous null). Performing MatchableHandlerMapping lookup. This is logged once only at WARN level, and every time at TRACE.
16:06:48.144 [main] DEBUG o.s.security.web.FilterChainProxy - Secured DELETE /api/timesheets/1
16:06:48.146 [main] DEBUG o.s.s.a.m.AuthorizationManagerBeforeMethodInterceptor - Authorizing method invocation ReflectiveMethodInvocation: public org.springframework.http.ResponseEntity com.usyd.catams.controller.TimesheetController.deleteTimesheet(java.lang.Long,org.springframework.security.core.Authentication); target is of class [com.usyd.catams.controller.TimesheetController]
16:06:48.148 [main] DEBUG o.s.s.a.m.AuthorizationManagerBeforeMethodInterceptor - Authorized method invocation ReflectiveMethodInvocation: public org.springframework.http.ResponseEntity com.usyd.catams.controller.TimesheetController.deleteTimesheet(java.lang.Long,org.springframework.security.core.Authentication); target is of class [com.usyd.catams.controller.TimesheetController]
16:06:48.165 [main] DEBUG o.s.s.a.m.AuthorizationManagerBeforeMethodInterceptor - Authorizing method invocation ReflectiveMethodInvocation: public void com.usyd.catams.application.TimesheetApplicationService.deleteTimesheet(java.lang.Long,java.lang.Long); target is of class [com.usyd.catams.application.TimesheetApplicationService]
16:06:48.180 [main] DEBUG o.s.s.a.m.AuthorizationManagerBeforeMethodInterceptor - Authorized method invocation ReflectiveMethodInvocation: public void com.usyd.catams.application.TimesheetApplicationService.deleteTimesheet(java.lang.Long,java.lang.Long); target is of class [com.usyd.catams.application.TimesheetApplicationService]
16:06:48.208 [main] INFO  o.a.coyote.http11.Http11NioProtocol - Stopping ProtocolHandler ["http-nio-auto-25-52747"]
16:06:48.216 [main] INFO  o.s.o.j.LocalContainerEntityManagerFactoryBean - Closing JPA EntityManagerFactory for persistence unit 'default'
16:06:48.260 [main] INFO  com.zaxxer.hikari.HikariDataSource - HikariPool-27 - Shutdown initiated...
16:06:48.263 [main] INFO  com.zaxxer.hikari.HikariDataSource - HikariPool-27 - Shutdown completed.
]]></system-out>
  </testcase>
</testsuite>